[0.120s] Invoking command in '/home/auro/Auro/build/assessment_interfaces': CMAKE_PREFIX_PATH=${CMAKE_PREFIX_PATH}:/home/auro/turtlebot3_ws/install/turtlebot3_teleop:/home/auro/turtlebot3_ws/install/turtlebot3_example:/opt/ros/humble /usr/bin/cmake --build /home/auro/Auro/build/assessment_interfaces -- -j4 -l4
[0.836s] -- Found ament_cmake: 1.3.10 (/opt/ros/humble/share/ament_cmake/cmake)
[0.836s] -- Override CMake install command with custom implementation using symlinks instead of copying resources
[0.879s] -- Found rosidl_default_generators: 1.2.0 (/opt/ros/humble/share/rosidl_default_generators/cmake)
[0.897s] -- Using all available rosidl_typesupport_c: rosidl_typesupport_fastrtps_c;rosidl_typesupport_introspection_c
[0.927s] -- Found rosidl_adapter: 3.1.5 (/opt/ros/humble/share/rosidl_adapter/cmake)
[1.093s] -- Using all available rosidl_typesupport_cpp: rosidl_typesupport_fastrtps_cpp;rosidl_typesupport_introspection_cpp
[1.906s] -- Found ament_cmake_ros: 0.10.0 (/opt/ros/humble/share/ament_cmake_ros/cmake)
[2.544s] -- Using all available rosidl_typesupport_c: rosidl_typesupport_fastrtps_c;rosidl_typesupport_introspection_c
[3.303s] -- Using all available rosidl_typesupport_cpp: rosidl_typesupport_fastrtps_cpp;rosidl_typesupport_introspection_cpp
[3.407s] -- Found python_cmake_module: 0.10.0 (/opt/ros/humble/share/python_cmake_module/cmake)
[3.492s] -- Using PYTHON_EXECUTABLE: /usr/bin/python3
[3.492s] -- Using PYTHON_INCLUDE_DIRS: /usr/include/python3.10
[3.500s] -- Using PYTHON_LIBRARIES: /usr/lib/x86_64-linux-gnu/libpython3.10.so
[3.543s] -- Found ament_lint_auto: 0.12.11 (/opt/ros/humble/share/ament_lint_auto/cmake)
[3.575s] -- Added test 'lint_cmake' to check CMake code style
[3.581s] -- Added test 'xmllint' to check XML markup files
[3.596s] -- Configuring done
[3.683s] -- Generating done
[3.689s] -- Build files have been written to: /home/auro/Auro/build/assessment_interfaces
[3.780s] [  1%] Built target assessment_interfaces__cpp
[3.815s] [  1%] Built target ament_cmake_python_symlink_assessment_interfaces
[3.846s] [35m[1mConsolidate compiler generated dependencies of target assessment_interfaces__rosidl_typesupport_fastrtps_cpp[0m
[3.873s] [  2%] [32mBuilding CXX object CMakeFiles/assessment_interfaces__rosidl_typesupport_fastrtps_cpp.dir/rosidl_typesupport_fastrtps_cpp/assessment_interfaces/msg/detail/dds_fastrtps/item_log__type_support.cpp.o[0m
[4.367s] [  3%] [32mBuilding CXX object CMakeFiles/assessment_interfaces__rosidl_typesupport_fastrtps_cpp.dir/rosidl_typesupport_fastrtps_cpp/assessment_interfaces/msg/detail/dds_fastrtps/item_holder__type_support.cpp.o[0m
[4.908s] [  4%] [32mBuilding CXX object CMakeFiles/assessment_interfaces__rosidl_typesupport_fastrtps_cpp.dir/rosidl_typesupport_fastrtps_cpp/assessment_interfaces/msg/detail/dds_fastrtps/item_holders__type_support.cpp.o[0m
[5.434s] [  5%] [32mBuilding CXX object CMakeFiles/assessment_interfaces__rosidl_typesupport_fastrtps_cpp.dir/rosidl_typesupport_fastrtps_cpp/assessment_interfaces/msg/detail/dds_fastrtps/item__type_support.cpp.o[0m
[5.921s] [  6%] [32mBuilding CXX object CMakeFiles/assessment_interfaces__rosidl_typesupport_fastrtps_cpp.dir/rosidl_typesupport_fastrtps_cpp/assessment_interfaces/msg/detail/dds_fastrtps/item_list__type_support.cpp.o[0m
[6.475s] [  7%] [32mBuilding CXX object CMakeFiles/assessment_interfaces__rosidl_typesupport_fastrtps_cpp.dir/rosidl_typesupport_fastrtps_cpp/assessment_interfaces/msg/detail/dds_fastrtps/zone__type_support.cpp.o[0m
[6.956s] [  8%] [32mBuilding CXX object CMakeFiles/assessment_interfaces__rosidl_typesupport_fastrtps_cpp.dir/rosidl_typesupport_fastrtps_cpp/assessment_interfaces/msg/detail/dds_fastrtps/zone_list__type_support.cpp.o[0m
[7.524s] [  9%] [32mBuilding CXX object CMakeFiles/assessment_interfaces__rosidl_typesupport_fastrtps_cpp.dir/rosidl_typesupport_fastrtps_cpp/assessment_interfaces/msg/detail/dds_fastrtps/robot__type_support.cpp.o[0m
[8.064s] [ 10%] [32mBuilding CXX object CMakeFiles/assessment_interfaces__rosidl_typesupport_fastrtps_cpp.dir/rosidl_typesupport_fastrtps_cpp/assessment_interfaces/msg/detail/dds_fastrtps/robot_list__type_support.cpp.o[0m
[8.620s] [ 11%] [32m[1mLinking CXX shared library libassessment_interfaces__rosidl_typesupport_fastrtps_cpp.so[0m
[8.884s] [ 12%] Built target assessment_interfaces__rosidl_typesupport_fastrtps_cpp
[8.906s] [35m[1mConsolidate compiler generated dependencies of target assessment_interfaces__rosidl_typesupport_introspection_cpp[0m
[8.944s] [ 13%] [32mBuilding CXX object CMakeFiles/assessment_interfaces__rosidl_typesupport_introspection_cpp.dir/rosidl_typesupport_introspection_cpp/assessment_interfaces/msg/detail/item_log__type_support.cpp.o[0m
[9.453s] [ 14%] [32mBuilding CXX object CMakeFiles/assessment_interfaces__rosidl_typesupport_introspection_cpp.dir/rosidl_typesupport_introspection_cpp/assessment_interfaces/msg/detail/item_holder__type_support.cpp.o[0m
[9.947s] [ 15%] [32mBuilding CXX object CMakeFiles/assessment_interfaces__rosidl_typesupport_introspection_cpp.dir/rosidl_typesupport_introspection_cpp/assessment_interfaces/msg/detail/item_holders__type_support.cpp.o[0m
[10.494s] [ 16%] [32mBuilding CXX object CMakeFiles/assessment_interfaces__rosidl_typesupport_introspection_cpp.dir/rosidl_typesupport_introspection_cpp/assessment_interfaces/msg/detail/item__type_support.cpp.o[0m
[10.966s] [ 17%] [32mBuilding CXX object CMakeFiles/assessment_interfaces__rosidl_typesupport_introspection_cpp.dir/rosidl_typesupport_introspection_cpp/assessment_interfaces/msg/detail/item_list__type_support.cpp.o[0m
[11.474s] [ 18%] [32mBuilding CXX object CMakeFiles/assessment_interfaces__rosidl_typesupport_introspection_cpp.dir/rosidl_typesupport_introspection_cpp/assessment_interfaces/msg/detail/zone__type_support.cpp.o[0m
[11.932s] [ 20%] [32mBuilding CXX object CMakeFiles/assessment_interfaces__rosidl_typesupport_introspection_cpp.dir/rosidl_typesupport_introspection_cpp/assessment_interfaces/msg/detail/zone_list__type_support.cpp.o[0m
[12.435s] [ 21%] [32mBuilding CXX object CMakeFiles/assessment_interfaces__rosidl_typesupport_introspection_cpp.dir/rosidl_typesupport_introspection_cpp/assessment_interfaces/msg/detail/robot__type_support.cpp.o[0m
[12.966s] [ 22%] [32mBuilding CXX object CMakeFiles/assessment_interfaces__rosidl_typesupport_introspection_cpp.dir/rosidl_typesupport_introspection_cpp/assessment_interfaces/msg/detail/robot_list__type_support.cpp.o[0m
[13.533s] [ 23%] [32m[1mLinking CXX shared library libassessment_interfaces__rosidl_typesupport_introspection_cpp.so[0m
[13.748s] [ 24%] Built target assessment_interfaces__rosidl_typesupport_introspection_cpp
[14.146s] running egg_info
[14.162s] writing assessment_interfaces.egg-info/PKG-INFO
[14.162s] writing dependency_links to assessment_interfaces.egg-info/dependency_links.txt
[14.162s] writing top-level names to assessment_interfaces.egg-info/top_level.txt
[14.162s] reading manifest file 'assessment_interfaces.egg-info/SOURCES.txt'
[14.162s] writing manifest file 'assessment_interfaces.egg-info/SOURCES.txt'
[14.207s] [ 24%] Built target ament_cmake_python_build_assessment_interfaces_egg
[14.231s] [35m[1mConsolidate compiler generated dependencies of target assessment_interfaces__rosidl_typesupport_cpp[0m
[14.280s] [ 25%] [32mBuilding CXX object CMakeFiles/assessment_interfaces__rosidl_typesupport_cpp.dir/rosidl_typesupport_cpp/assessment_interfaces/msg/item_log__type_support.cpp.o[0m
[14.620s] [ 26%] [32mBuilding CXX object CMakeFiles/assessment_interfaces__rosidl_typesupport_cpp.dir/rosidl_typesupport_cpp/assessment_interfaces/msg/item_holders__type_support.cpp.o[0m
[14.945s] [ 27%] [32mBuilding CXX object CMakeFiles/assessment_interfaces__rosidl_typesupport_cpp.dir/rosidl_typesupport_cpp/assessment_interfaces/msg/item__type_support.cpp.o[0m
[15.327s] [ 28%] [32mBuilding CXX object CMakeFiles/assessment_interfaces__rosidl_typesupport_cpp.dir/rosidl_typesupport_cpp/assessment_interfaces/msg/item_list__type_support.cpp.o[0m
[15.671s] [ 29%] [32mBuilding CXX object CMakeFiles/assessment_interfaces__rosidl_typesupport_cpp.dir/rosidl_typesupport_cpp/assessment_interfaces/msg/zone__type_support.cpp.o[0m
[16.004s] [ 30%] [32mBuilding CXX object CMakeFiles/assessment_interfaces__rosidl_typesupport_cpp.dir/rosidl_typesupport_cpp/assessment_interfaces/msg/zone_list__type_support.cpp.o[0m
[16.351s] [ 31%] [32mBuilding CXX object CMakeFiles/assessment_interfaces__rosidl_typesupport_cpp.dir/rosidl_typesupport_cpp/assessment_interfaces/msg/robot__type_support.cpp.o[0m
[16.707s] [ 32%] [32mBuilding CXX object CMakeFiles/assessment_interfaces__rosidl_typesupport_cpp.dir/rosidl_typesupport_cpp/assessment_interfaces/msg/robot_list__type_support.cpp.o[0m
[17.136s] [ 33%] [32mBuilding CXX object CMakeFiles/assessment_interfaces__rosidl_typesupport_cpp.dir/rosidl_typesupport_cpp/assessment_interfaces/msg/item_holder__type_support.cpp.o[0m
[17.483s] [ 34%] [32m[1mLinking CXX shared library libassessment_interfaces__rosidl_typesupport_cpp.so[0m
[17.620s] [ 35%] Built target assessment_interfaces__rosidl_typesupport_cpp
[17.651s] [35m[1mConsolidate compiler generated dependencies of target assessment_interfaces__rosidl_generator_c[0m
[17.681s] [ 36%] [32mBuilding C object CMakeFiles/assessment_interfaces__rosidl_generator_c.dir/rosidl_generator_c/assessment_interfaces/msg/detail/item_log__functions.c.o[0m
[17.750s] [ 37%] [32mBuilding C object CMakeFiles/assessment_interfaces__rosidl_generator_c.dir/rosidl_generator_c/assessment_interfaces/msg/detail/item__functions.c.o[0m
[17.821s] [ 38%] [32mBuilding C object CMakeFiles/assessment_interfaces__rosidl_generator_c.dir/rosidl_generator_c/assessment_interfaces/msg/detail/item_list__functions.c.o[0m
[17.887s] [ 40%] [32mBuilding C object CMakeFiles/assessment_interfaces__rosidl_generator_c.dir/rosidl_generator_c/assessment_interfaces/msg/detail/zone__functions.c.o[0m
[17.961s] [ 41%] [32mBuilding C object CMakeFiles/assessment_interfaces__rosidl_generator_c.dir/rosidl_generator_c/assessment_interfaces/msg/detail/zone_list__functions.c.o[0m
[18.137s] [ 42%] [32mBuilding C object CMakeFiles/assessment_interfaces__rosidl_generator_c.dir/rosidl_generator_c/assessment_interfaces/msg/detail/robot__functions.c.o[0m
[18.216s] [ 43%] [32mBuilding C object CMakeFiles/assessment_interfaces__rosidl_generator_c.dir/rosidl_generator_c/assessment_interfaces/msg/detail/robot_list__functions.c.o[0m
[18.285s] [ 44%] [32mBuilding C object CMakeFiles/assessment_interfaces__rosidl_generator_c.dir/rosidl_generator_c/assessment_interfaces/msg/detail/item_holders__functions.c.o[0m
[18.357s] [ 45%] [32mBuilding C object CMakeFiles/assessment_interfaces__rosidl_generator_c.dir/rosidl_generator_c/assessment_interfaces/msg/detail/item_holder__functions.c.o[0m
[18.429s] [ 46%] [32m[1mLinking C shared library libassessment_interfaces__rosidl_generator_c.so[0m
[18.519s] [ 47%] Built target assessment_interfaces__rosidl_generator_c
[18.541s] [35m[1mConsolidate compiler generated dependencies of target assessment_interfaces__rosidl_typesupport_fastrtps_c[0m
[18.568s] [ 48%] [32mBuilding CXX object CMakeFiles/assessment_interfaces__rosidl_typesupport_fastrtps_c.dir/rosidl_typesupport_fastrtps_c/assessment_interfaces/msg/detail/item_log__type_support_c.cpp.o[0m
[18.997s] [ 49%] [32mBuilding CXX object CMakeFiles/assessment_interfaces__rosidl_typesupport_fastrtps_c.dir/rosidl_typesupport_fastrtps_c/assessment_interfaces/msg/detail/item_holder__type_support_c.cpp.o[0m
[19.443s] [ 50%] [32mBuilding CXX object CMakeFiles/assessment_interfaces__rosidl_typesupport_fastrtps_c.dir/rosidl_typesupport_fastrtps_c/assessment_interfaces/msg/detail/item_holders__type_support_c.cpp.o[0m
[19.897s] [ 51%] [32mBuilding CXX object CMakeFiles/assessment_interfaces__rosidl_typesupport_fastrtps_c.dir/rosidl_typesupport_fastrtps_c/assessment_interfaces/msg/detail/item__type_support_c.cpp.o[0m
[20.339s] [ 52%] [32mBuilding CXX object CMakeFiles/assessment_interfaces__rosidl_typesupport_fastrtps_c.dir/rosidl_typesupport_fastrtps_c/assessment_interfaces/msg/detail/item_list__type_support_c.cpp.o[0m
[20.827s] [ 53%] [32mBuilding CXX object CMakeFiles/assessment_interfaces__rosidl_typesupport_fastrtps_c.dir/rosidl_typesupport_fastrtps_c/assessment_interfaces/msg/detail/zone__type_support_c.cpp.o[0m
[21.279s] [ 54%] [32mBuilding CXX object CMakeFiles/assessment_interfaces__rosidl_typesupport_fastrtps_c.dir/rosidl_typesupport_fastrtps_c/assessment_interfaces/msg/detail/zone_list__type_support_c.cpp.o[0m
[21.714s] [ 55%] [32mBuilding CXX object CMakeFiles/assessment_interfaces__rosidl_typesupport_fastrtps_c.dir/rosidl_typesupport_fastrtps_c/assessment_interfaces/msg/detail/robot__type_support_c.cpp.o[0m
[22.138s] [ 56%] [32mBuilding CXX object CMakeFiles/assessment_interfaces__rosidl_typesupport_fastrtps_c.dir/rosidl_typesupport_fastrtps_c/assessment_interfaces/msg/detail/robot_list__type_support_c.cpp.o[0m
[22.665s] [ 57%] [32m[1mLinking CXX shared library libassessment_interfaces__rosidl_typesupport_fastrtps_c.so[0m
[23.008s] [ 58%] Built target assessment_interfaces__rosidl_typesupport_fastrtps_c
[23.045s] [35m[1mConsolidate compiler generated dependencies of target assessment_interfaces__rosidl_typesupport_c[0m
[23.079s] [ 60%] [32mBuilding CXX object CMakeFiles/assessment_interfaces__rosidl_typesupport_c.dir/rosidl_typesupport_c/assessment_interfaces/msg/item_log__type_support.cpp.o[0m
[23.134s] [ 61%] [32mBuilding CXX object CMakeFiles/assessment_interfaces__rosidl_typesupport_c.dir/rosidl_typesupport_c/assessment_interfaces/msg/item_holders__type_support.cpp.o[0m
[23.230s] [ 62%] [32mBuilding CXX object CMakeFiles/assessment_interfaces__rosidl_typesupport_c.dir/rosidl_typesupport_c/assessment_interfaces/msg/item__type_support.cpp.o[0m
[23.300s] [ 63%] [32mBuilding CXX object CMakeFiles/assessment_interfaces__rosidl_typesupport_c.dir/rosidl_typesupport_c/assessment_interfaces/msg/item_list__type_support.cpp.o[0m
[23.351s] [ 64%] [32mBuilding CXX object CMakeFiles/assessment_interfaces__rosidl_typesupport_c.dir/rosidl_typesupport_c/assessment_interfaces/msg/zone__type_support.cpp.o[0m
[23.406s] [ 65%] [32mBuilding CXX object CMakeFiles/assessment_interfaces__rosidl_typesupport_c.dir/rosidl_typesupport_c/assessment_interfaces/msg/zone_list__type_support.cpp.o[0m
[23.460s] [ 66%] [32mBuilding CXX object CMakeFiles/assessment_interfaces__rosidl_typesupport_c.dir/rosidl_typesupport_c/assessment_interfaces/msg/robot__type_support.cpp.o[0m
[23.507s] [ 67%] [32mBuilding CXX object CMakeFiles/assessment_interfaces__rosidl_typesupport_c.dir/rosidl_typesupport_c/assessment_interfaces/msg/robot_list__type_support.cpp.o[0m
[23.559s] [ 68%] [32mBuilding CXX object CMakeFiles/assessment_interfaces__rosidl_typesupport_c.dir/rosidl_typesupport_c/assessment_interfaces/msg/item_holder__type_support.cpp.o[0m
[23.607s] [ 69%] [32m[1mLinking CXX shared library libassessment_interfaces__rosidl_typesupport_c.so[0m
[23.719s] [ 70%] Built target assessment_interfaces__rosidl_typesupport_c
[23.739s] [35m[1mConsolidate compiler generated dependencies of target assessment_interfaces__rosidl_typesupport_introspection_c[0m
[23.763s] [ 71%] [32mBuilding C object CMakeFiles/assessment_interfaces__rosidl_typesupport_introspection_c.dir/rosidl_typesupport_introspection_c/assessment_interfaces/msg/detail/item_log__type_support.c.o[0m
[23.818s] [ 72%] [32mBuilding C object CMakeFiles/assessment_interfaces__rosidl_typesupport_introspection_c.dir/rosidl_typesupport_introspection_c/assessment_interfaces/msg/detail/item__type_support.c.o[0m
[23.873s] [ 73%] [32mBuilding C object CMakeFiles/assessment_interfaces__rosidl_typesupport_introspection_c.dir/rosidl_typesupport_introspection_c/assessment_interfaces/msg/detail/item_list__type_support.c.o[0m
[23.932s] [ 74%] [32mBuilding C object CMakeFiles/assessment_interfaces__rosidl_typesupport_introspection_c.dir/rosidl_typesupport_introspection_c/assessment_interfaces/msg/detail/zone__type_support.c.o[0m
[23.989s] [ 75%] [32mBuilding C object CMakeFiles/assessment_interfaces__rosidl_typesupport_introspection_c.dir/rosidl_typesupport_introspection_c/assessment_interfaces/msg/detail/zone_list__type_support.c.o[0m
[24.039s] [ 76%] [32mBuilding C object CMakeFiles/assessment_interfaces__rosidl_typesupport_introspection_c.dir/rosidl_typesupport_introspection_c/assessment_interfaces/msg/detail/robot__type_support.c.o[0m
[24.089s] [ 77%] [32mBuilding C object CMakeFiles/assessment_interfaces__rosidl_typesupport_introspection_c.dir/rosidl_typesupport_introspection_c/assessment_interfaces/msg/detail/robot_list__type_support.c.o[0m
[24.140s] [ 78%] [32mBuilding C object CMakeFiles/assessment_interfaces__rosidl_typesupport_introspection_c.dir/rosidl_typesupport_introspection_c/assessment_interfaces/msg/detail/item_holders__type_support.c.o[0m
[24.191s] [ 80%] [32mBuilding C object CMakeFiles/assessment_interfaces__rosidl_typesupport_introspection_c.dir/rosidl_typesupport_introspection_c/assessment_interfaces/msg/detail/item_holder__type_support.c.o[0m
[24.244s] [ 81%] [32m[1mLinking C shared library libassessment_interfaces__rosidl_typesupport_introspection_c.so[0m
[24.291s] [ 82%] Built target assessment_interfaces__rosidl_typesupport_introspection_c
[24.324s] [ 82%] Built target assessment_interfaces
[24.356s] [ 83%] Built target assessment_interfaces__py
[24.385s] [35m[1mConsolidate compiler generated dependencies of target assessment_interfaces__rosidl_generator_py[0m
[24.436s] [ 84%] [32mBuilding C object CMakeFiles/assessment_interfaces__rosidl_generator_py.dir/rosidl_generator_py/assessment_interfaces/msg/_item_log_s.c.o[0m
[24.641s] [ 85%] [32mBuilding C object CMakeFiles/assessment_interfaces__rosidl_generator_py.dir/rosidl_generator_py/assessment_interfaces/msg/_item_s.c.o[0m
[24.785s] [ 86%] [32mBuilding C object CMakeFiles/assessment_interfaces__rosidl_generator_py.dir/rosidl_generator_py/assessment_interfaces/msg/_item_list_s.c.o[0m
[24.963s] [ 87%] [32mBuilding C object CMakeFiles/assessment_interfaces__rosidl_generator_py.dir/rosidl_generator_py/assessment_interfaces/msg/_zone_s.c.o[0m
[25.143s] [ 88%] [32mBuilding C object CMakeFiles/assessment_interfaces__rosidl_generator_py.dir/rosidl_generator_py/assessment_interfaces/msg/_zone_list_s.c.o[0m
[25.313s] [ 89%] [32mBuilding C object CMakeFiles/assessment_interfaces__rosidl_generator_py.dir/rosidl_generator_py/assessment_interfaces/msg/_robot_s.c.o[0m
[25.465s] [ 90%] [32mBuilding C object CMakeFiles/assessment_interfaces__rosidl_generator_py.dir/rosidl_generator_py/assessment_interfaces/msg/_robot_list_s.c.o[0m
[25.636s] [ 91%] [32mBuilding C object CMakeFiles/assessment_interfaces__rosidl_generator_py.dir/rosidl_generator_py/assessment_interfaces/msg/_item_holders_s.c.o[0m
[25.786s] [ 92%] [32mBuilding C object CMakeFiles/assessment_interfaces__rosidl_generator_py.dir/rosidl_generator_py/assessment_interfaces/msg/_item_holder_s.c.o[0m
[25.941s] [ 93%] [32m[1mLinking C shared library rosidl_generator_py/assessment_interfaces/libassessment_interfaces__rosidl_generator_py.so[0m
[26.009s] [ 93%] Built target assessment_interfaces__rosidl_generator_py
[26.028s] [35m[1mConsolidate compiler generated dependencies of target assessment_interfaces__rosidl_typesupport_fastrtps_c__pyext[0m
[26.048s] [ 94%] [32mBuilding C object CMakeFiles/assessment_interfaces__rosidl_typesupport_fastrtps_c__pyext.dir/rosidl_generator_py/assessment_interfaces/_assessment_interfaces_s.ep.rosidl_typesupport_fastrtps_c.c.o[0m
[26.218s] [ 95%] [32m[1mLinking C shared library rosidl_generator_py/assessment_interfaces/assessment_interfaces_s__rosidl_typesupport_fastrtps_c.cpython-310-x86_64-linux-gnu.so[0m
[26.274s] [ 95%] Built target assessment_interfaces__rosidl_typesupport_fastrtps_c__pyext
[26.290s] [35m[1mConsolidate compiler generated dependencies of target assessment_interfaces__rosidl_typesupport_c__pyext[0m
[26.313s] [ 96%] [32mBuilding C object CMakeFiles/assessment_interfaces__rosidl_typesupport_c__pyext.dir/rosidl_generator_py/assessment_interfaces/_assessment_interfaces_s.ep.rosidl_typesupport_c.c.o[0m
[26.512s] [ 97%] [32m[1mLinking C shared library rosidl_generator_py/assessment_interfaces/assessment_interfaces_s__rosidl_typesupport_c.cpython-310-x86_64-linux-gnu.so[0m
[26.559s] [ 97%] Built target assessment_interfaces__rosidl_typesupport_c__pyext
[26.578s] [35m[1mConsolidate compiler generated dependencies of target assessment_interfaces__rosidl_typesupport_introspection_c__pyext[0m
[26.598s] [ 98%] [32mBuilding C object CMakeFiles/assessment_interfaces__rosidl_typesupport_introspection_c__pyext.dir/rosidl_generator_py/assessment_interfaces/_assessment_interfaces_s.ep.rosidl_typesupport_introspection_c.c.o[0m
[26.836s] [100%] [32m[1mLinking C shared library rosidl_generator_py/assessment_interfaces/assessment_interfaces_s__rosidl_typesupport_introspection_c.cpython-310-x86_64-linux-gnu.so[0m
[26.888s] [100%] Built target assessment_interfaces__rosidl_typesupport_introspection_c__pyext
[26.933s] Invoked command in '/home/auro/Auro/build/assessment_interfaces' returned '0': CMAKE_PREFIX_PATH=${CMAKE_PREFIX_PATH}:/home/auro/turtlebot3_ws/install/turtlebot3_teleop:/home/auro/turtlebot3_ws/install/turtlebot3_example:/opt/ros/humble /usr/bin/cmake --build /home/auro/Auro/build/assessment_interfaces -- -j4 -l4
[27.861s] Invoking command in '/home/auro/Auro/build/assessment_interfaces': CMAKE_PREFIX_PATH=${CMAKE_PREFIX_PATH}:/home/auro/turtlebot3_ws/install/turtlebot3_teleop:/home/auro/turtlebot3_ws/install/turtlebot3_example:/opt/ros/humble /usr/bin/cmake --install /home/auro/Auro/build/assessment_interfaces
[27.876s] -- Install configuration: ""
[27.887s] -- Execute custom install script
[27.887s] -- Up-to-date symlink: /home/auro/Auro/install/assessment_interfaces/share/ament_index/resource_index/rosidl_interfaces/assessment_interfaces
[27.887s] -- Up-to-date symlink: /home/auro/Auro/install/assessment_interfaces/include/assessment_interfaces/assessment_interfaces/msg/detail/item__functions.h
[27.887s] -- Up-to-date symlink: /home/auro/Auro/install/assessment_interfaces/include/assessment_interfaces/assessment_interfaces/msg/detail/item__struct.h
[27.887s] -- Up-to-date symlink: /home/auro/Auro/install/assessment_interfaces/include/assessment_interfaces/assessment_interfaces/msg/detail/item__type_support.h
[27.887s] -- Up-to-date symlink: /home/auro/Auro/install/assessment_interfaces/include/assessment_interfaces/assessment_interfaces/msg/detail/item_holder__functions.h
[27.887s] -- Up-to-date symlink: /home/auro/Auro/install/assessment_interfaces/include/assessment_interfaces/assessment_interfaces/msg/detail/item_holder__struct.h
[27.887s] -- Up-to-date symlink: /home/auro/Auro/install/assessment_interfaces/include/assessment_interfaces/assessment_interfaces/msg/detail/item_holder__type_support.h
[27.887s] -- Up-to-date symlink: /home/auro/Auro/install/assessment_interfaces/include/assessment_interfaces/assessment_interfaces/msg/detail/item_holders__functions.h
[27.887s] -- Up-to-date symlink: /home/auro/Auro/install/assessment_interfaces/include/assessment_interfaces/assessment_interfaces/msg/detail/item_holders__struct.h
[27.888s] -- Up-to-date symlink: /home/auro/Auro/install/assessment_interfaces/include/assessment_interfaces/assessment_interfaces/msg/detail/item_holders__type_support.h
[27.888s] -- Up-to-date symlink: /home/auro/Auro/install/assessment_interfaces/include/assessment_interfaces/assessment_interfaces/msg/detail/item_list__functions.h
[27.888s] -- Up-to-date symlink: /home/auro/Auro/install/assessment_interfaces/include/assessment_interfaces/assessment_interfaces/msg/detail/item_list__struct.h
[27.888s] -- Up-to-date symlink: /home/auro/Auro/install/assessment_interfaces/include/assessment_interfaces/assessment_interfaces/msg/detail/item_list__type_support.h
[27.888s] -- Up-to-date symlink: /home/auro/Auro/install/assessment_interfaces/include/assessment_interfaces/assessment_interfaces/msg/detail/item_log__functions.h
[27.888s] -- Up-to-date symlink: /home/auro/Auro/install/assessment_interfaces/include/assessment_interfaces/assessment_interfaces/msg/detail/item_log__struct.h
[27.888s] -- Up-to-date symlink: /home/auro/Auro/install/assessment_interfaces/include/assessment_interfaces/assessment_interfaces/msg/detail/item_log__type_support.h
[27.888s] -- Up-to-date symlink: /home/auro/Auro/install/assessment_interfaces/include/assessment_interfaces/assessment_interfaces/msg/detail/robot__functions.h
[27.888s] -- Up-to-date symlink: /home/auro/Auro/install/assessment_interfaces/include/assessment_interfaces/assessment_interfaces/msg/detail/robot__struct.h
[27.888s] -- Up-to-date symlink: /home/auro/Auro/install/assessment_interfaces/include/assessment_interfaces/assessment_interfaces/msg/detail/robot__type_support.h
[27.888s] -- Up-to-date symlink: /home/auro/Auro/install/assessment_interfaces/include/assessment_interfaces/assessment_interfaces/msg/detail/robot_list__functions.h
[27.888s] -- Up-to-date symlink: /home/auro/Auro/install/assessment_interfaces/include/assessment_interfaces/assessment_interfaces/msg/detail/robot_list__struct.h
[27.888s] -- Up-to-date symlink: /home/auro/Auro/install/assessment_interfaces/include/assessment_interfaces/assessment_interfaces/msg/detail/robot_list__type_support.h
[27.889s] -- Up-to-date symlink: /home/auro/Auro/install/assessment_interfaces/include/assessment_interfaces/assessment_interfaces/msg/detail/zone__functions.h
[27.889s] -- Up-to-date symlink: /home/auro/Auro/install/assessment_interfaces/include/assessment_interfaces/assessment_interfaces/msg/detail/zone__struct.h
[27.889s] -- Up-to-date symlink: /home/auro/Auro/install/assessment_interfaces/include/assessment_interfaces/assessment_interfaces/msg/detail/zone__type_support.h
[27.889s] -- Up-to-date symlink: /home/auro/Auro/install/assessment_interfaces/include/assessment_interfaces/assessment_interfaces/msg/detail/zone_list__functions.h
[27.889s] -- Up-to-date symlink: /home/auro/Auro/install/assessment_interfaces/include/assessment_interfaces/assessment_interfaces/msg/detail/zone_list__struct.h
[27.889s] -- Up-to-date symlink: /home/auro/Auro/install/assessment_interfaces/include/assessment_interfaces/assessment_interfaces/msg/detail/zone_list__type_support.h
[27.889s] -- Up-to-date symlink: /home/auro/Auro/install/assessment_interfaces/include/assessment_interfaces/assessment_interfaces/msg/item.h
[27.889s] -- Up-to-date symlink: /home/auro/Auro/install/assessment_interfaces/include/assessment_interfaces/assessment_interfaces/msg/item_holder.h
[27.889s] -- Up-to-date symlink: /home/auro/Auro/install/assessment_interfaces/include/assessment_interfaces/assessment_interfaces/msg/item_holders.h
[27.889s] -- Up-to-date symlink: /home/auro/Auro/install/assessment_interfaces/include/assessment_interfaces/assessment_interfaces/msg/item_list.h
[27.889s] -- Up-to-date symlink: /home/auro/Auro/install/assessment_interfaces/include/assessment_interfaces/assessment_interfaces/msg/item_log.h
[27.889s] -- Up-to-date symlink: /home/auro/Auro/install/assessment_interfaces/include/assessment_interfaces/assessment_interfaces/msg/robot.h
[27.890s] -- Up-to-date symlink: /home/auro/Auro/install/assessment_interfaces/include/assessment_interfaces/assessment_interfaces/msg/robot_list.h
[27.890s] -- Up-to-date symlink: /home/auro/Auro/install/assessment_interfaces/include/assessment_interfaces/assessment_interfaces/msg/rosidl_generator_c__visibility_control.h
[27.890s] -- Up-to-date symlink: /home/auro/Auro/install/assessment_interfaces/include/assessment_interfaces/assessment_interfaces/msg/zone.h
[27.890s] -- Up-to-date symlink: /home/auro/Auro/install/assessment_interfaces/include/assessment_interfaces/assessment_interfaces/msg/zone_list.h
[27.890s] -- Up-to-date symlink: /home/auro/Auro/install/assessment_interfaces/share/assessment_interfaces/environment/library_path.sh
[27.890s] -- Up-to-date symlink: /home/auro/Auro/install/assessment_interfaces/share/assessment_interfaces/environment/library_path.dsv
[27.890s] -- Up-to-date symlink: /home/auro/Auro/install/assessment_interfaces/include/assessment_interfaces/assessment_interfaces/msg/detail/item__rosidl_typesupport_fastrtps_c.h
[27.890s] -- Up-to-date symlink: /home/auro/Auro/install/assessment_interfaces/include/assessment_interfaces/assessment_interfaces/msg/detail/item_holder__rosidl_typesupport_fastrtps_c.h
[27.890s] -- Up-to-date symlink: /home/auro/Auro/install/assessment_interfaces/include/assessment_interfaces/assessment_interfaces/msg/detail/item_holders__rosidl_typesupport_fastrtps_c.h
[27.905s] -- Up-to-date symlink: /home/auro/Auro/install/assessment_interfaces/include/assessment_interfaces/assessment_interfaces/msg/detail/item_list__rosidl_typesupport_fastrtps_c.h
[27.905s] -- Up-to-date symlink: /home/auro/Auro/install/assessment_interfaces/include/assessment_interfaces/assessment_interfaces/msg/detail/item_log__rosidl_typesupport_fastrtps_c.h
[27.905s] -- Up-to-date symlink: /home/auro/Auro/install/assessment_interfaces/include/assessment_interfaces/assessment_interfaces/msg/detail/robot__rosidl_typesupport_fastrtps_c.h
[27.905s] -- Up-to-date symlink: /home/auro/Auro/install/assessment_interfaces/include/assessment_interfaces/assessment_interfaces/msg/detail/robot_list__rosidl_typesupport_fastrtps_c.h
[27.905s] -- Up-to-date symlink: /home/auro/Auro/install/assessment_interfaces/include/assessment_interfaces/assessment_interfaces/msg/detail/zone__rosidl_typesupport_fastrtps_c.h
[27.906s] -- Up-to-date symlink: /home/auro/Auro/install/assessment_interfaces/include/assessment_interfaces/assessment_interfaces/msg/detail/zone_list__rosidl_typesupport_fastrtps_c.h
[27.906s] -- Up-to-date symlink: /home/auro/Auro/install/assessment_interfaces/include/assessment_interfaces/assessment_interfaces/msg/rosidl_typesupport_fastrtps_c__visibility_control.h
[27.906s] -- Up-to-date symlink: /home/auro/Auro/install/assessment_interfaces/include/assessment_interfaces/assessment_interfaces/msg/detail/item__rosidl_typesupport_introspection_c.h
[27.906s] -- Up-to-date symlink: /home/auro/Auro/install/assessment_interfaces/include/assessment_interfaces/assessment_interfaces/msg/detail/item_holder__rosidl_typesupport_introspection_c.h
[27.906s] -- Up-to-date symlink: /home/auro/Auro/install/assessment_interfaces/include/assessment_interfaces/assessment_interfaces/msg/detail/item_holders__rosidl_typesupport_introspection_c.h
[27.906s] -- Up-to-date symlink: /home/auro/Auro/install/assessment_interfaces/include/assessment_interfaces/assessment_interfaces/msg/detail/item_list__rosidl_typesupport_introspection_c.h
[27.906s] -- Up-to-date symlink: /home/auro/Auro/install/assessment_interfaces/include/assessment_interfaces/assessment_interfaces/msg/detail/item_log__rosidl_typesupport_introspection_c.h
[27.906s] -- Up-to-date symlink: /home/auro/Auro/install/assessment_interfaces/include/assessment_interfaces/assessment_interfaces/msg/detail/robot__rosidl_typesupport_introspection_c.h
[27.906s] -- Up-to-date symlink: /home/auro/Auro/install/assessment_interfaces/include/assessment_interfaces/assessment_interfaces/msg/detail/robot_list__rosidl_typesupport_introspection_c.h
[27.906s] -- Up-to-date symlink: /home/auro/Auro/install/assessment_interfaces/include/assessment_interfaces/assessment_interfaces/msg/detail/zone__rosidl_typesupport_introspection_c.h
[27.906s] -- Up-to-date symlink: /home/auro/Auro/install/assessment_interfaces/include/assessment_interfaces/assessment_interfaces/msg/detail/zone_list__rosidl_typesupport_introspection_c.h
[27.907s] -- Up-to-date symlink: /home/auro/Auro/install/assessment_interfaces/include/assessment_interfaces/assessment_interfaces/msg/rosidl_typesupport_introspection_c__visibility_control.h
[27.907s] -- Up-to-date symlink: /home/auro/Auro/install/assessment_interfaces/include/assessment_interfaces/assessment_interfaces/msg/detail/item__builder.hpp
[27.907s] -- Up-to-date symlink: /home/auro/Auro/install/assessment_interfaces/include/assessment_interfaces/assessment_interfaces/msg/detail/item__struct.hpp
[27.907s] -- Up-to-date symlink: /home/auro/Auro/install/assessment_interfaces/include/assessment_interfaces/assessment_interfaces/msg/detail/item__traits.hpp
[27.907s] -- Up-to-date symlink: /home/auro/Auro/install/assessment_interfaces/include/assessment_interfaces/assessment_interfaces/msg/detail/item_holder__builder.hpp
[27.907s] -- Up-to-date symlink: /home/auro/Auro/install/assessment_interfaces/include/assessment_interfaces/assessment_interfaces/msg/detail/item_holder__struct.hpp
[27.907s] -- Up-to-date symlink: /home/auro/Auro/install/assessment_interfaces/include/assessment_interfaces/assessment_interfaces/msg/detail/item_holder__traits.hpp
[27.907s] -- Up-to-date symlink: /home/auro/Auro/install/assessment_interfaces/include/assessment_interfaces/assessment_interfaces/msg/detail/item_holders__builder.hpp
[27.907s] -- Up-to-date symlink: /home/auro/Auro/install/assessment_interfaces/include/assessment_interfaces/assessment_interfaces/msg/detail/item_holders__struct.hpp
[27.907s] -- Up-to-date symlink: /home/auro/Auro/install/assessment_interfaces/include/assessment_interfaces/assessment_interfaces/msg/detail/item_holders__traits.hpp
[27.907s] -- Up-to-date symlink: /home/auro/Auro/install/assessment_interfaces/include/assessment_interfaces/assessment_interfaces/msg/detail/item_list__builder.hpp
[27.908s] -- Up-to-date symlink: /home/auro/Auro/install/assessment_interfaces/include/assessment_interfaces/assessment_interfaces/msg/detail/item_list__struct.hpp
[27.908s] -- Up-to-date symlink: /home/auro/Auro/install/assessment_interfaces/include/assessment_interfaces/assessment_interfaces/msg/detail/item_list__traits.hpp
[27.908s] -- Up-to-date symlink: /home/auro/Auro/install/assessment_interfaces/include/assessment_interfaces/assessment_interfaces/msg/detail/item_log__builder.hpp
[27.908s] -- Up-to-date symlink: /home/auro/Auro/install/assessment_interfaces/include/assessment_interfaces/assessment_interfaces/msg/detail/item_log__struct.hpp
[27.908s] -- Up-to-date symlink: /home/auro/Auro/install/assessment_interfaces/include/assessment_interfaces/assessment_interfaces/msg/detail/item_log__traits.hpp
[27.908s] -- Up-to-date symlink: /home/auro/Auro/install/assessment_interfaces/include/assessment_interfaces/assessment_interfaces/msg/detail/robot__builder.hpp
[27.908s] -- Up-to-date symlink: /home/auro/Auro/install/assessment_interfaces/include/assessment_interfaces/assessment_interfaces/msg/detail/robot__struct.hpp
[27.908s] -- Up-to-date symlink: /home/auro/Auro/install/assessment_interfaces/include/assessment_interfaces/assessment_interfaces/msg/detail/robot__traits.hpp
[27.908s] -- Up-to-date symlink: /home/auro/Auro/install/assessment_interfaces/include/assessment_interfaces/assessment_interfaces/msg/detail/robot_list__builder.hpp
[27.908s] -- Up-to-date symlink: /home/auro/Auro/install/assessment_interfaces/include/assessment_interfaces/assessment_interfaces/msg/detail/robot_list__struct.hpp
[27.908s] -- Up-to-date symlink: /home/auro/Auro/install/assessment_interfaces/include/assessment_interfaces/assessment_interfaces/msg/detail/robot_list__traits.hpp
[27.908s] -- Up-to-date symlink: /home/auro/Auro/install/assessment_interfaces/include/assessment_interfaces/assessment_interfaces/msg/detail/zone__builder.hpp
[27.909s] -- Up-to-date symlink: /home/auro/Auro/install/assessment_interfaces/include/assessment_interfaces/assessment_interfaces/msg/detail/zone__struct.hpp
[27.909s] -- Up-to-date symlink: /home/auro/Auro/install/assessment_interfaces/include/assessment_interfaces/assessment_interfaces/msg/detail/zone__traits.hpp
[27.909s] -- Up-to-date symlink: /home/auro/Auro/install/assessment_interfaces/include/assessment_interfaces/assessment_interfaces/msg/detail/zone_list__builder.hpp
[27.909s] -- Up-to-date symlink: /home/auro/Auro/install/assessment_interfaces/include/assessment_interfaces/assessment_interfaces/msg/detail/zone_list__struct.hpp
[27.909s] -- Up-to-date symlink: /home/auro/Auro/install/assessment_interfaces/include/assessment_interfaces/assessment_interfaces/msg/detail/zone_list__traits.hpp
[27.909s] -- Up-to-date symlink: /home/auro/Auro/install/assessment_interfaces/include/assessment_interfaces/assessment_interfaces/msg/item.hpp
[27.909s] -- Up-to-date symlink: /home/auro/Auro/install/assessment_interfaces/include/assessment_interfaces/assessment_interfaces/msg/item_holder.hpp
[27.909s] -- Up-to-date symlink: /home/auro/Auro/install/assessment_interfaces/include/assessment_interfaces/assessment_interfaces/msg/item_holders.hpp
[27.909s] -- Up-to-date symlink: /home/auro/Auro/install/assessment_interfaces/include/assessment_interfaces/assessment_interfaces/msg/item_list.hpp
[27.909s] -- Up-to-date symlink: /home/auro/Auro/install/assessment_interfaces/include/assessment_interfaces/assessment_interfaces/msg/item_log.hpp
[27.909s] -- Up-to-date symlink: /home/auro/Auro/install/assessment_interfaces/include/assessment_interfaces/assessment_interfaces/msg/robot.hpp
[27.909s] -- Up-to-date symlink: /home/auro/Auro/install/assessment_interfaces/include/assessment_interfaces/assessment_interfaces/msg/robot_list.hpp
[27.910s] -- Up-to-date symlink: /home/auro/Auro/install/assessment_interfaces/include/assessment_interfaces/assessment_interfaces/msg/zone.hpp
[27.910s] -- Up-to-date symlink: /home/auro/Auro/install/assessment_interfaces/include/assessment_interfaces/assessment_interfaces/msg/zone_list.hpp
[27.910s] -- Up-to-date symlink: /home/auro/Auro/install/assessment_interfaces/include/assessment_interfaces/assessment_interfaces/msg/detail/item__rosidl_typesupport_fastrtps_cpp.hpp
[27.910s] -- Up-to-date symlink: /home/auro/Auro/install/assessment_interfaces/include/assessment_interfaces/assessment_interfaces/msg/detail/item_holder__rosidl_typesupport_fastrtps_cpp.hpp
[27.910s] -- Up-to-date symlink: /home/auro/Auro/install/assessment_interfaces/include/assessment_interfaces/assessment_interfaces/msg/detail/item_holders__rosidl_typesupport_fastrtps_cpp.hpp
[27.910s] -- Up-to-date symlink: /home/auro/Auro/install/assessment_interfaces/include/assessment_interfaces/assessment_interfaces/msg/detail/item_list__rosidl_typesupport_fastrtps_cpp.hpp
[27.910s] -- Up-to-date symlink: /home/auro/Auro/install/assessment_interfaces/include/assessment_interfaces/assessment_interfaces/msg/detail/item_log__rosidl_typesupport_fastrtps_cpp.hpp
[27.910s] -- Up-to-date symlink: /home/auro/Auro/install/assessment_interfaces/include/assessment_interfaces/assessment_interfaces/msg/detail/robot__rosidl_typesupport_fastrtps_cpp.hpp
[27.910s] -- Up-to-date symlink: /home/auro/Auro/install/assessment_interfaces/include/assessment_interfaces/assessment_interfaces/msg/detail/robot_list__rosidl_typesupport_fastrtps_cpp.hpp
[27.910s] -- Up-to-date symlink: /home/auro/Auro/install/assessment_interfaces/include/assessment_interfaces/assessment_interfaces/msg/detail/zone__rosidl_typesupport_fastrtps_cpp.hpp
[27.910s] -- Up-to-date symlink: /home/auro/Auro/install/assessment_interfaces/include/assessment_interfaces/assessment_interfaces/msg/detail/zone_list__rosidl_typesupport_fastrtps_cpp.hpp
[27.910s] -- Up-to-date symlink: /home/auro/Auro/install/assessment_interfaces/include/assessment_interfaces/assessment_interfaces/msg/rosidl_typesupport_fastrtps_cpp__visibility_control.h
[27.910s] -- Up-to-date symlink: /home/auro/Auro/install/assessment_interfaces/include/assessment_interfaces/assessment_interfaces/msg/detail/item__rosidl_typesupport_introspection_cpp.hpp
[27.911s] -- Up-to-date symlink: /home/auro/Auro/install/assessment_interfaces/include/assessment_interfaces/assessment_interfaces/msg/detail/item_holder__rosidl_typesupport_introspection_cpp.hpp
[27.911s] -- Up-to-date symlink: /home/auro/Auro/install/assessment_interfaces/include/assessment_interfaces/assessment_interfaces/msg/detail/item_holders__rosidl_typesupport_introspection_cpp.hpp
[27.911s] -- Up-to-date symlink: /home/auro/Auro/install/assessment_interfaces/include/assessment_interfaces/assessment_interfaces/msg/detail/item_list__rosidl_typesupport_introspection_cpp.hpp
[27.911s] -- Up-to-date symlink: /home/auro/Auro/install/assessment_interfaces/include/assessment_interfaces/assessment_interfaces/msg/detail/item_log__rosidl_typesupport_introspection_cpp.hpp
[27.911s] -- Up-to-date symlink: /home/auro/Auro/install/assessment_interfaces/include/assessment_interfaces/assessment_interfaces/msg/detail/robot__rosidl_typesupport_introspection_cpp.hpp
[27.911s] -- Up-to-date symlink: /home/auro/Auro/install/assessment_interfaces/include/assessment_interfaces/assessment_interfaces/msg/detail/robot_list__rosidl_typesupport_introspection_cpp.hpp
[27.911s] -- Up-to-date symlink: /home/auro/Auro/install/assessment_interfaces/include/assessment_interfaces/assessment_interfaces/msg/detail/zone__rosidl_typesupport_introspection_cpp.hpp
[27.911s] -- Up-to-date symlink: /home/auro/Auro/install/assessment_interfaces/include/assessment_interfaces/assessment_interfaces/msg/detail/zone_list__rosidl_typesupport_introspection_cpp.hpp
[27.911s] -- Up-to-date symlink: /home/auro/Auro/install/assessment_interfaces/share/assessment_interfaces/environment/pythonpath.sh
[27.911s] -- Up-to-date symlink: /home/auro/Auro/install/assessment_interfaces/share/assessment_interfaces/environment/pythonpath.dsv
[27.928s] -- Up-to-date symlink: /home/auro/Auro/install/assessment_interfaces/local/lib/python3.10/dist-packages/assessment_interfaces-0.0.0-py3.10.egg-info/PKG-INFO
[27.928s] -- Up-to-date symlink: /home/auro/Auro/install/assessment_interfaces/local/lib/python3.10/dist-packages/assessment_interfaces-0.0.0-py3.10.egg-info/SOURCES.txt
[27.928s] -- Up-to-date symlink: /home/auro/Auro/install/assessment_interfaces/local/lib/python3.10/dist-packages/assessment_interfaces-0.0.0-py3.10.egg-info/dependency_links.txt
[27.928s] -- Up-to-date symlink: /home/auro/Auro/install/assessment_interfaces/local/lib/python3.10/dist-packages/assessment_interfaces-0.0.0-py3.10.egg-info/top_level.txt
[27.928s] -- Up-to-date symlink: /home/auro/Auro/install/assessment_interfaces/local/lib/python3.10/dist-packages/assessment_interfaces/__init__.py
[27.928s] -- Up-to-date symlink: /home/auro/Auro/install/assessment_interfaces/local/lib/python3.10/dist-packages/assessment_interfaces/_assessment_interfaces_s.ep.rosidl_typesupport_c.c
[27.928s] -- Up-to-date symlink: /home/auro/Auro/install/assessment_interfaces/local/lib/python3.10/dist-packages/assessment_interfaces/_assessment_interfaces_s.ep.rosidl_typesupport_fastrtps_c.c
[27.928s] -- Up-to-date symlink: /home/auro/Auro/install/assessment_interfaces/local/lib/python3.10/dist-packages/assessment_interfaces/_assessment_interfaces_s.ep.rosidl_typesupport_introspection_c.c
[27.928s] -- Up-to-date symlink: /home/auro/Auro/install/assessment_interfaces/local/lib/python3.10/dist-packages/assessment_interfaces/assessment_interfaces_s__rosidl_typesupport_c.cpython-310-x86_64-linux-gnu.so
[27.928s] -- Up-to-date symlink: /home/auro/Auro/install/assessment_interfaces/local/lib/python3.10/dist-packages/assessment_interfaces/assessment_interfaces_s__rosidl_typesupport_fastrtps_c.cpython-310-x86_64-linux-gnu.so
[27.928s] -- Up-to-date symlink: /home/auro/Auro/install/assessment_interfaces/local/lib/python3.10/dist-packages/assessment_interfaces/assessment_interfaces_s__rosidl_typesupport_introspection_c.cpython-310-x86_64-linux-gnu.so
[27.929s] -- Up-to-date symlink: /home/auro/Auro/install/assessment_interfaces/local/lib/python3.10/dist-packages/assessment_interfaces/libassessment_interfaces__rosidl_generator_py.so
[27.929s] -- Up-to-date symlink: /home/auro/Auro/install/assessment_interfaces/local/lib/python3.10/dist-packages/assessment_interfaces/msg/__init__.py
[27.929s] -- Up-to-date symlink: /home/auro/Auro/install/assessment_interfaces/local/lib/python3.10/dist-packages/assessment_interfaces/msg/_item.py
[27.929s] -- Up-to-date symlink: /home/auro/Auro/install/assessment_interfaces/local/lib/python3.10/dist-packages/assessment_interfaces/msg/_item_holder.py
[27.929s] -- Up-to-date symlink: /home/auro/Auro/install/assessment_interfaces/local/lib/python3.10/dist-packages/assessment_interfaces/msg/_item_holder_s.c
[27.929s] -- Up-to-date symlink: /home/auro/Auro/install/assessment_interfaces/local/lib/python3.10/dist-packages/assessment_interfaces/msg/_item_holders.py
[27.929s] -- Up-to-date symlink: /home/auro/Auro/install/assessment_interfaces/local/lib/python3.10/dist-packages/assessment_interfaces/msg/_item_holders_s.c
[27.929s] -- Up-to-date symlink: /home/auro/Auro/install/assessment_interfaces/local/lib/python3.10/dist-packages/assessment_interfaces/msg/_item_list.py
[27.929s] -- Up-to-date symlink: /home/auro/Auro/install/assessment_interfaces/local/lib/python3.10/dist-packages/assessment_interfaces/msg/_item_list_s.c
[27.929s] -- Up-to-date symlink: /home/auro/Auro/install/assessment_interfaces/local/lib/python3.10/dist-packages/assessment_interfaces/msg/_item_log.py
[27.929s] -- Up-to-date symlink: /home/auro/Auro/install/assessment_interfaces/local/lib/python3.10/dist-packages/assessment_interfaces/msg/_item_log_s.c
[27.929s] -- Up-to-date symlink: /home/auro/Auro/install/assessment_interfaces/local/lib/python3.10/dist-packages/assessment_interfaces/msg/_item_s.c
[27.930s] -- Up-to-date symlink: /home/auro/Auro/install/assessment_interfaces/local/lib/python3.10/dist-packages/assessment_interfaces/msg/_robot.py
[27.930s] -- Up-to-date symlink: /home/auro/Auro/install/assessment_interfaces/local/lib/python3.10/dist-packages/assessment_interfaces/msg/_robot_list.py
[27.930s] -- Up-to-date symlink: /home/auro/Auro/install/assessment_interfaces/local/lib/python3.10/dist-packages/assessment_interfaces/msg/_robot_list_s.c
[27.930s] -- Up-to-date symlink: /home/auro/Auro/install/assessment_interfaces/local/lib/python3.10/dist-packages/assessment_interfaces/msg/_robot_s.c
[27.930s] -- Up-to-date symlink: /home/auro/Auro/install/assessment_interfaces/local/lib/python3.10/dist-packages/assessment_interfaces/msg/_zone.py
[27.930s] -- Up-to-date symlink: /home/auro/Auro/install/assessment_interfaces/local/lib/python3.10/dist-packages/assessment_interfaces/msg/_zone_list.py
[27.930s] -- Up-to-date symlink: /home/auro/Auro/install/assessment_interfaces/local/lib/python3.10/dist-packages/assessment_interfaces/msg/_zone_list_s.c
[27.930s] -- Up-to-date symlink: /home/auro/Auro/install/assessment_interfaces/local/lib/python3.10/dist-packages/assessment_interfaces/msg/_zone_s.c
[27.930s] -- Up-to-date symlink: /home/auro/Auro/install/assessment_interfaces/local/lib/python3.10/dist-packages/assessment_interfaces/assessment_interfaces_s__rosidl_typesupport_fastrtps_c.cpython-310-x86_64-linux-gnu.so
[27.930s] -- Up-to-date symlink: /home/auro/Auro/install/assessment_interfaces/local/lib/python3.10/dist-packages/assessment_interfaces/assessment_interfaces_s__rosidl_typesupport_introspection_c.cpython-310-x86_64-linux-gnu.so
[27.930s] -- Up-to-date symlink: /home/auro/Auro/install/assessment_interfaces/local/lib/python3.10/dist-packages/assessment_interfaces/assessment_interfaces_s__rosidl_typesupport_c.cpython-310-x86_64-linux-gnu.so
[27.931s] -- Up-to-date symlink: /home/auro/Auro/install/assessment_interfaces/share/assessment_interfaces/msg/ItemLog.idl
[27.931s] -- Up-to-date symlink: /home/auro/Auro/install/assessment_interfaces/share/assessment_interfaces/msg/ItemHolder.idl
[27.932s] -- Up-to-date symlink: /home/auro/Auro/install/assessment_interfaces/share/assessment_interfaces/msg/ItemHolders.idl
[27.932s] -- Up-to-date symlink: /home/auro/Auro/install/assessment_interfaces/share/assessment_interfaces/msg/Item.idl
[27.932s] -- Up-to-date symlink: /home/auro/Auro/install/assessment_interfaces/share/assessment_interfaces/msg/ItemList.idl
[27.933s] -- Up-to-date symlink: /home/auro/Auro/install/assessment_interfaces/share/assessment_interfaces/msg/Zone.idl
[27.933s] -- Up-to-date symlink: /home/auro/Auro/install/assessment_interfaces/share/assessment_interfaces/msg/ZoneList.idl
[27.934s] -- Up-to-date symlink: /home/auro/Auro/install/assessment_interfaces/share/assessment_interfaces/msg/Robot.idl
[27.934s] -- Up-to-date symlink: /home/auro/Auro/install/assessment_interfaces/share/assessment_interfaces/msg/RobotList.idl
[27.935s] -- Up-to-date symlink: /home/auro/Auro/install/assessment_interfaces/share/assessment_interfaces/msg/ItemLog.msg
[27.935s] -- Up-to-date symlink: /home/auro/Auro/install/assessment_interfaces/share/assessment_interfaces/msg/ItemHolder.msg
[27.935s] -- Up-to-date symlink: /home/auro/Auro/install/assessment_interfaces/share/assessment_interfaces/msg/ItemHolders.msg
[27.936s] -- Up-to-date symlink: /home/auro/Auro/install/assessment_interfaces/share/assessment_interfaces/msg/Item.msg
[27.936s] -- Up-to-date symlink: /home/auro/Auro/install/assessment_interfaces/share/assessment_interfaces/msg/ItemList.msg
[27.937s] -- Up-to-date symlink: /home/auro/Auro/install/assessment_interfaces/share/assessment_interfaces/msg/Zone.msg
[27.937s] -- Up-to-date symlink: /home/auro/Auro/install/assessment_interfaces/share/assessment_interfaces/msg/ZoneList.msg
[27.938s] -- Up-to-date symlink: /home/auro/Auro/install/assessment_interfaces/share/assessment_interfaces/msg/Robot.msg
[27.938s] -- Up-to-date symlink: /home/auro/Auro/install/assessment_interfaces/share/assessment_interfaces/msg/RobotList.msg
[27.938s] -- Up-to-date symlink: /home/auro/Auro/install/assessment_interfaces/share/ament_index/resource_index/package_run_dependencies/assessment_interfaces
[27.939s] -- Up-to-date symlink: /home/auro/Auro/install/assessment_interfaces/share/ament_index/resource_index/parent_prefix_path/assessment_interfaces
[27.939s] -- Up-to-date symlink: /home/auro/Auro/install/assessment_interfaces/share/assessment_interfaces/environment/ament_prefix_path.sh
[27.940s] -- Up-to-date symlink: /home/auro/Auro/install/assessment_interfaces/share/assessment_interfaces/environment/ament_prefix_path.dsv
[27.940s] -- Up-to-date symlink: /home/auro/Auro/install/assessment_interfaces/share/assessment_interfaces/environment/path.sh
[27.941s] -- Up-to-date symlink: /home/auro/Auro/install/assessment_interfaces/share/assessment_interfaces/environment/path.dsv
[27.941s] -- Up-to-date symlink: /home/auro/Auro/install/assessment_interfaces/share/assessment_interfaces/local_setup.bash
[27.942s] -- Up-to-date symlink: /home/auro/Auro/install/assessment_interfaces/share/assessment_interfaces/local_setup.sh
[27.942s] -- Up-to-date symlink: /home/auro/Auro/install/assessment_interfaces/share/assessment_interfaces/local_setup.zsh
[27.943s] -- Up-to-date symlink: /home/auro/Auro/install/assessment_interfaces/share/assessment_interfaces/local_setup.dsv
[27.943s] -- Symlinking: /home/auro/Auro/install/assessment_interfaces/share/assessment_interfaces/package.dsv
[27.957s] -- Up-to-date symlink: /home/auro/Auro/install/assessment_interfaces/share/ament_index/resource_index/packages/assessment_interfaces
[27.958s] -- Up-to-date symlink: /home/auro/Auro/install/assessment_interfaces/share/assessment_interfaces/cmake/rosidl_cmake-extras.cmake
[27.958s] -- Up-to-date symlink: /home/auro/Auro/install/assessment_interfaces/share/assessment_interfaces/cmake/ament_cmake_export_include_directories-extras.cmake
[27.959s] -- Up-to-date symlink: /home/auro/Auro/install/assessment_interfaces/share/assessment_interfaces/cmake/ament_cmake_export_libraries-extras.cmake
[27.959s] -- Up-to-date symlink: /home/auro/Auro/install/assessment_interfaces/share/assessment_interfaces/cmake/ament_cmake_export_targets-extras.cmake
[27.960s] -- Up-to-date symlink: /home/auro/Auro/install/assessment_interfaces/share/assessment_interfaces/cmake/rosidl_cmake_export_typesupport_targets-extras.cmake
[27.960s] -- Up-to-date symlink: /home/auro/Auro/install/assessment_interfaces/share/assessment_interfaces/cmake/ament_cmake_export_dependencies-extras.cmake
[27.960s] -- Up-to-date symlink: /home/auro/Auro/install/assessment_interfaces/share/assessment_interfaces/cmake/rosidl_cmake_export_typesupport_libraries-extras.cmake
[27.961s] -- Up-to-date symlink: /home/auro/Auro/install/assessment_interfaces/share/assessment_interfaces/cmake/assessment_interfacesConfig.cmake
[27.961s] -- Up-to-date symlink: /home/auro/Auro/install/assessment_interfaces/share/assessment_interfaces/cmake/assessment_interfacesConfig-version.cmake
[27.962s] -- Up-to-date symlink: /home/auro/Auro/install/assessment_interfaces/share/assessment_interfaces/package.xml
[27.962s] -- Installing: /home/auro/Auro/install/assessment_interfaces/lib/libassessment_interfaces__rosidl_generator_c.so
[27.963s] -- Set runtime path of "/home/auro/Auro/install/assessment_interfaces/lib/libassessment_interfaces__rosidl_generator_c.so" to ""
[27.964s] -- Installing: /home/auro/Auro/install/assessment_interfaces/lib/libassessment_interfaces__rosidl_typesupport_fastrtps_c.so
[27.965s] -- Set runtime path of "/home/auro/Auro/install/assessment_interfaces/lib/libassessment_interfaces__rosidl_typesupport_fastrtps_c.so" to ""
[27.965s] -- Installing: /home/auro/Auro/install/assessment_interfaces/lib/libassessment_interfaces__rosidl_typesupport_introspection_c.so
[27.966s] -- Set runtime path of "/home/auro/Auro/install/assessment_interfaces/lib/libassessment_interfaces__rosidl_typesupport_introspection_c.so" to ""
[27.966s] -- Installing: /home/auro/Auro/install/assessment_interfaces/lib/libassessment_interfaces__rosidl_typesupport_c.so
[27.968s] -- Set runtime path of "/home/auro/Auro/install/assessment_interfaces/lib/libassessment_interfaces__rosidl_typesupport_c.so" to ""
[27.969s] -- Installing: /home/auro/Auro/install/assessment_interfaces/lib/libassessment_interfaces__rosidl_typesupport_fastrtps_cpp.so
[27.969s] -- Set runtime path of "/home/auro/Auro/install/assessment_interfaces/lib/libassessment_interfaces__rosidl_typesupport_fastrtps_cpp.so" to ""
[27.969s] -- Installing: /home/auro/Auro/install/assessment_interfaces/lib/libassessment_interfaces__rosidl_typesupport_introspection_cpp.so
[27.971s] -- Set runtime path of "/home/auro/Auro/install/assessment_interfaces/lib/libassessment_interfaces__rosidl_typesupport_introspection_cpp.so" to ""
[27.971s] -- Installing: /home/auro/Auro/install/assessment_interfaces/lib/libassessment_interfaces__rosidl_typesupport_cpp.so
[27.972s] -- Set runtime path of "/home/auro/Auro/install/assessment_interfaces/lib/libassessment_interfaces__rosidl_typesupport_cpp.so" to ""
[28.082s] Listing '/home/auro/Auro/install/assessment_interfaces/local/lib/python3.10/dist-packages/assessment_interfaces'...
[28.082s] Compiling '/home/auro/Auro/install/assessment_interfaces/local/lib/python3.10/dist-packages/assessment_interfaces/__init__.py'...
[28.082s] Listing '/home/auro/Auro/install/assessment_interfaces/local/lib/python3.10/dist-packages/assessment_interfaces/msg'...
[28.082s] Compiling '/home/auro/Auro/install/assessment_interfaces/local/lib/python3.10/dist-packages/assessment_interfaces/msg/__init__.py'...
[28.082s] Compiling '/home/auro/Auro/install/assessment_interfaces/local/lib/python3.10/dist-packages/assessment_interfaces/msg/_item.py'...
[28.082s] Compiling '/home/auro/Auro/install/assessment_interfaces/local/lib/python3.10/dist-packages/assessment_interfaces/msg/_item_holder.py'...
[28.082s] Compiling '/home/auro/Auro/install/assessment_interfaces/local/lib/python3.10/dist-packages/assessment_interfaces/msg/_item_holders.py'...
[28.083s] Compiling '/home/auro/Auro/install/assessment_interfaces/local/lib/python3.10/dist-packages/assessment_interfaces/msg/_item_list.py'...
[28.083s] Compiling '/home/auro/Auro/install/assessment_interfaces/local/lib/python3.10/dist-packages/assessment_interfaces/msg/_item_log.py'...
[28.083s] Compiling '/home/auro/Auro/install/assessment_interfaces/local/lib/python3.10/dist-packages/assessment_interfaces/msg/_robot.py'...
[28.083s] Compiling '/home/auro/Auro/install/assessment_interfaces/local/lib/python3.10/dist-packages/assessment_interfaces/msg/_robot_list.py'...
[28.083s] Compiling '/home/auro/Auro/install/assessment_interfaces/local/lib/python3.10/dist-packages/assessment_interfaces/msg/_zone.py'...
[28.084s] Compiling '/home/auro/Auro/install/assessment_interfaces/local/lib/python3.10/dist-packages/assessment_interfaces/msg/_zone_list.py'...
[28.091s] -- Installing: /home/auro/Auro/install/assessment_interfaces/lib/libassessment_interfaces__rosidl_generator_py.so
[28.092s] -- Set runtime path of "/home/auro/Auro/install/assessment_interfaces/lib/libassessment_interfaces__rosidl_generator_py.so" to ""
[28.092s] -- Up-to-date: /home/auro/Auro/install/assessment_interfaces/share/assessment_interfaces/cmake/export_assessment_interfaces__rosidl_generator_cExport.cmake
[28.092s] -- Up-to-date: /home/auro/Auro/install/assessment_interfaces/share/assessment_interfaces/cmake/export_assessment_interfaces__rosidl_generator_cExport-noconfig.cmake
[28.092s] -- Up-to-date: /home/auro/Auro/install/assessment_interfaces/share/assessment_interfaces/cmake/export_assessment_interfaces__rosidl_typesupport_fastrtps_cExport.cmake
[28.092s] -- Up-to-date: /home/auro/Auro/install/assessment_interfaces/share/assessment_interfaces/cmake/export_assessment_interfaces__rosidl_typesupport_fastrtps_cExport-noconfig.cmake
[28.092s] -- Up-to-date: /home/auro/Auro/install/assessment_interfaces/share/assessment_interfaces/cmake/assessment_interfaces__rosidl_typesupport_introspection_cExport.cmake
[28.093s] -- Up-to-date: /home/auro/Auro/install/assessment_interfaces/share/assessment_interfaces/cmake/assessment_interfaces__rosidl_typesupport_introspection_cExport-noconfig.cmake
[28.093s] -- Up-to-date: /home/auro/Auro/install/assessment_interfaces/share/assessment_interfaces/cmake/assessment_interfaces__rosidl_typesupport_cExport.cmake
[28.093s] -- Up-to-date: /home/auro/Auro/install/assessment_interfaces/share/assessment_interfaces/cmake/assessment_interfaces__rosidl_typesupport_cExport-noconfig.cmake
[28.093s] -- Up-to-date: /home/auro/Auro/install/assessment_interfaces/share/assessment_interfaces/cmake/export_assessment_interfaces__rosidl_generator_cppExport.cmake
[28.093s] -- Up-to-date: /home/auro/Auro/install/assessment_interfaces/share/assessment_interfaces/cmake/export_assessment_interfaces__rosidl_typesupport_fastrtps_cppExport.cmake
[28.093s] -- Up-to-date: /home/auro/Auro/install/assessment_interfaces/share/assessment_interfaces/cmake/export_assessment_interfaces__rosidl_typesupport_fastrtps_cppExport-noconfig.cmake
[28.093s] -- Up-to-date: /home/auro/Auro/install/assessment_interfaces/share/assessment_interfaces/cmake/assessment_interfaces__rosidl_typesupport_introspection_cppExport.cmake
[28.093s] -- Up-to-date: /home/auro/Auro/install/assessment_interfaces/share/assessment_interfaces/cmake/assessment_interfaces__rosidl_typesupport_introspection_cppExport-noconfig.cmake
[28.093s] -- Up-to-date: /home/auro/Auro/install/assessment_interfaces/share/assessment_interfaces/cmake/assessment_interfaces__rosidl_typesupport_cppExport.cmake
[28.093s] -- Up-to-date: /home/auro/Auro/install/assessment_interfaces/share/assessment_interfaces/cmake/assessment_interfaces__rosidl_typesupport_cppExport-noconfig.cmake
[28.094s] -- Up-to-date: /home/auro/Auro/install/assessment_interfaces/share/assessment_interfaces/cmake/export_assessment_interfaces__rosidl_generator_pyExport.cmake
[28.094s] -- Up-to-date: /home/auro/Auro/install/assessment_interfaces/share/assessment_interfaces/cmake/export_assessment_interfaces__rosidl_generator_pyExport-noconfig.cmake
[28.110s] Invoked command in '/home/auro/Auro/build/assessment_interfaces' returned '0': CMAKE_PREFIX_PATH=${CMAKE_PREFIX_PATH}:/home/auro/turtlebot3_ws/install/turtlebot3_teleop:/home/auro/turtlebot3_ws/install/turtlebot3_example:/opt/ros/humble /usr/bin/cmake --install /home/auro/Auro/build/assessment_interfaces
