2025-01-10 21:05:59,076 - vision robot2 - INFO - 0
2025-01-10 21:05:59,084 - vision robot2 - INFO - 0
2025-01-10 21:05:59,084 - vision robot2 - INFO - 0
2025-01-10 21:05:59,556 - vision robot2 - INFO - 0
2025-01-10 21:05:59,556 - vision robot2 - INFO - 0
2025-01-10 21:05:59,556 - vision robot2 - INFO - 0
2025-01-10 21:06:00,064 - vision robot2 - INFO - 0
2025-01-10 21:06:00,064 - vision robot2 - INFO - 0
2025-01-10 21:06:00,733 - vision robot2 - INFO - 0
2025-01-10 21:06:00,734 - vision robot2 - INFO - 0
2025-01-10 21:06:01,398 - vision robot2 - INFO - 1
2025-01-10 21:06:01,399 - vision robot2 - INFO - 1
2025-01-10 21:06:01,399 - vision robot2 - INFO - 1
2025-01-10 21:06:01,985 - vision robot2 - INFO - 1
2025-01-10 21:06:01,986 - vision robot2 - INFO - 1
2025-01-10 21:06:02,708 - vision robot2 - INFO - 1
2025-01-10 21:06:02,710 - vision robot2 - INFO - 1
2025-01-10 21:06:03,189 - vision robot2 - INFO - 1
2025-01-10 21:06:03,191 - vision robot2 - INFO - 1
2025-01-10 21:06:03,658 - vision robot2 - INFO - 1
2025-01-10 21:06:03,662 - vision robot2 - INFO - 1
2025-01-10 21:06:04,394 - vision robot2 - INFO - 1
2025-01-10 21:06:04,394 - vision robot2 - INFO - 1
2025-01-10 21:06:04,394 - vision robot2 - INFO - 1
2025-01-10 21:06:04,923 - vision robot2 - INFO - 2
2025-01-10 21:06:04,923 - vision robot2 - INFO - 2
2025-01-10 21:06:05,415 - vision robot2 - INFO - 2
2025-01-10 21:06:05,415 - vision robot2 - INFO - 2
2025-01-10 21:06:05,872 - vision robot2 - INFO - 3
2025-01-10 21:06:05,872 - vision robot2 - INFO - 3
2025-01-10 21:06:06,572 - vision robot2 - INFO - 3
2025-01-10 21:06:06,576 - vision robot2 - INFO - 3
2025-01-10 21:06:07,159 - vision robot2 - INFO - 3
2025-01-10 21:06:07,159 - vision robot2 - INFO - 3
2025-01-10 21:06:07,159 - vision robot2 - INFO - 3
2025-01-10 21:06:07,687 - vision robot2 - INFO - 3
2025-01-10 21:06:07,697 - vision robot2 - INFO - 3
2025-01-10 21:06:08,262 - vision robot2 - INFO - 3
2025-01-10 21:06:08,262 - vision robot2 - INFO - 3
2025-01-10 21:06:08,954 - vision robot2 - INFO - 4
2025-01-10 21:06:08,955 - vision robot2 - INFO - 4
2025-01-10 21:06:09,576 - vision robot2 - INFO - 4
2025-01-10 21:06:09,577 - vision robot2 - INFO - 4
2025-01-10 21:06:10,316 - vision robot2 - INFO - 4
2025-01-10 21:06:10,316 - vision robot2 - INFO - 4
2025-01-10 21:06:10,851 - vision robot2 - INFO - 4
2025-01-10 21:06:10,851 - vision robot2 - INFO - 4
2025-01-10 21:06:11,599 - vision robot2 - INFO - 4
2025-01-10 21:06:11,599 - vision robot2 - INFO - 4
2025-01-10 21:06:12,173 - vision robot2 - INFO - 4
2025-01-10 21:06:12,173 - vision robot2 - INFO - 4
2025-01-10 21:06:12,173 - vision robot2 - INFO - 4
2025-01-10 21:06:12,667 - vision robot2 - INFO - 5
2025-01-10 21:06:12,667 - vision robot2 - INFO - 5
2025-01-10 21:06:13,391 - vision robot2 - INFO - 5
2025-01-10 21:06:13,392 - vision robot2 - INFO - 5
2025-01-10 21:06:13,808 - vision robot2 - INFO - 5
2025-01-10 21:06:13,808 - vision robot2 - INFO - 5
2025-01-10 21:06:14,579 - vision robot2 - INFO - 6
2025-01-10 21:06:14,579 - vision robot2 - INFO - 6
2025-01-10 21:06:15,161 - vision robot2 - INFO - 6
2025-01-10 21:06:15,172 - vision robot2 - INFO - 6
2025-01-10 21:06:15,172 - vision robot2 - INFO - 6
2025-01-10 21:06:15,779 - vision robot2 - INFO - 6
2025-01-10 21:06:15,779 - vision robot2 - INFO - 6
2025-01-10 21:06:16,375 - vision robot2 - INFO - 6
2025-01-10 21:06:16,376 - vision robot2 - INFO - 6
2025-01-10 21:06:17,187 - vision robot2 - INFO - 6
2025-01-10 21:06:17,188 - vision robot2 - INFO - 6
2025-01-10 21:06:17,190 - vision robot2 - INFO - 6
2025-01-10 21:06:17,758 - vision robot2 - INFO - 7
2025-01-10 21:06:17,766 - vision robot2 - INFO - 7
2025-01-10 21:06:17,766 - vision robot2 - INFO - 7
2025-01-10 21:06:18,207 - vision robot2 - INFO - 7
2025-01-10 21:06:18,207 - vision robot2 - INFO - 7
2025-01-10 21:06:19,183 - vision robot2 - INFO - 7
2025-01-10 21:06:19,184 - vision robot2 - INFO - 7
2025-01-10 21:06:19,184 - vision robot2 - INFO - 7
2025-01-10 21:06:20,453 - vision robot2 - INFO - 7
2025-01-10 21:06:20,453 - vision robot2 - INFO - 7
2025-01-10 21:06:21,194 - vision robot2 - INFO - 8
2025-01-10 21:06:21,194 - vision robot2 - INFO - 8
2025-01-10 21:06:22,119 - vision robot2 - INFO - 8
2025-01-10 21:06:22,127 - vision robot2 - INFO - 8
2025-01-10 21:06:22,901 - vision robot2 - INFO - 9
2025-01-10 21:06:22,901 - vision robot2 - INFO - 9
2025-01-10 21:06:23,663 - vision robot2 - INFO - 10
2025-01-10 21:06:23,664 - vision robot2 - INFO - 10
2025-01-10 21:06:24,633 - vision robot2 - INFO - 10
2025-01-10 21:06:24,638 - vision robot2 - INFO - 10
2025-01-10 21:06:25,598 - vision robot2 - INFO - 11
2025-01-10 21:06:25,606 - vision robot2 - INFO - 11
2025-01-10 21:06:25,609 - vision robot2 - INFO - 11
2025-01-10 21:06:27,629 - vision robot2 - INFO - 12
2025-01-10 21:06:27,634 - vision robot2 - INFO - 12
2025-01-10 21:06:27,675 - vision robot2 - INFO - 12
2025-01-10 21:06:28,619 - vision robot2 - INFO - 13
2025-01-10 21:06:28,621 - vision robot2 - INFO - 13
2025-01-10 21:06:28,893 - vision robot2 - INFO - 13
2025-01-10 21:06:28,897 - vision robot2 - INFO - 13
2025-01-10 21:06:29,799 - vision robot2 - INFO - diameter: 40
2025-01-10 21:06:29,799 - vision robot2 - INFO - distance: 2.239
2025-01-10 21:06:29,799 - vision robot2 - INFO - -1.2611616032923174
2025-01-10 21:06:29,799 - vision robot2 - INFO - 0.026900435449495694
2025-01-10 21:06:47,124 - vision robot2 - INFO - Feedback: Current position: (-3.0364155777861486, -0.010046839951786887, 0.009999999999999998)
2025-01-10 21:07:01,989 - vision robot2 - INFO - Feedback: Current position: (-2.5515835886070084, -0.03239838200175309, 0.01)
2025-01-10 21:07:17,892 - vision robot2 - INFO - Feedback: Current position: (-2.0664991346458423, -0.03327042865669949, 0.01)
2025-01-10 21:07:33,771 - vision robot2 - INFO - Feedback: Current position: (-1.5834065550676357, -0.03410190259786476, 0.009999999999999997)
2025-01-10 21:07:38,358 - vision robot2 - INFO - Result: Target Reached
2025-01-10 21:07:58,123 - vision robot2 - INFO - Feedback: Current position: (-1.4010631798537583, 0.20531747348994234, 0.009999999999999998)
2025-01-10 21:08:16,061 - vision robot2 - INFO - Feedback: Current position: (-1.7566896559495921, 0.564019625969652, 0.01)
2025-01-10 21:08:34,215 - vision robot2 - INFO - Feedback: Current position: (-2.1466796427122636, 0.8832333938652083, 0.010000000000000002)
2025-01-10 21:08:49,560 - vision robot2 - INFO - Feedback: Current position: (-2.4950536910434176, 1.250315492493387, 0.010000000000000005)
2025-01-10 21:09:07,630 - vision robot2 - INFO - Feedback: Current position: (-2.8784546051647615, 1.5950522724140899, 0.010000000000000002)
2025-01-10 21:09:25,657 - vision robot2 - INFO - Feedback: Current position: (-3.2116688176451755, 1.9481325331818504, 0.009999999999999998)
2025-01-10 21:09:43,250 - vision robot2 - INFO - Feedback: Current position: (-3.325658012994275, 2.0528434993548057, 0.01)
2025-01-10 21:10:02,177 - vision robot2 - INFO - Feedback: Current position: (-3.37745711196814, 2.0474034485215444, 0.010000000000000004)
2025-01-10 21:10:13,422 - vision robot2 - INFO - Result: Target Reached
2025-01-10 21:10:14,275 - vision robot2 - INFO - dropped off
2025-01-10 21:10:34,152 - vision robot2 - INFO - Feedback: Current position: (-2.9631501229078907, 1.91261532575927, 0.010000000000000002)
2025-01-10 21:10:51,346 - vision robot2 - INFO - Feedback: Current position: (-2.6600407544800104, 1.5395474517822785, 0.010000000000000002)
2025-01-10 21:11:11,499 - vision robot2 - INFO - Feedback: Current position: (-2.3557319179917195, 1.150275051154418, 0.01)
2025-01-10 21:11:31,107 - vision robot2 - INFO - Feedback: Current position: (-2.0950645564136847, 0.7747942091366109, 0.01)
2025-01-10 21:11:50,848 - vision robot2 - INFO - Feedback: Current position: (-1.835259073436937, 0.42961941453926966, 0.010000000000000002)
2025-01-10 21:12:07,061 - vision robot2 - INFO - Feedback: Current position: (-1.5338323123238675, 0.2043591415368578, 0.010000000000000002)
2025-01-10 21:12:25,400 - vision robot2 - INFO - Feedback: Current position: (-1.287117524454259, 0.22035916891771662, 0.01)
2025-01-10 21:12:43,654 - vision robot2 - INFO - Feedback: Current position: (-1.2765819794819744, 0.22119204763297523, 0.010000000000000002)
2025-01-10 21:12:50,308 - vision robot2 - INFO - Result: Target Reached
2025-01-10 21:12:50,585 - vision robot2 - INFO - 0
2025-01-10 21:12:50,586 - vision robot2 - INFO - 0
2025-01-10 21:12:50,586 - vision robot2 - INFO - 0
2025-01-10 21:12:50,586 - vision robot2 - INFO - 0
2025-01-10 21:12:52,173 - vision robot2 - INFO - 0
2025-01-10 21:12:52,178 - vision robot2 - INFO - 0
2025-01-10 21:12:52,186 - vision robot2 - INFO - 0
2025-01-10 21:12:52,187 - vision robot2 - INFO - 0
2025-01-10 21:12:53,437 - vision robot2 - INFO - -1
2025-01-10 21:12:53,442 - vision robot2 - INFO - -1
2025-01-10 21:12:53,442 - vision robot2 - INFO - -1
2025-01-10 21:12:54,821 - vision robot2 - INFO - -2
2025-01-10 21:12:54,821 - vision robot2 - INFO - -2
2025-01-10 21:12:54,821 - vision robot2 - INFO - -2
2025-01-10 21:12:56,569 - vision robot2 - INFO - -3
2025-01-10 21:12:56,569 - vision robot2 - INFO - -3
2025-01-10 21:12:56,570 - vision robot2 - INFO - -3
2025-01-10 21:12:57,823 - vision robot2 - INFO - -4
2025-01-10 21:12:57,823 - vision robot2 - INFO - -4
2025-01-10 21:12:57,823 - vision robot2 - INFO - -4
2025-01-10 21:12:59,039 - vision robot2 - INFO - -5
2025-01-10 21:12:59,040 - vision robot2 - INFO - -5
2025-01-10 21:12:59,040 - vision robot2 - INFO - -5
2025-01-10 21:13:00,296 - vision robot2 - INFO - -6
2025-01-10 21:13:00,296 - vision robot2 - INFO - -6
2025-01-10 21:13:00,296 - vision robot2 - INFO - -6
2025-01-10 21:13:00,297 - vision robot2 - INFO - -6
2025-01-10 21:13:01,523 - vision robot2 - INFO - -6
2025-01-10 21:13:01,536 - vision robot2 - INFO - -6
2025-01-10 21:13:01,554 - vision robot2 - INFO - -6
2025-01-10 21:13:01,565 - vision robot2 - INFO - -6
2025-01-10 21:13:03,025 - vision robot2 - INFO - -7
2025-01-10 21:13:03,025 - vision robot2 - INFO - -7
2025-01-10 21:13:03,025 - vision robot2 - INFO - -7
2025-01-10 21:13:03,025 - vision robot2 - INFO - -7
2025-01-10 21:13:03,025 - vision robot2 - INFO - -7
2025-01-10 21:13:04,642 - vision robot2 - INFO - -7
2025-01-10 21:13:04,647 - vision robot2 - INFO - -7
2025-01-10 21:13:04,651 - vision robot2 - INFO - -7
2025-01-10 21:13:04,651 - vision robot2 - INFO - -7
2025-01-10 21:13:05,835 - vision robot2 - INFO - -7
2025-01-10 21:13:05,839 - vision robot2 - INFO - -7
2025-01-10 21:13:05,840 - vision robot2 - INFO - -7
2025-01-10 21:13:05,840 - vision robot2 - INFO - -7
2025-01-10 21:13:07,704 - vision robot2 - INFO - -7
2025-01-10 21:13:07,705 - vision robot2 - INFO - -7
2025-01-10 21:13:07,705 - vision robot2 - INFO - -7
2025-01-10 21:13:07,705 - vision robot2 - INFO - -7
2025-01-10 21:13:08,848 - vision robot2 - INFO - -8
2025-01-10 21:13:08,852 - vision robot2 - INFO - -8
2025-01-10 21:13:08,852 - vision robot2 - INFO - -8
2025-01-10 21:13:08,862 - vision robot2 - INFO - -8
2025-01-10 21:13:08,867 - vision robot2 - INFO - -8
2025-01-10 21:13:10,062 - vision robot2 - INFO - -8
2025-01-10 21:13:10,062 - vision robot2 - INFO - -8
2025-01-10 21:13:10,062 - vision robot2 - INFO - -8
2025-01-10 21:13:10,062 - vision robot2 - INFO - -8
2025-01-10 21:13:11,354 - vision robot2 - INFO - -9
2025-01-10 21:13:11,356 - vision robot2 - INFO - -9
2025-01-10 21:13:11,356 - vision robot2 - INFO - -9
2025-01-10 21:13:11,356 - vision robot2 - INFO - -9
2025-01-10 21:13:11,356 - vision robot2 - INFO - -9
2025-01-10 21:13:12,849 - vision robot2 - INFO - -10
2025-01-10 21:13:12,851 - vision robot2 - INFO - -10
2025-01-10 21:13:12,852 - vision robot2 - INFO - -10
2025-01-10 21:13:12,853 - vision robot2 - INFO - -10
2025-01-10 21:13:14,406 - vision robot2 - INFO - -11
2025-01-10 21:13:14,411 - vision robot2 - INFO - -11
2025-01-10 21:13:14,411 - vision robot2 - INFO - -11
2025-01-10 21:13:14,411 - vision robot2 - INFO - -11
2025-01-10 21:13:14,411 - vision robot2 - INFO - -11
2025-01-10 21:13:15,828 - vision robot2 - INFO - -11
2025-01-10 21:13:15,828 - vision robot2 - INFO - -11
2025-01-10 21:13:15,828 - vision robot2 - INFO - -11
2025-01-10 21:13:15,829 - vision robot2 - INFO - -11
2025-01-10 21:13:15,829 - vision robot2 - INFO - -11
2025-01-10 21:13:16,727 - vision robot2 - INFO - -12
2025-01-10 21:13:16,727 - vision robot2 - INFO - -12
2025-01-10 21:13:16,728 - vision robot2 - INFO - -12
2025-01-10 21:13:16,728 - vision robot2 - INFO - -12
2025-01-10 21:13:17,615 - vision robot2 - INFO - -13
2025-01-10 21:13:17,616 - vision robot2 - INFO - -13
2025-01-10 21:13:17,616 - vision robot2 - INFO - -13
2025-01-10 21:13:17,616 - vision robot2 - INFO - -13
2025-01-10 21:13:18,724 - vision robot2 - INFO - -13
2025-01-10 21:13:18,724 - vision robot2 - INFO - -13
2025-01-10 21:13:18,724 - vision robot2 - INFO - -13
2025-01-10 21:13:18,724 - vision robot2 - INFO - -13
2025-01-10 21:13:18,724 - vision robot2 - INFO - -13
2025-01-10 21:13:20,405 - vision robot2 - INFO - -14
2025-01-10 21:13:20,405 - vision robot2 - INFO - -14
2025-01-10 21:13:20,405 - vision robot2 - INFO - -14
2025-01-10 21:13:20,405 - vision robot2 - INFO - -14
2025-01-10 21:13:20,405 - vision robot2 - INFO - -14
2025-01-10 21:13:21,707 - vision robot2 - INFO - -14
2025-01-10 21:13:21,707 - vision robot2 - INFO - -14
2025-01-10 21:13:21,707 - vision robot2 - INFO - -14
2025-01-10 21:13:21,707 - vision robot2 - INFO - -14
2025-01-10 21:13:21,708 - vision robot2 - INFO - -14
2025-01-10 21:13:23,068 - vision robot2 - INFO - -15
2025-01-10 21:13:23,068 - vision robot2 - INFO - -15
2025-01-10 21:13:23,068 - vision robot2 - INFO - -15
2025-01-10 21:13:23,069 - vision robot2 - INFO - -15
2025-01-10 21:13:24,433 - vision robot2 - INFO - -16
2025-01-10 21:13:24,433 - vision robot2 - INFO - -16
2025-01-10 21:13:24,433 - vision robot2 - INFO - -16
2025-01-10 21:13:24,433 - vision robot2 - INFO - -16
2025-01-10 21:13:25,875 - vision robot2 - INFO - -17
2025-01-10 21:13:25,875 - vision robot2 - INFO - -17
2025-01-10 21:13:25,875 - vision robot2 - INFO - -17
2025-01-10 21:13:25,875 - vision robot2 - INFO - -17
2025-01-10 21:13:27,578 - vision robot2 - INFO - -18
2025-01-10 21:13:27,595 - vision robot2 - INFO - -18
2025-01-10 21:13:27,598 - vision robot2 - INFO - -18
2025-01-10 21:13:27,606 - vision robot2 - INFO - -18
2025-01-10 21:13:28,750 - vision robot2 - INFO - -19
2025-01-10 21:13:28,751 - vision robot2 - INFO - -19
2025-01-10 21:13:28,751 - vision robot2 - INFO - -19
2025-01-10 21:13:28,751 - vision robot2 - INFO - -19
2025-01-10 21:13:29,696 - vision robot2 - INFO - -19
2025-01-10 21:13:29,705 - vision robot2 - INFO - -19
2025-01-10 21:13:29,705 - vision robot2 - INFO - -19
2025-01-10 21:13:29,706 - vision robot2 - INFO - -19
2025-01-10 21:13:30,512 - vision robot2 - INFO - -20
2025-01-10 21:13:30,514 - vision robot2 - INFO - -20
2025-01-10 21:13:30,514 - vision robot2 - INFO - -20
2025-01-10 21:13:30,514 - vision robot2 - INFO - -20
2025-01-10 21:13:30,514 - vision robot2 - INFO - -20
2025-01-10 21:13:31,365 - vision robot2 - INFO - -21
2025-01-10 21:13:31,365 - vision robot2 - INFO - -21
2025-01-10 21:13:31,365 - vision robot2 - INFO - -21
2025-01-10 21:13:31,365 - vision robot2 - INFO - -21
2025-01-10 21:13:32,642 - vision robot2 - INFO - -22
2025-01-10 21:13:32,642 - vision robot2 - INFO - -22
2025-01-10 21:13:32,642 - vision robot2 - INFO - -22
2025-01-10 21:13:32,642 - vision robot2 - INFO - -22
2025-01-10 21:13:32,642 - vision robot2 - INFO - -22
2025-01-10 21:13:34,176 - vision robot2 - INFO - -23
2025-01-10 21:13:34,178 - vision robot2 - INFO - -23
2025-01-10 21:13:34,179 - vision robot2 - INFO - -23
2025-01-10 21:13:34,179 - vision robot2 - INFO - -23
2025-01-10 21:13:35,762 - vision robot2 - INFO - -23
2025-01-10 21:13:35,763 - vision robot2 - INFO - -23
2025-01-10 21:13:35,763 - vision robot2 - INFO - -23
2025-01-10 21:13:35,763 - vision robot2 - INFO - -23
2025-01-10 21:15:48,000 - vision robot2 - INFO - 0
2025-01-10 21:20:13,213 - vision robot2 - INFO - 0
2025-01-10 21:20:13,213 - vision robot2 - INFO - 0
2025-01-10 21:20:13,213 - vision robot2 - INFO - 0
2025-01-10 21:20:13,839 - vision robot2 - INFO - 1
2025-01-10 21:20:13,841 - vision robot2 - INFO - 1
2025-01-10 21:20:14,417 - vision robot2 - INFO - 2
2025-01-10 21:20:14,417 - vision robot2 - INFO - 2
2025-01-10 21:20:15,236 - vision robot2 - INFO - 3
2025-01-10 21:20:15,243 - vision robot2 - INFO - 3
2025-01-10 21:20:16,228 - vision robot2 - INFO - 4
2025-01-10 21:20:16,235 - vision robot2 - INFO - 4
2025-01-10 21:20:17,104 - vision robot2 - INFO - diameter: 40
2025-01-10 21:20:17,105 - vision robot2 - INFO - distance: 2.239
2025-01-10 21:20:17,108 - vision robot2 - INFO - -1.2621875387558847
2025-01-10 21:20:17,116 - vision robot2 - INFO - 0.07291356732841522
2025-01-10 21:20:36,468 - vision robot2 - INFO - Feedback: Current position: (-3.033549249578202, -0.004619215297992367, 0.01)
2025-01-10 21:20:55,348 - vision robot2 - INFO - Feedback: Current position: (-2.5558719998400816, -0.018699787763828826, 0.010000000000000002)
2025-01-10 21:21:12,004 - vision robot2 - INFO - Feedback: Current position: (-2.0558084912773458, -0.01841256168464859, 0.010000000000000002)
2025-01-10 21:21:28,190 - vision robot2 - INFO - Feedback: Current position: (-1.5776932569302267, 0.012622322348893211, 0.01)
2025-01-10 21:21:31,479 - vision robot2 - INFO - Result: Target Reached
2025-01-10 21:21:51,934 - vision robot2 - INFO - Feedback: Current position: (-1.4618923576743668, 0.20287263723919952, 0.010000000000000002)
2025-01-10 21:22:07,795 - vision robot2 - INFO - Feedback: Current position: (-1.8007348841000554, 0.5553806289320621, 0.01)
2025-01-10 21:22:26,300 - vision robot2 - INFO - Feedback: Current position: (-2.1631972876711734, 0.8635854817902173, 0.010000000000000004)
2025-01-10 21:22:42,694 - vision robot2 - INFO - Feedback: Current position: (-2.49147953223525, 1.209604895903564, 0.010000000000000002)
2025-01-10 21:23:01,595 - vision robot2 - INFO - Feedback: Current position: (-2.7707829723577233, 1.4605889092747528, 0.009999999999999998)
2025-01-10 21:23:19,799 - vision robot2 - INFO - Feedback: Current position: (-3.048435789151525, 1.7396568569165467, 0.009999999999999997)
2025-01-12 15:24:29,065 - vision robot2 - INFO - 0
2025-01-12 15:24:29,065 - vision robot2 - INFO - 0
2025-01-12 15:24:29,066 - vision robot2 - INFO - 0
2025-01-12 15:24:29,791 - vision robot2 - INFO - 0
2025-01-12 15:24:29,791 - vision robot2 - INFO - 0
2025-01-12 15:24:29,791 - vision robot2 - INFO - 0
2025-01-12 15:24:30,326 - vision robot2 - INFO - 0
2025-01-12 15:24:30,326 - vision robot2 - INFO - 0
2025-01-12 15:24:30,850 - vision robot2 - INFO - 0
2025-01-12 15:24:30,850 - vision robot2 - INFO - 0
2025-01-12 15:24:30,851 - vision robot2 - INFO - 0
2025-01-12 15:24:31,446 - vision robot2 - INFO - 0
2025-01-12 15:24:31,446 - vision robot2 - INFO - 0
2025-01-12 15:24:32,232 - vision robot2 - INFO - 0
2025-01-12 15:24:32,232 - vision robot2 - INFO - 0
2025-01-12 15:24:33,109 - vision robot2 - INFO - 0
2025-01-12 15:24:33,109 - vision robot2 - INFO - 0
2025-01-12 15:24:33,787 - vision robot2 - INFO - 1
2025-01-12 15:24:33,787 - vision robot2 - INFO - 1
2025-01-12 15:24:34,775 - vision robot2 - INFO - 1
2025-01-12 15:24:34,775 - vision robot2 - INFO - 1
2025-01-12 15:24:35,771 - vision robot2 - INFO - 2
2025-01-12 15:24:35,771 - vision robot2 - INFO - 2
2025-01-12 15:24:36,592 - vision robot2 - INFO - 2
2025-01-12 15:24:36,592 - vision robot2 - INFO - 2
2025-01-12 15:24:37,251 - vision robot2 - INFO - 2
2025-01-12 15:24:37,251 - vision robot2 - INFO - 2
2025-01-12 15:24:38,051 - vision robot2 - INFO - 2
2025-01-12 15:24:38,051 - vision robot2 - INFO - 2
2025-01-12 15:24:38,764 - vision robot2 - INFO - 3
2025-01-12 15:24:38,764 - vision robot2 - INFO - 3
2025-01-12 15:24:39,899 - vision robot2 - INFO - 3
2025-01-12 15:24:39,907 - vision robot2 - INFO - 3
2025-01-12 15:24:40,521 - vision robot2 - INFO - 3
2025-01-12 15:24:40,521 - vision robot2 - INFO - 3
2025-01-12 15:24:41,146 - vision robot2 - INFO - 4
2025-01-12 15:24:41,146 - vision robot2 - INFO - 4
2025-01-12 15:24:42,200 - vision robot2 - INFO - 4
2025-01-12 15:24:42,201 - vision robot2 - INFO - 4
2025-01-12 15:24:42,201 - vision robot2 - INFO - 4
2025-01-12 15:24:43,190 - vision robot2 - INFO - 4
2025-01-12 15:24:43,191 - vision robot2 - INFO - 4
2025-01-12 15:24:43,959 - vision robot2 - INFO - 5
2025-01-12 15:24:43,959 - vision robot2 - INFO - 5
2025-01-12 15:24:44,785 - vision robot2 - INFO - 6
2025-01-12 15:24:44,785 - vision robot2 - INFO - 6
2025-01-12 15:24:45,875 - vision robot2 - INFO - 7
2025-01-12 15:24:45,875 - vision robot2 - INFO - 7
2025-01-12 15:24:45,875 - vision robot2 - INFO - 7
2025-01-12 15:24:46,622 - vision robot2 - INFO - 7
2025-01-12 15:24:46,623 - vision robot2 - INFO - 7
2025-01-12 15:24:46,623 - vision robot2 - INFO - 7
2025-01-12 15:24:47,254 - vision robot2 - INFO - 8
2025-01-12 15:24:47,254 - vision robot2 - INFO - 8
2025-01-12 15:24:48,010 - vision robot2 - INFO - 8
2025-01-12 15:24:48,010 - vision robot2 - INFO - 8
2025-01-12 15:24:48,010 - vision robot2 - INFO - 8
2025-01-12 15:24:48,768 - vision robot2 - INFO - 9
2025-01-12 15:24:48,768 - vision robot2 - INFO - 9
2025-01-12 15:24:48,768 - vision robot2 - INFO - 9
2025-01-12 15:24:50,400 - vision robot2 - INFO - 9
2025-01-12 15:24:50,400 - vision robot2 - INFO - 9
2025-01-12 15:24:50,400 - vision robot2 - INFO - 9
2025-01-12 15:24:51,499 - vision robot2 - INFO - 10
2025-01-12 15:24:51,499 - vision robot2 - INFO - 10
2025-01-12 15:24:52,686 - vision robot2 - INFO - 10
2025-01-12 15:24:52,686 - vision robot2 - INFO - 10
2025-01-12 15:24:52,686 - vision robot2 - INFO - 10
2025-01-12 15:24:54,217 - vision robot2 - INFO - 11
2025-01-12 15:24:54,217 - vision robot2 - INFO - 11
2025-01-12 15:24:55,159 - vision robot2 - INFO - 11
2025-01-12 15:24:55,160 - vision robot2 - INFO - 11
2025-01-12 15:24:55,160 - vision robot2 - INFO - 11
2025-01-12 15:24:56,500 - vision robot2 - INFO - 12
2025-01-12 15:24:56,500 - vision robot2 - INFO - 12
2025-01-12 15:24:57,371 - vision robot2 - INFO - 12
2025-01-12 15:24:57,371 - vision robot2 - INFO - 12
2025-01-12 15:24:58,496 - vision robot2 - INFO - 13
2025-01-12 15:24:58,496 - vision robot2 - INFO - 13
2025-01-12 15:24:59,505 - vision robot2 - INFO - 13
2025-01-12 15:24:59,505 - vision robot2 - INFO - 13
2025-01-12 15:24:59,505 - vision robot2 - INFO - 13
2025-01-12 15:25:00,776 - vision robot2 - INFO - 13
2025-01-12 15:25:00,776 - vision robot2 - INFO - 13
2025-01-12 15:25:00,776 - vision robot2 - INFO - 13
2025-01-12 15:25:01,996 - vision robot2 - INFO - 13
2025-01-12 15:25:01,997 - vision robot2 - INFO - 13
2025-01-12 15:25:02,028 - vision robot2 - INFO - 13
2025-01-12 15:25:03,390 - vision robot2 - INFO - 13
2025-01-12 15:25:03,390 - vision robot2 - INFO - 13
2025-01-12 15:25:04,411 - vision robot2 - INFO - 13
2025-01-12 15:25:04,412 - vision robot2 - INFO - 13
2025-01-12 15:25:05,674 - vision robot2 - INFO - 14
2025-01-12 15:25:05,674 - vision robot2 - INFO - 14
2025-01-12 15:25:05,674 - vision robot2 - INFO - 14
2025-01-12 15:25:06,597 - vision robot2 - INFO - 15
2025-01-12 15:25:06,597 - vision robot2 - INFO - 15
2025-01-12 15:25:07,880 - vision robot2 - INFO - 15
2025-01-12 15:25:07,880 - vision robot2 - INFO - 15
2025-01-12 15:25:08,510 - vision robot2 - INFO - 15
2025-01-12 15:25:08,511 - vision robot2 - INFO - 15
2025-01-12 15:25:09,559 - vision robot2 - INFO - 15
2025-01-12 15:25:09,560 - vision robot2 - INFO - 15
2025-01-12 15:25:10,629 - vision robot2 - INFO - 15
2025-01-12 15:25:10,629 - vision robot2 - INFO - 15
2025-01-12 15:25:11,317 - vision robot2 - INFO - 16
2025-01-12 15:25:11,317 - vision robot2 - INFO - 16
2025-01-12 15:25:11,317 - vision robot2 - INFO - 16
2025-01-12 15:25:12,421 - vision robot2 - INFO - 16
2025-01-12 15:25:12,421 - vision robot2 - INFO - 16
2025-01-12 15:25:13,537 - vision robot2 - INFO - 17
2025-01-12 15:25:13,537 - vision robot2 - INFO - 17
2025-01-12 15:25:14,570 - vision robot2 - INFO - 18
2025-01-12 15:25:14,570 - vision robot2 - INFO - 18
2025-01-12 15:25:15,197 - vision robot2 - INFO - 18
2025-01-12 15:25:15,197 - vision robot2 - INFO - 18
2025-01-12 15:25:15,958 - vision robot2 - INFO - 18
2025-01-12 15:25:15,958 - vision robot2 - INFO - 18
2025-01-12 15:25:17,181 - vision robot2 - INFO - 18
2025-01-12 15:25:17,181 - vision robot2 - INFO - 18
2025-01-12 15:25:17,181 - vision robot2 - INFO - 18
2025-01-12 15:25:17,577 - vision robot2 - INFO - 18
2025-01-12 15:25:17,577 - vision robot2 - INFO - 18
2025-01-12 15:25:18,848 - vision robot2 - INFO - 18
2025-01-12 15:25:18,848 - vision robot2 - INFO - 18
2025-01-12 15:25:19,879 - vision robot2 - INFO - 18
2025-01-12 15:25:19,879 - vision robot2 - INFO - 18
2025-01-12 15:25:20,982 - vision robot2 - INFO - 19
2025-01-12 15:25:20,982 - vision robot2 - INFO - 19
2025-01-12 15:25:21,870 - vision robot2 - INFO - 19
2025-01-12 15:25:21,870 - vision robot2 - INFO - 19
2025-01-12 15:25:23,202 - vision robot2 - INFO - 19
2025-01-12 15:25:23,202 - vision robot2 - INFO - 19
2025-01-12 15:25:24,577 - vision robot2 - INFO - 19
2025-01-12 15:25:24,577 - vision robot2 - INFO - 19
2025-01-12 15:25:25,389 - vision robot2 - INFO - 20
2025-01-12 15:25:25,389 - vision robot2 - INFO - 20
2025-01-12 15:25:26,922 - vision robot2 - INFO - 20
2025-01-12 15:25:26,922 - vision robot2 - INFO - 20
2025-01-12 15:25:26,927 - vision robot2 - INFO - 20
2025-01-12 15:25:27,415 - vision robot2 - INFO - 21
2025-01-12 15:25:27,415 - vision robot2 - INFO - 21
2025-01-12 15:25:27,415 - vision robot2 - INFO - 21
2025-01-12 15:25:28,109 - vision robot2 - INFO - 21
2025-01-12 15:25:28,110 - vision robot2 - INFO - 21
2025-01-12 15:25:29,237 - vision robot2 - INFO - 21
2025-01-12 15:25:29,237 - vision robot2 - INFO - 21
2025-01-12 15:25:30,432 - vision robot2 - INFO - 22
2025-01-12 15:25:30,432 - vision robot2 - INFO - 22
2025-01-12 15:25:31,667 - vision robot2 - INFO - 23
2025-01-12 15:25:31,667 - vision robot2 - INFO - 23
2025-01-12 15:25:33,042 - vision robot2 - INFO - 23
2025-01-12 15:25:33,043 - vision robot2 - INFO - 23
2025-01-12 15:25:34,159 - vision robot2 - INFO - 24
2025-01-12 15:25:34,159 - vision robot2 - INFO - 24
2025-01-12 15:25:35,437 - vision robot2 - INFO - 25
2025-01-12 15:25:35,437 - vision robot2 - INFO - 25
2025-01-12 15:25:36,077 - vision robot2 - INFO - 26
2025-01-12 15:25:36,077 - vision robot2 - INFO - 26
2025-01-12 15:25:37,387 - vision robot2 - INFO - diameter: 40
2025-01-12 15:25:37,387 - vision robot2 - INFO - distance: 2.239
2025-01-12 15:25:37,387 - vision robot2 - INFO - -1.2624172198607786
2025-01-12 15:25:37,387 - vision robot2 - INFO - 0.07965112695017605
2025-01-12 15:26:00,849 - vision robot2 - INFO - Feedback: Current position: (-3.056448964434313, 0.002911193688513825, 0.01)
2025-01-12 15:26:23,495 - vision robot2 - INFO - Feedback: Current position: (-2.5649450352048375, -0.004144545658519265, 0.009999999999999997)
2025-01-12 15:26:42,897 - vision robot2 - INFO - Feedback: Current position: (-2.0727051276341273, -0.013048658815012992, 0.01)
2025-01-12 15:27:01,074 - vision robot2 - INFO - Feedback: Current position: (-1.59453288009485, 0.009523079612163383, 0.009999999999999998)
2025-01-12 15:39:09,062 - vision robot2 - INFO - 0
2025-01-12 15:39:09,062 - vision robot2 - INFO - 0
2025-01-12 15:39:09,063 - vision robot2 - INFO - 0
2025-01-12 15:39:09,688 - vision robot2 - INFO - 1
2025-01-12 15:39:09,689 - vision robot2 - INFO - 1
2025-01-12 15:39:09,689 - vision robot2 - INFO - 1
2025-01-12 15:39:10,026 - vision robot2 - INFO - 1
2025-01-12 15:39:10,026 - vision robot2 - INFO - 1
2025-01-12 15:39:10,530 - vision robot2 - INFO - 1
2025-01-12 15:39:10,534 - vision robot2 - INFO - 1
2025-01-12 15:39:11,182 - vision robot2 - INFO - 2
2025-01-12 15:39:11,185 - vision robot2 - INFO - 2
2025-01-12 15:39:12,406 - vision robot2 - INFO - 2
2025-01-12 15:39:12,415 - vision robot2 - INFO - 2
2025-01-12 15:39:13,457 - vision robot2 - INFO - 3
2025-01-12 15:39:13,457 - vision robot2 - INFO - 3
2025-01-12 15:39:14,382 - vision robot2 - INFO - 4
2025-01-12 15:39:14,382 - vision robot2 - INFO - 4
2025-01-12 15:39:15,083 - vision robot2 - INFO - diameter: 40
2025-01-12 15:39:15,083 - vision robot2 - INFO - distance: 2.239
2025-01-12 15:39:15,090 - vision robot2 - INFO - -1.2617971863370707
2025-01-12 15:39:15,090 - vision robot2 - INFO - 0.05974248832568857
2025-01-12 15:39:31,440 - vision robot2 - INFO - Feedback: Current position: (-3.0420556203421643, -0.014121298138247093, 0.01)
2025-01-12 15:39:51,350 - vision robot2 - INFO - Feedback: Current position: (-2.5593234238358775, -0.033423198491302035, 0.009999999999999997)
2025-01-12 15:40:11,060 - vision robot2 - INFO - Feedback: Current position: (-2.0631875326914493, -0.017048905192352148, 0.01)
2025-01-12 15:40:29,538 - vision robot2 - INFO - Feedback: Current position: (-1.5769937421802118, 0.012088677748054133, 0.01)
2025-01-12 15:40:34,095 - vision robot2 - INFO - Result: Target Reached
2025-01-12 15:40:57,322 - vision robot2 - INFO - Feedback: Current position: (-1.4053704080970286, 0.22060336714048556, 0.010000000000000004)
2025-01-12 15:41:15,580 - vision robot2 - INFO - Feedback: Current position: (-1.7802623887635995, 0.5701535433879845, 0.009999999999999998)
2025-01-12 15:41:38,022 - vision robot2 - INFO - Feedback: Current position: (-2.1698702183880343, 0.8891677349400934, 0.01)
2025-01-12 15:41:57,197 - vision robot2 - INFO - Feedback: Current position: (-2.5159430274695116, 1.2483094947056614, 0.009999999999999997)
2025-01-12 15:42:14,906 - vision robot2 - INFO - Feedback: Current position: (-2.8652819595134837, 1.639440569672806, 0.010000000000000002)
2025-01-12 15:42:30,810 - vision robot2 - INFO - Feedback: Current position: (-3.2151673990787732, 1.9648313375810869, 0.009999999999999998)
2025-01-12 15:42:45,754 - vision robot2 - INFO - Feedback: Current position: (-3.3213122862953797, 2.0493437363633196, 0.009999999999999998)
2025-01-12 15:43:01,349 - vision robot2 - INFO - Feedback: Current position: (-3.398849937287581, 2.020318077045658, 0.01)
2025-01-12 15:43:08,492 - vision robot2 - INFO - Result: Target Reached
2025-01-12 15:43:08,864 - vision robot2 - INFO - dropped off
2025-01-12 15:43:23,702 - vision robot2 - INFO - Feedback: Current position: (-3.044337294557728, 1.91861420392102, 0.009999999999999998)
2025-01-12 15:43:41,103 - vision robot2 - INFO - Feedback: Current position: (-2.699129423442496, 1.5573527300220305, 0.009999999999999998)
2025-01-12 15:43:56,264 - vision robot2 - INFO - Feedback: Current position: (-2.404880148480297, 1.1503932588485284, 0.010000000000000002)
2025-01-12 15:44:13,837 - vision robot2 - INFO - Feedback: Current position: (-2.1668706984299657, 0.8773596147203682, 0.009999999999999998)
2025-01-12 15:44:29,556 - vision robot2 - INFO - Feedback: Current position: (-1.870748594161186, 0.5487916813682543, 0.010000000000000002)
2025-01-12 15:44:46,115 - vision robot2 - INFO - Feedback: Current position: (-1.6267857528260457, 0.33530171269878595, 0.009999999999999997)
2025-01-12 15:45:04,422 - vision robot2 - INFO - Feedback: Current position: (-1.2825323946248819, 0.25978827179725766, 0.01)
2025-01-12 15:45:18,119 - vision robot2 - INFO - Feedback: Current position: (-1.277066565378231, 0.24103183048188387, 0.009999999999999998)
2025-01-12 15:45:31,642 - vision robot2 - INFO - Feedback: Current position: (-1.2860106780692413, 0.2407750731387776, 0.009999999999999998)
2025-01-12 15:45:44,481 - vision robot2 - INFO - Feedback: Current position: (-1.2719899092807516, 0.24438437465562507, 0.010000000000000004)
2025-01-12 15:45:51,977 - vision robot2 - INFO - Result: Target Reached
2025-01-12 15:45:52,390 - vision robot2 - INFO - 0
2025-01-12 15:45:52,390 - vision robot2 - INFO - 0
2025-01-12 15:45:52,390 - vision robot2 - INFO - 0
2025-01-12 15:45:52,390 - vision robot2 - INFO - 0
2025-01-12 15:45:52,925 - vision robot2 - INFO - 0
2025-01-12 15:45:52,925 - vision robot2 - INFO - 0
2025-01-12 15:45:52,926 - vision robot2 - INFO - 0
2025-01-12 15:45:52,926 - vision robot2 - INFO - 0
2025-01-12 15:45:52,926 - vision robot2 - INFO - 0
2025-01-12 15:45:53,725 - vision robot2 - INFO - 0
2025-01-12 15:45:53,728 - vision robot2 - INFO - 0
2025-01-12 15:45:53,729 - vision robot2 - INFO - 0
2025-01-12 15:45:53,733 - vision robot2 - INFO - 0
2025-01-12 15:45:54,541 - vision robot2 - INFO - -1
2025-01-12 15:45:54,541 - vision robot2 - INFO - -1
2025-01-12 15:45:54,541 - vision robot2 - INFO - -1
2025-01-12 15:45:54,541 - vision robot2 - INFO - -1
2025-01-12 15:45:55,462 - vision robot2 - INFO - -2
2025-01-12 15:45:55,462 - vision robot2 - INFO - -2
2025-01-12 15:45:55,462 - vision robot2 - INFO - -2
2025-01-12 15:45:55,462 - vision robot2 - INFO - -2
2025-01-12 15:45:56,095 - vision robot2 - INFO - -3
2025-01-12 15:45:56,095 - vision robot2 - INFO - -3
2025-01-12 15:45:56,096 - vision robot2 - INFO - -3
2025-01-12 15:45:56,096 - vision robot2 - INFO - -3
2025-01-12 15:45:56,820 - vision robot2 - INFO - -4
2025-01-12 15:45:56,821 - vision robot2 - INFO - -4
2025-01-12 15:45:56,821 - vision robot2 - INFO - -4
2025-01-12 15:45:56,821 - vision robot2 - INFO - -4
2025-01-12 15:45:57,650 - vision robot2 - INFO - -5
2025-01-12 15:45:57,652 - vision robot2 - INFO - -5
2025-01-12 15:45:57,653 - vision robot2 - INFO - -5
2025-01-12 15:45:57,655 - vision robot2 - INFO - -5
2025-01-12 15:45:58,588 - vision robot2 - INFO - -6
2025-01-12 15:45:58,590 - vision robot2 - INFO - -6
2025-01-12 15:45:58,590 - vision robot2 - INFO - -6
2025-01-12 15:45:58,590 - vision robot2 - INFO - -6
2025-01-12 15:45:59,421 - vision robot2 - INFO - -6
2025-01-12 15:45:59,421 - vision robot2 - INFO - -6
2025-01-12 15:45:59,422 - vision robot2 - INFO - -6
2025-01-12 15:45:59,422 - vision robot2 - INFO - -6
2025-01-12 15:46:00,393 - vision robot2 - INFO - -7
2025-01-12 15:46:00,394 - vision robot2 - INFO - -7
2025-01-12 15:46:00,394 - vision robot2 - INFO - -7
2025-01-12 15:46:00,394 - vision robot2 - INFO - -7
2025-01-12 15:46:01,368 - vision robot2 - INFO - -7
2025-01-12 15:46:01,371 - vision robot2 - INFO - -7
2025-01-12 15:46:01,380 - vision robot2 - INFO - -7
2025-01-12 15:46:01,381 - vision robot2 - INFO - -7
2025-01-12 15:46:02,472 - vision robot2 - INFO - -7
2025-01-12 15:46:02,485 - vision robot2 - INFO - -7
2025-01-12 15:46:02,487 - vision robot2 - INFO - -7
2025-01-12 15:46:02,489 - vision robot2 - INFO - -7
2025-01-12 15:46:03,511 - vision robot2 - INFO - -7
2025-01-12 15:46:03,511 - vision robot2 - INFO - -7
2025-01-12 15:46:03,511 - vision robot2 - INFO - -7
2025-01-12 15:46:03,511 - vision robot2 - INFO - -7
2025-01-12 15:46:04,459 - vision robot2 - INFO - -7
2025-01-12 15:46:04,460 - vision robot2 - INFO - -7
2025-01-12 15:46:04,460 - vision robot2 - INFO - -7
2025-01-12 15:46:04,460 - vision robot2 - INFO - -7
2025-01-12 15:46:05,472 - vision robot2 - INFO - -7
2025-01-12 15:46:05,493 - vision robot2 - INFO - -7
2025-01-12 15:46:05,494 - vision robot2 - INFO - -7
2025-01-12 15:46:05,494 - vision robot2 - INFO - -7
2025-01-12 15:46:06,155 - vision robot2 - INFO - -7
2025-01-12 15:46:06,155 - vision robot2 - INFO - -7
2025-01-12 15:46:06,155 - vision robot2 - INFO - -7
2025-01-12 15:46:06,156 - vision robot2 - INFO - -7
2025-01-12 15:46:06,960 - vision robot2 - INFO - -7
2025-01-12 15:46:06,963 - vision robot2 - INFO - -7
2025-01-12 15:46:06,965 - vision robot2 - INFO - -7
2025-01-12 15:46:06,967 - vision robot2 - INFO - -7
2025-01-12 15:46:07,659 - vision robot2 - INFO - -7
2025-01-12 15:46:07,659 - vision robot2 - INFO - -7
2025-01-12 15:46:07,660 - vision robot2 - INFO - -7
2025-01-12 15:46:07,660 - vision robot2 - INFO - -7
2025-01-12 15:46:08,405 - vision robot2 - INFO - -7
2025-01-12 15:46:08,406 - vision robot2 - INFO - -7
2025-01-12 15:46:08,406 - vision robot2 - INFO - -7
2025-01-12 15:46:08,406 - vision robot2 - INFO - -7
2025-01-12 15:46:09,274 - vision robot2 - INFO - -7
2025-01-12 15:46:09,274 - vision robot2 - INFO - -7
2025-01-12 15:46:09,274 - vision robot2 - INFO - -7
2025-01-12 15:46:09,275 - vision robot2 - INFO - -7
2025-01-12 15:46:10,097 - vision robot2 - INFO - -7
2025-01-12 15:46:10,098 - vision robot2 - INFO - -7
2025-01-12 15:46:10,101 - vision robot2 - INFO - -7
2025-01-12 15:46:10,102 - vision robot2 - INFO - -7
2025-01-12 15:46:10,948 - vision robot2 - INFO - -8
2025-01-12 15:46:10,948 - vision robot2 - INFO - -8
2025-01-12 15:46:10,949 - vision robot2 - INFO - -8
2025-01-12 15:46:10,949 - vision robot2 - INFO - -8
2025-01-12 15:46:11,759 - vision robot2 - INFO - -9
2025-01-12 15:46:11,759 - vision robot2 - INFO - -9
2025-01-12 15:46:11,759 - vision robot2 - INFO - -9
2025-01-12 15:46:11,760 - vision robot2 - INFO - -9
2025-01-12 15:46:12,626 - vision robot2 - INFO - -10
2025-01-12 15:46:12,629 - vision robot2 - INFO - -10
2025-01-12 15:46:12,639 - vision robot2 - INFO - -10
2025-01-12 15:46:12,639 - vision robot2 - INFO - -10
2025-01-12 15:46:13,371 - vision robot2 - INFO - -10
2025-01-12 15:46:13,371 - vision robot2 - INFO - -10
2025-01-12 15:46:13,371 - vision robot2 - INFO - -10
2025-01-12 15:46:13,371 - vision robot2 - INFO - -10
2025-01-12 15:46:14,147 - vision robot2 - INFO - -11
2025-01-12 15:46:14,168 - vision robot2 - INFO - -11
2025-01-12 15:46:14,178 - vision robot2 - INFO - -11
2025-01-12 15:46:14,179 - vision robot2 - INFO - -11
2025-01-12 15:46:15,072 - vision robot2 - INFO - -12
2025-01-12 15:46:15,082 - vision robot2 - INFO - -12
2025-01-12 15:46:15,085 - vision robot2 - INFO - -12
2025-01-12 15:46:15,086 - vision robot2 - INFO - -12
2025-01-12 15:46:15,086 - vision robot2 - INFO - -12
2025-01-12 15:46:15,816 - vision robot2 - INFO - -12
2025-01-12 15:46:15,817 - vision robot2 - INFO - -12
2025-01-12 15:46:15,817 - vision robot2 - INFO - -12
2025-01-12 15:46:15,817 - vision robot2 - INFO - -12
2025-01-12 15:46:15,817 - vision robot2 - INFO - -12
2025-01-12 15:46:16,734 - vision robot2 - INFO - -13
2025-01-12 15:46:16,736 - vision robot2 - INFO - -13
2025-01-12 15:46:16,736 - vision robot2 - INFO - -13
2025-01-12 15:46:16,736 - vision robot2 - INFO - -13
2025-01-12 15:46:16,736 - vision robot2 - INFO - -13
2025-01-12 15:46:17,612 - vision robot2 - INFO - -13
2025-01-12 15:46:17,627 - vision robot2 - INFO - -13
2025-01-12 15:46:17,627 - vision robot2 - INFO - -13
2025-01-12 15:46:17,631 - vision robot2 - INFO - -13
2025-01-12 15:46:17,631 - vision robot2 - INFO - -13
2025-01-12 15:46:18,481 - vision robot2 - INFO - -13
2025-01-12 15:46:18,482 - vision robot2 - INFO - -13
2025-01-12 15:46:18,482 - vision robot2 - INFO - -13
2025-01-12 15:46:18,482 - vision robot2 - INFO - -13
2025-01-12 15:46:19,326 - vision robot2 - INFO - -13
2025-01-12 15:46:19,327 - vision robot2 - INFO - -13
2025-01-12 15:46:19,327 - vision robot2 - INFO - -13
2025-01-12 15:46:19,327 - vision robot2 - INFO - -13
2025-01-12 15:46:19,327 - vision robot2 - INFO - -13
2025-01-12 15:46:20,069 - vision robot2 - INFO - -13
2025-01-12 15:46:20,076 - vision robot2 - INFO - -13
2025-01-12 15:46:20,083 - vision robot2 - INFO - -13
2025-01-12 15:46:20,084 - vision robot2 - INFO - -13
2025-01-12 15:46:20,084 - vision robot2 - INFO - -13
2025-01-12 15:46:20,900 - vision robot2 - INFO - -14
2025-01-12 15:46:20,901 - vision robot2 - INFO - -14
2025-01-12 15:46:20,901 - vision robot2 - INFO - -14
2025-01-12 15:46:20,901 - vision robot2 - INFO - -14
2025-01-12 15:46:20,901 - vision robot2 - INFO - -14
2025-01-12 15:46:22,003 - vision robot2 - INFO - -15
2025-01-12 15:46:22,006 - vision robot2 - INFO - -15
2025-01-12 15:46:22,006 - vision robot2 - INFO - -15
2025-01-12 15:46:22,006 - vision robot2 - INFO - -15
2025-01-12 15:46:22,006 - vision robot2 - INFO - -15
2025-01-12 15:46:22,652 - vision robot2 - INFO - -16
2025-01-12 15:46:22,652 - vision robot2 - INFO - -16
2025-01-12 15:46:22,652 - vision robot2 - INFO - -16
2025-01-12 15:46:22,653 - vision robot2 - INFO - -16
2025-01-12 15:46:23,425 - vision robot2 - INFO - -16
2025-01-12 15:46:23,426 - vision robot2 - INFO - -16
2025-01-12 15:46:23,426 - vision robot2 - INFO - -16
2025-01-12 15:46:23,426 - vision robot2 - INFO - -16
2025-01-12 15:46:24,217 - vision robot2 - INFO - -16
2025-01-12 15:46:24,217 - vision robot2 - INFO - -16
2025-01-12 15:46:24,218 - vision robot2 - INFO - -16
2025-01-12 15:46:24,218 - vision robot2 - INFO - -16
2025-01-12 15:46:24,218 - vision robot2 - INFO - -16
2025-01-12 15:46:25,179 - vision robot2 - INFO - -16
2025-01-12 15:46:25,180 - vision robot2 - INFO - -16
2025-01-12 15:46:25,180 - vision robot2 - INFO - -16
2025-01-12 15:46:25,180 - vision robot2 - INFO - -16
2025-01-12 15:46:25,180 - vision robot2 - INFO - -16
2025-01-12 15:46:25,780 - vision robot2 - INFO - -16
2025-01-12 15:46:25,781 - vision robot2 - INFO - -16
2025-01-12 15:46:25,797 - vision robot2 - INFO - -16
2025-01-12 15:46:25,797 - vision robot2 - INFO - -16
2025-01-12 15:46:25,797 - vision robot2 - INFO - -16
2025-01-12 15:46:26,602 - vision robot2 - INFO - -17
2025-01-12 15:46:26,602 - vision robot2 - INFO - -17
2025-01-12 15:46:26,603 - vision robot2 - INFO - -17
2025-01-12 15:46:26,603 - vision robot2 - INFO - -17
2025-01-12 15:46:26,603 - vision robot2 - INFO - -17
2025-01-12 15:46:27,697 - vision robot2 - INFO - -18
2025-01-12 15:46:27,697 - vision robot2 - INFO - -18
2025-01-12 15:46:27,697 - vision robot2 - INFO - -18
2025-01-12 15:46:27,697 - vision robot2 - INFO - -18
2025-01-12 15:46:27,697 - vision robot2 - INFO - -18
2025-01-12 15:46:28,706 - vision robot2 - INFO - -19
2025-01-12 15:46:28,709 - vision robot2 - INFO - -19
2025-01-12 15:46:28,709 - vision robot2 - INFO - -19
2025-01-12 15:46:28,710 - vision robot2 - INFO - -19
2025-01-12 15:46:28,710 - vision robot2 - INFO - -19
2025-01-12 15:46:29,759 - vision robot2 - INFO - -20
2025-01-12 15:46:29,759 - vision robot2 - INFO - -20
2025-01-12 15:46:29,759 - vision robot2 - INFO - -20
2025-01-12 15:46:29,759 - vision robot2 - INFO - -20
2025-01-12 15:46:30,841 - vision robot2 - INFO - -21
2025-01-12 15:46:30,841 - vision robot2 - INFO - -21
2025-01-12 15:46:30,841 - vision robot2 - INFO - -21
2025-01-12 15:46:30,841 - vision robot2 - INFO - -21
2025-01-12 15:46:31,892 - vision robot2 - INFO - -22
2025-01-12 15:46:31,893 - vision robot2 - INFO - -22
2025-01-12 15:46:31,893 - vision robot2 - INFO - -22
2025-01-12 15:46:31,896 - vision robot2 - INFO - -22
2025-01-12 15:46:33,059 - vision robot2 - INFO - -23
2025-01-12 15:46:33,060 - vision robot2 - INFO - -23
2025-01-12 15:46:33,060 - vision robot2 - INFO - -23
2025-01-12 15:46:34,033 - vision robot2 - INFO - -24
2025-01-12 15:46:34,033 - vision robot2 - INFO - -24
2025-01-12 15:46:34,033 - vision robot2 - INFO - -24
2025-01-12 15:46:35,075 - vision robot2 - INFO - -24
2025-01-12 15:46:35,076 - vision robot2 - INFO - -24
2025-01-12 15:46:35,076 - vision robot2 - INFO - -24
2025-01-12 15:46:35,998 - vision robot2 - INFO - -25
2025-01-12 15:46:36,008 - vision robot2 - INFO - -25
2025-01-12 15:46:36,010 - vision robot2 - INFO - -25
2025-01-12 15:46:36,915 - vision robot2 - INFO - -25
2025-01-12 15:46:36,924 - vision robot2 - INFO - -25
2025-01-12 15:46:36,924 - vision robot2 - INFO - -25
2025-01-12 15:46:37,747 - vision robot2 - INFO - -26
2025-01-12 15:46:37,748 - vision robot2 - INFO - -26
2025-01-12 15:46:37,748 - vision robot2 - INFO - -26
2025-01-12 15:46:38,914 - vision robot2 - INFO - -27
2025-01-12 15:46:38,914 - vision robot2 - INFO - -27
2025-01-12 15:46:38,915 - vision robot2 - INFO - -27
2025-01-12 15:46:39,884 - vision robot2 - INFO - -27
2025-01-12 15:46:39,884 - vision robot2 - INFO - -27
2025-01-12 15:46:39,884 - vision robot2 - INFO - -27
2025-01-12 15:46:40,932 - vision robot2 - INFO - -28
2025-01-12 15:46:40,937 - vision robot2 - INFO - -28
2025-01-12 15:46:40,939 - vision robot2 - INFO - -28
2025-01-12 15:46:42,007 - vision robot2 - INFO - -29
2025-01-12 15:46:42,007 - vision robot2 - INFO - -29
2025-01-12 15:46:42,007 - vision robot2 - INFO - -29
2025-01-12 15:46:42,764 - vision robot2 - INFO - -29
2025-01-12 15:46:42,765 - vision robot2 - INFO - -29
2025-01-12 15:46:42,765 - vision robot2 - INFO - -29
2025-01-12 15:46:43,845 - vision robot2 - INFO - -30
2025-01-12 15:46:43,856 - vision robot2 - INFO - -30
2025-01-12 15:46:43,858 - vision robot2 - INFO - -30
2025-01-12 15:46:44,979 - vision robot2 - INFO - -31
2025-01-12 15:46:44,979 - vision robot2 - INFO - -31
2025-01-12 15:46:44,989 - vision robot2 - INFO - -31
2025-01-12 15:46:45,828 - vision robot2 - INFO - -32
2025-01-12 15:46:45,828 - vision robot2 - INFO - -32
2025-01-12 15:46:45,828 - vision robot2 - INFO - -32
2025-01-12 15:46:47,121 - vision robot2 - INFO - -33
2025-01-12 15:46:47,126 - vision robot2 - INFO - -33
2025-01-12 15:46:47,126 - vision robot2 - INFO - -33
2025-01-12 15:46:48,385 - vision robot2 - INFO - -34
2025-01-12 15:46:48,386 - vision robot2 - INFO - -34
2025-01-12 15:46:48,399 - vision robot2 - INFO - -34
2025-01-12 15:46:49,296 - vision robot2 - INFO - -35
2025-01-12 15:46:49,299 - vision robot2 - INFO - -35
2025-01-12 15:46:49,302 - vision robot2 - INFO - -35
2025-01-12 15:46:50,488 - vision robot2 - INFO - -36
2025-01-12 15:46:50,489 - vision robot2 - INFO - -36
2025-01-12 15:46:51,514 - vision robot2 - INFO - -37
2025-01-12 15:46:51,514 - vision robot2 - INFO - -37
2025-01-12 15:46:52,517 - vision robot2 - INFO - -38
2025-01-12 15:46:52,517 - vision robot2 - INFO - -38
2025-01-12 15:46:53,373 - vision robot2 - INFO - -38
2025-01-12 15:46:53,376 - vision robot2 - INFO - -38
2025-01-12 15:46:54,311 - vision robot2 - INFO - -39
2025-01-12 15:46:54,311 - vision robot2 - INFO - -39
2025-01-12 15:46:55,738 - vision robot2 - INFO - -40
2025-01-12 15:46:55,738 - vision robot2 - INFO - -40
2025-01-12 15:46:55,740 - vision robot2 - INFO - -40
2025-01-12 15:46:56,419 - vision robot2 - INFO - -41
2025-01-12 15:46:56,419 - vision robot2 - INFO - -41
2025-01-12 15:46:56,420 - vision robot2 - INFO - -41
2025-01-12 15:46:57,170 - vision robot2 - INFO - -41
2025-01-12 15:46:57,170 - vision robot2 - INFO - -41
2025-01-12 15:46:57,171 - vision robot2 - INFO - -41
2025-01-12 15:46:57,637 - vision robot2 - INFO - -42
2025-01-12 15:46:57,638 - vision robot2 - INFO - -42
2025-01-12 15:46:57,638 - vision robot2 - INFO - -42
2025-01-12 15:46:58,314 - vision robot2 - INFO - -42
2025-01-12 15:46:58,325 - vision robot2 - INFO - -42
2025-01-12 15:46:58,333 - vision robot2 - INFO - -42
2025-01-12 15:46:59,159 - vision robot2 - INFO - -43
2025-01-12 15:46:59,159 - vision robot2 - INFO - -43
2025-01-12 15:46:59,159 - vision robot2 - INFO - -43
2025-01-12 15:46:59,712 - vision robot2 - INFO - -43
2025-01-12 15:46:59,713 - vision robot2 - INFO - -43
2025-01-12 15:46:59,713 - vision robot2 - INFO - -43
2025-01-12 15:47:00,178 - vision robot2 - INFO - -43
2025-01-12 15:47:00,179 - vision robot2 - INFO - -43
2025-01-12 15:47:00,179 - vision robot2 - INFO - -43
2025-01-12 15:47:00,727 - vision robot2 - INFO - -43
2025-01-12 15:47:00,730 - vision robot2 - INFO - -43
2025-01-12 15:47:00,730 - vision robot2 - INFO - -43
2025-01-12 15:47:01,086 - vision robot2 - INFO - -44
2025-01-12 15:47:01,088 - vision robot2 - INFO - -44
2025-01-12 15:47:01,676 - vision robot2 - INFO - -44
2025-01-12 15:47:01,676 - vision robot2 - INFO - -44
2025-01-12 15:47:02,199 - vision robot2 - INFO - -45
2025-01-12 15:47:02,199 - vision robot2 - INFO - -45
2025-01-12 15:47:02,889 - vision robot2 - INFO - -45
2025-01-12 15:47:02,889 - vision robot2 - INFO - -45
2025-01-12 15:47:03,378 - vision robot2 - INFO - -45
2025-01-12 15:47:03,379 - vision robot2 - INFO - -45
2025-01-12 15:47:03,842 - vision robot2 - INFO - -46
2025-01-12 15:47:03,849 - vision robot2 - INFO - -46
2025-01-12 15:47:04,358 - vision robot2 - INFO - -46
2025-01-12 15:47:04,361 - vision robot2 - INFO - -46
2025-01-12 15:47:04,823 - vision robot2 - INFO - -47
2025-01-12 15:47:04,824 - vision robot2 - INFO - -47
2025-01-12 15:47:05,386 - vision robot2 - INFO - -47
2025-01-12 15:47:05,387 - vision robot2 - INFO - -47
2025-01-12 15:47:05,677 - vision robot2 - INFO - -47
2025-01-12 15:47:05,677 - vision robot2 - INFO - -47
2025-01-12 15:47:06,267 - vision robot2 - INFO - -47
2025-01-12 15:47:06,267 - vision robot2 - INFO - -47
2025-01-12 15:47:06,704 - vision robot2 - INFO - -48
2025-01-12 15:47:06,705 - vision robot2 - INFO - -48
2025-01-12 15:47:07,293 - vision robot2 - INFO - -48
2025-01-12 15:47:07,293 - vision robot2 - INFO - -48
2025-01-12 15:47:07,918 - vision robot2 - INFO - -49
2025-01-12 15:47:07,919 - vision robot2 - INFO - -49
2025-01-12 15:47:08,311 - vision robot2 - INFO - -49
2025-01-12 15:47:08,311 - vision robot2 - INFO - -49
2025-01-12 15:47:08,927 - vision robot2 - INFO - -50
2025-01-12 15:47:08,927 - vision robot2 - INFO - -50
2025-01-12 15:47:09,403 - vision robot2 - INFO - -50
2025-01-12 15:47:09,403 - vision robot2 - INFO - -50
2025-01-12 15:47:09,933 - vision robot2 - INFO - -51
2025-01-12 15:47:09,933 - vision robot2 - INFO - -51
2025-01-12 15:47:10,452 - vision robot2 - INFO - -51
2025-01-12 15:47:10,452 - vision robot2 - INFO - -51
2025-01-12 15:47:11,027 - vision robot2 - INFO - -52
2025-01-12 15:47:11,027 - vision robot2 - INFO - -52
2025-01-12 15:47:11,802 - vision robot2 - INFO - -52
2025-01-12 15:47:11,802 - vision robot2 - INFO - -52
2025-01-12 15:47:12,248 - vision robot2 - INFO - -53
2025-01-12 15:47:12,256 - vision robot2 - INFO - -53
2025-01-12 15:47:12,948 - vision robot2 - INFO - -53
2025-01-12 15:47:12,948 - vision robot2 - INFO - -53
2025-01-12 15:47:13,311 - vision robot2 - INFO - -53
2025-01-12 15:47:13,311 - vision robot2 - INFO - -53
2025-01-12 15:47:13,814 - vision robot2 - INFO - -54
2025-01-12 15:47:13,814 - vision robot2 - INFO - -54
2025-01-12 15:47:14,343 - vision robot2 - INFO - -54
2025-01-12 15:47:14,343 - vision robot2 - INFO - -54
2025-01-12 15:47:14,824 - vision robot2 - INFO - -54
2025-01-12 15:47:14,824 - vision robot2 - INFO - -54
2025-01-12 15:47:15,325 - vision robot2 - INFO - -55
2025-01-12 15:47:15,326 - vision robot2 - INFO - -55
2025-01-12 15:47:15,808 - vision robot2 - INFO - -55
2025-01-12 15:47:15,808 - vision robot2 - INFO - -55
2025-01-12 15:47:16,314 - vision robot2 - INFO - -56
2025-01-12 15:47:16,314 - vision robot2 - INFO - -56
2025-01-12 15:47:16,733 - vision robot2 - INFO - -56
2025-01-12 15:47:16,733 - vision robot2 - INFO - -56
2025-01-12 15:47:17,157 - vision robot2 - INFO - -57
2025-01-12 15:47:17,607 - vision robot2 - INFO - -57
2025-01-12 15:47:18,241 - vision robot2 - INFO - -57
2025-01-12 15:47:18,849 - vision robot2 - INFO - -58
2025-01-12 15:47:19,445 - vision robot2 - INFO - -58
2025-01-12 15:47:19,677 - vision robot2 - INFO - diameter: 250
2025-01-12 15:47:19,687 - vision robot2 - INFO - distance: 0.56824
2025-01-12 15:47:19,688 - vision robot2 - INFO - -0.6579723894504654
2025-01-12 15:47:19,689 - vision robot2 - INFO - -0.14003523869207796
2025-01-12 15:47:34,295 - vision robot2 - INFO - Feedback: Current position: (-0.9316405706159481, -0.011083080462650621, 0.01)
2025-01-12 15:47:50,689 - vision robot2 - INFO - Feedback: Current position: (-0.8901331142624969, -0.04571100424952615, 0.009999999999999998)
2025-01-12 15:48:04,885 - vision robot2 - INFO - Feedback: Current position: (-0.9417280755342485, -0.026805743747645966, 0.009999999999999998)
2025-01-12 15:48:20,105 - vision robot2 - INFO - Feedback: Current position: (-1.0350263251054046, -0.0030013871648654905, 0.01)
2025-01-12 15:48:36,536 - vision robot2 - INFO - Feedback: Current position: (-1.1293780231528001, 0.021070939197801918, 0.010000000000000002)
2025-01-12 15:48:50,959 - vision robot2 - INFO - Feedback: Current position: (-0.9482210137393077, -0.013485601584357798, 0.010000000000000004)
2025-01-12 15:49:02,779 - vision robot2 - INFO - Result: Target Reached
2025-01-12 15:49:20,385 - vision robot2 - INFO - Feedback: Current position: (-0.8642460281788904, -0.0035805137042131813, 0.010000000000000005)
2025-01-12 15:49:39,834 - vision robot2 - INFO - Feedback: Current position: (-1.2288133731737942, 0.27305554877002036, 0.01)
2025-01-12 15:49:56,252 - vision robot2 - INFO - Feedback: Current position: (-1.691949101125123, 0.41662454409269517, 0.010000000000000002)
2025-01-12 15:50:12,794 - vision robot2 - INFO - Feedback: Current position: (-2.1050355246257, 0.759475713305521, 0.010000000000000002)
2025-01-12 15:50:28,378 - vision robot2 - INFO - Feedback: Current position: (-2.435137293193103, 1.102241066500047, 0.010000000000000002)
2025-01-12 15:50:45,572 - vision robot2 - INFO - Feedback: Current position: (-2.764389342611129, 1.489599615858359, 0.010000000000000002)
2025-01-12 15:51:00,552 - vision robot2 - INFO - Feedback: Current position: (-3.1008148992635935, 1.8427987365196488, 0.009999999999999998)
2025-01-12 15:51:15,519 - vision robot2 - INFO - Feedback: Current position: (-3.336008868348073, 2.042794745515982, 0.009999999999999998)
2025-01-12 15:51:31,255 - vision robot2 - INFO - Feedback: Current position: (-3.3399664804934233, 2.069819887999477, 0.010000000000000002)
2025-01-12 15:51:41,261 - vision robot2 - INFO - Result: Target Reached
2025-01-12 15:51:41,551 - vision robot2 - INFO - dropped off
2025-01-12 15:51:55,767 - vision robot2 - INFO - Feedback: Current position: (-2.9979091406725793, 1.9192788651377308, 0.009999999999999998)
2025-01-12 15:52:09,733 - vision robot2 - INFO - Feedback: Current position: (-2.6854487114933256, 1.5338686424095758, 0.010000000000000002)
2025-01-12 15:52:22,953 - vision robot2 - INFO - Feedback: Current position: (-2.4145024296010416, 1.1374986080136456, 0.009999999999999998)
2025-01-12 15:52:36,603 - vision robot2 - INFO - Feedback: Current position: (-2.0996147700266232, 0.6956087044188637, 0.010000000000000004)
2025-01-12 15:52:51,178 - vision robot2 - INFO - Feedback: Current position: (-1.7840945847449508, 0.2968765242262814, 0.01)
2025-01-12 15:53:05,412 - vision robot2 - INFO - Feedback: Current position: (-1.3534428395463376, 0.05612513889819211, 0.009999999999999998)
2025-01-12 15:53:19,982 - vision robot2 - INFO - Feedback: Current position: (-0.8598229036697997, -0.004167929394686819, 0.010000000000000002)
2025-01-12 15:53:26,428 - vision robot2 - INFO - Result: Target Reached
2025-01-12 15:53:26,525 - vision robot2 - INFO - 0
2025-01-12 15:53:26,525 - vision robot2 - INFO - 0
2025-01-12 15:53:26,525 - vision robot2 - INFO - 0
2025-01-12 15:53:26,528 - vision robot2 - INFO - 0
2025-01-12 15:53:27,492 - vision robot2 - INFO - -1
2025-01-12 15:53:27,496 - vision robot2 - INFO - -1
2025-01-12 15:53:27,496 - vision robot2 - INFO - -1
2025-01-12 15:53:27,497 - vision robot2 - INFO - -1
2025-01-12 15:53:28,176 - vision robot2 - INFO - -2
2025-01-12 15:53:28,176 - vision robot2 - INFO - -2
2025-01-12 15:53:28,177 - vision robot2 - INFO - -2
2025-01-12 15:53:28,185 - vision robot2 - INFO - -2
2025-01-12 15:53:28,946 - vision robot2 - INFO - -3
2025-01-12 15:53:28,946 - vision robot2 - INFO - -3
2025-01-12 15:53:28,947 - vision robot2 - INFO - -3
2025-01-12 15:53:28,948 - vision robot2 - INFO - -3
2025-01-12 15:53:29,804 - vision robot2 - INFO - -3
2025-01-12 15:53:29,804 - vision robot2 - INFO - -3
2025-01-12 15:53:29,804 - vision robot2 - INFO - -3
2025-01-12 15:53:29,804 - vision robot2 - INFO - -3
2025-01-12 15:53:29,804 - vision robot2 - INFO - -3
2025-01-12 15:53:30,613 - vision robot2 - INFO - -3
2025-01-12 15:53:30,616 - vision robot2 - INFO - -3
2025-01-12 15:53:30,617 - vision robot2 - INFO - -3
2025-01-12 15:53:30,617 - vision robot2 - INFO - -3
2025-01-12 15:53:31,410 - vision robot2 - INFO - -4
2025-01-12 15:53:31,411 - vision robot2 - INFO - -4
2025-01-12 15:53:31,411 - vision robot2 - INFO - -4
2025-01-12 15:53:31,411 - vision robot2 - INFO - -4
2025-01-12 15:53:32,206 - vision robot2 - INFO - -5
2025-01-12 15:53:32,207 - vision robot2 - INFO - -5
2025-01-12 15:53:32,207 - vision robot2 - INFO - -5
2025-01-12 15:53:32,207 - vision robot2 - INFO - -5
2025-01-12 15:53:32,989 - vision robot2 - INFO - -6
2025-01-12 15:53:32,989 - vision robot2 - INFO - -6
2025-01-12 15:53:32,990 - vision robot2 - INFO - -6
2025-01-12 15:53:32,990 - vision robot2 - INFO - -6
2025-01-12 15:53:33,835 - vision robot2 - INFO - -7
2025-01-12 15:53:33,839 - vision robot2 - INFO - -7
2025-01-12 15:53:33,839 - vision robot2 - INFO - -7
2025-01-12 15:53:33,840 - vision robot2 - INFO - -7
2025-01-12 15:53:34,517 - vision robot2 - INFO - -7
2025-01-12 15:53:34,517 - vision robot2 - INFO - -7
2025-01-12 15:53:34,520 - vision robot2 - INFO - -7
2025-01-12 15:53:34,522 - vision robot2 - INFO - -7
2025-01-12 15:53:35,453 - vision robot2 - INFO - -7
2025-01-12 15:53:35,453 - vision robot2 - INFO - -7
2025-01-12 15:53:35,453 - vision robot2 - INFO - -7
2025-01-12 15:53:35,453 - vision robot2 - INFO - -7
2025-01-12 15:53:36,287 - vision robot2 - INFO - -8
2025-01-12 15:53:36,287 - vision robot2 - INFO - -8
2025-01-12 15:53:36,287 - vision robot2 - INFO - -8
2025-01-12 15:53:36,287 - vision robot2 - INFO - -8
2025-01-12 15:53:36,287 - vision robot2 - INFO - -8
2025-01-12 15:53:37,228 - vision robot2 - INFO - -8
2025-01-12 15:53:37,232 - vision robot2 - INFO - -8
2025-01-12 15:53:37,232 - vision robot2 - INFO - -8
2025-01-12 15:53:37,232 - vision robot2 - INFO - -8
2025-01-12 15:53:37,996 - vision robot2 - INFO - -8
2025-01-12 15:53:37,999 - vision robot2 - INFO - -8
2025-01-12 15:53:38,000 - vision robot2 - INFO - -8
2025-01-12 15:53:38,000 - vision robot2 - INFO - -8
2025-01-12 15:53:38,854 - vision robot2 - INFO - -9
2025-01-12 15:53:38,863 - vision robot2 - INFO - -9
2025-01-12 15:53:38,863 - vision robot2 - INFO - -9
2025-01-12 15:53:38,864 - vision robot2 - INFO - -9
2025-01-12 15:53:38,864 - vision robot2 - INFO - -9
2025-01-12 15:53:39,498 - vision robot2 - INFO - -10
2025-01-12 15:53:39,501 - vision robot2 - INFO - -10
2025-01-12 15:53:39,502 - vision robot2 - INFO - -10
2025-01-12 15:53:39,502 - vision robot2 - INFO - -10
2025-01-12 15:53:40,656 - vision robot2 - INFO - -11
2025-01-12 15:53:40,657 - vision robot2 - INFO - -11
2025-01-12 15:53:40,657 - vision robot2 - INFO - -11
2025-01-12 15:53:40,657 - vision robot2 - INFO - -11
2025-01-12 15:53:41,318 - vision robot2 - INFO - -11
2025-01-12 15:53:41,319 - vision robot2 - INFO - -11
2025-01-12 15:53:41,319 - vision robot2 - INFO - -11
2025-01-12 15:53:41,319 - vision robot2 - INFO - -11
2025-01-12 15:53:42,038 - vision robot2 - INFO - -11
2025-01-12 15:53:42,044 - vision robot2 - INFO - -11
2025-01-12 15:53:42,047 - vision robot2 - INFO - -11
2025-01-12 15:53:42,050 - vision robot2 - INFO - -11
2025-01-12 15:53:42,925 - vision robot2 - INFO - -12
2025-01-12 15:53:42,925 - vision robot2 - INFO - -12
2025-01-12 15:53:42,926 - vision robot2 - INFO - -12
2025-01-12 15:53:42,927 - vision robot2 - INFO - -12
2025-01-12 15:53:42,928 - vision robot2 - INFO - -12
2025-01-12 15:53:43,594 - vision robot2 - INFO - -13
2025-01-12 15:53:43,594 - vision robot2 - INFO - -13
2025-01-12 15:53:43,594 - vision robot2 - INFO - -13
2025-01-12 15:53:43,594 - vision robot2 - INFO - -13
2025-01-12 15:53:44,356 - vision robot2 - INFO - -14
2025-01-12 15:53:44,356 - vision robot2 - INFO - -14
2025-01-12 15:53:44,356 - vision robot2 - INFO - -14
2025-01-12 15:53:44,356 - vision robot2 - INFO - -14
2025-01-12 15:53:44,356 - vision robot2 - INFO - -14
2025-01-12 15:53:45,159 - vision robot2 - INFO - -15
2025-01-12 15:53:45,160 - vision robot2 - INFO - -15
2025-01-12 15:53:45,162 - vision robot2 - INFO - -15
2025-01-12 15:53:45,163 - vision robot2 - INFO - -15
2025-01-12 15:53:46,117 - vision robot2 - INFO - -16
2025-01-12 15:53:46,119 - vision robot2 - INFO - -16
2025-01-12 15:53:46,119 - vision robot2 - INFO - -16
2025-01-12 15:53:46,120 - vision robot2 - INFO - -16
2025-01-12 15:53:46,120 - vision robot2 - INFO - -16
2025-01-12 15:53:46,777 - vision robot2 - INFO - -16
2025-01-12 15:53:46,777 - vision robot2 - INFO - -16
2025-01-12 15:53:46,777 - vision robot2 - INFO - -16
2025-01-12 15:53:46,777 - vision robot2 - INFO - -16
2025-01-12 15:53:47,590 - vision robot2 - INFO - -17
2025-01-12 15:53:47,597 - vision robot2 - INFO - -17
2025-01-12 15:53:47,600 - vision robot2 - INFO - -17
2025-01-12 15:53:47,602 - vision robot2 - INFO - -17
2025-01-12 15:53:48,488 - vision robot2 - INFO - -17
2025-01-12 15:53:48,491 - vision robot2 - INFO - -17
2025-01-12 15:53:48,493 - vision robot2 - INFO - -17
2025-01-12 15:53:48,495 - vision robot2 - INFO - -17
2025-01-12 15:53:48,495 - vision robot2 - INFO - -17
2025-01-12 15:53:49,305 - vision robot2 - INFO - -18
2025-01-12 15:53:49,305 - vision robot2 - INFO - -18
2025-01-12 15:53:49,305 - vision robot2 - INFO - -18
2025-01-12 15:53:49,305 - vision robot2 - INFO - -18
2025-01-12 15:53:49,305 - vision robot2 - INFO - -18
2025-01-12 15:53:50,169 - vision robot2 - INFO - -18
2025-01-12 15:53:50,169 - vision robot2 - INFO - -18
2025-01-12 15:53:50,169 - vision robot2 - INFO - -18
2025-01-12 15:53:50,169 - vision robot2 - INFO - -18
2025-01-12 15:53:50,169 - vision robot2 - INFO - -18
2025-01-12 15:53:51,085 - vision robot2 - INFO - -19
2025-01-12 15:53:51,086 - vision robot2 - INFO - -19
2025-01-12 15:53:51,091 - vision robot2 - INFO - -19
2025-01-12 15:53:51,093 - vision robot2 - INFO - -19
2025-01-12 15:53:51,930 - vision robot2 - INFO - -20
2025-01-12 15:53:51,930 - vision robot2 - INFO - -20
2025-01-12 15:53:51,930 - vision robot2 - INFO - -20
2025-01-12 15:53:51,930 - vision robot2 - INFO - -20
2025-01-12 15:53:52,820 - vision robot2 - INFO - -21
2025-01-12 15:53:52,826 - vision robot2 - INFO - -21
2025-01-12 15:53:52,827 - vision robot2 - INFO - -21
2025-01-12 15:53:52,833 - vision robot2 - INFO - -21
2025-01-12 15:53:52,833 - vision robot2 - INFO - -21
2025-01-12 15:53:53,593 - vision robot2 - INFO - -21
2025-01-12 15:53:53,593 - vision robot2 - INFO - -21
2025-01-12 15:53:53,593 - vision robot2 - INFO - -21
2025-01-12 15:53:53,593 - vision robot2 - INFO - -21
2025-01-12 15:53:54,730 - vision robot2 - INFO - -21
2025-01-12 15:53:54,759 - vision robot2 - INFO - -21
2025-01-12 15:53:54,759 - vision robot2 - INFO - -21
2025-01-12 15:53:54,759 - vision robot2 - INFO - -21
2025-01-12 15:53:55,708 - vision robot2 - INFO - -21
2025-01-12 15:53:55,709 - vision robot2 - INFO - -21
2025-01-12 15:53:55,709 - vision robot2 - INFO - -21
2025-01-12 15:53:55,709 - vision robot2 - INFO - -21
2025-01-12 15:53:56,633 - vision robot2 - INFO - -22
2025-01-12 15:53:56,634 - vision robot2 - INFO - -22
2025-01-12 15:53:56,643 - vision robot2 - INFO - -22
2025-01-12 15:53:56,643 - vision robot2 - INFO - -22
2025-01-12 15:53:57,398 - vision robot2 - INFO - -23
2025-01-12 15:53:57,398 - vision robot2 - INFO - -23
2025-01-12 15:53:57,399 - vision robot2 - INFO - -23
2025-01-12 15:53:57,399 - vision robot2 - INFO - -23
2025-01-12 15:53:58,203 - vision robot2 - INFO - -24
2025-01-12 15:53:58,204 - vision robot2 - INFO - -24
2025-01-12 15:53:58,205 - vision robot2 - INFO - -24
2025-01-12 15:53:58,842 - vision robot2 - INFO - -25
2025-01-12 15:53:58,842 - vision robot2 - INFO - -25
2025-01-12 15:53:58,842 - vision robot2 - INFO - -25
2025-01-12 15:53:58,844 - vision robot2 - INFO - -25
2025-01-12 15:53:59,707 - vision robot2 - INFO - -26
2025-01-12 15:53:59,708 - vision robot2 - INFO - -26
2025-01-12 15:53:59,712 - vision robot2 - INFO - -26
2025-01-12 15:53:59,712 - vision robot2 - INFO - -26
2025-01-12 15:54:00,766 - vision robot2 - INFO - -27
2025-01-12 15:54:00,766 - vision robot2 - INFO - -27
2025-01-12 15:54:00,766 - vision robot2 - INFO - -27
2025-01-12 15:54:01,572 - vision robot2 - INFO - -27
2025-01-12 15:54:01,573 - vision robot2 - INFO - -27
2025-01-12 15:54:01,573 - vision robot2 - INFO - -27
2025-01-12 15:54:02,484 - vision robot2 - INFO - -27
2025-01-12 15:54:02,484 - vision robot2 - INFO - -27
2025-01-12 15:54:03,436 - vision robot2 - INFO - -28
2025-01-12 15:54:03,436 - vision robot2 - INFO - -28
2025-01-12 15:54:03,436 - vision robot2 - INFO - -28
2025-01-12 15:54:04,161 - vision robot2 - INFO - -29
2025-01-12 15:54:04,161 - vision robot2 - INFO - -29
2025-01-12 15:54:05,260 - vision robot2 - INFO - -30
2025-01-12 15:54:05,260 - vision robot2 - INFO - -30
2025-01-12 15:54:05,260 - vision robot2 - INFO - -30
2025-01-12 15:54:06,132 - vision robot2 - INFO - -30
2025-01-12 15:54:06,139 - vision robot2 - INFO - -30
2025-01-12 15:54:06,142 - vision robot2 - INFO - -30
2025-01-12 15:54:06,967 - vision robot2 - INFO - -30
2025-01-12 15:54:06,969 - vision robot2 - INFO - -30
2025-01-12 15:54:06,970 - vision robot2 - INFO - -30
2025-01-12 15:54:07,927 - vision robot2 - INFO - -30
2025-01-12 15:54:07,933 - vision robot2 - INFO - -30
2025-01-12 15:54:07,933 - vision robot2 - INFO - -30
2025-01-12 15:54:07,933 - vision robot2 - INFO - -30
2025-01-12 15:54:08,598 - vision robot2 - INFO - -30
2025-01-12 15:54:08,600 - vision robot2 - INFO - -30
2025-01-12 15:54:08,608 - vision robot2 - INFO - -30
2025-01-12 15:54:08,608 - vision robot2 - INFO - -30
2025-01-12 15:54:09,392 - vision robot2 - INFO - -30
2025-01-12 15:54:09,398 - vision robot2 - INFO - -30
2025-01-12 15:54:09,398 - vision robot2 - INFO - -30
2025-01-12 15:54:09,398 - vision robot2 - INFO - -30
2025-01-12 15:54:10,202 - vision robot2 - INFO - -31
2025-01-12 15:54:10,202 - vision robot2 - INFO - -31
2025-01-12 15:54:10,202 - vision robot2 - INFO - -31
2025-01-12 15:54:10,203 - vision robot2 - INFO - -31
2025-01-12 15:54:10,914 - vision robot2 - INFO - -31
2025-01-12 15:54:10,915 - vision robot2 - INFO - -31
2025-01-12 15:54:10,915 - vision robot2 - INFO - -31
2025-01-12 15:54:10,915 - vision robot2 - INFO - -31
2025-01-12 15:54:11,722 - vision robot2 - INFO - -31
2025-01-12 15:54:11,722 - vision robot2 - INFO - -31
2025-01-12 15:54:11,722 - vision robot2 - INFO - -31
2025-01-12 15:54:11,722 - vision robot2 - INFO - -31
2025-01-12 15:54:12,489 - vision robot2 - INFO - -31
2025-01-12 15:54:12,490 - vision robot2 - INFO - -31
2025-01-12 15:54:12,490 - vision robot2 - INFO - -31
2025-01-12 15:54:13,236 - vision robot2 - INFO - -31
2025-01-12 15:54:13,237 - vision robot2 - INFO - -31
2025-01-12 15:54:13,237 - vision robot2 - INFO - -31
2025-01-12 15:54:14,074 - vision robot2 - INFO - -32
2025-01-12 15:54:14,074 - vision robot2 - INFO - -32
2025-01-12 15:54:14,081 - vision robot2 - INFO - -32
2025-01-12 15:54:15,064 - vision robot2 - INFO - -33
2025-01-12 15:54:15,065 - vision robot2 - INFO - -33
2025-01-12 15:54:15,065 - vision robot2 - INFO - -33
2025-01-12 15:54:15,823 - vision robot2 - INFO - -33
2025-01-12 15:54:15,824 - vision robot2 - INFO - -33
2025-01-12 15:54:15,825 - vision robot2 - INFO - -33
2025-01-12 15:54:16,777 - vision robot2 - INFO - -34
2025-01-12 15:54:16,778 - vision robot2 - INFO - -34
2025-01-12 15:54:16,778 - vision robot2 - INFO - -34
2025-01-12 15:54:16,778 - vision robot2 - INFO - -34
2025-01-12 15:54:17,452 - vision robot2 - INFO - -35
2025-01-12 15:54:17,452 - vision robot2 - INFO - -35
2025-01-12 15:54:17,452 - vision robot2 - INFO - -35
2025-01-12 15:54:17,453 - vision robot2 - INFO - -35
2025-01-12 15:54:18,150 - vision robot2 - INFO - -36
2025-01-12 15:54:18,152 - vision robot2 - INFO - -36
2025-01-12 15:54:18,172 - vision robot2 - INFO - -36
2025-01-12 15:54:18,172 - vision robot2 - INFO - -36
2025-01-12 15:54:18,968 - vision robot2 - INFO - -36
2025-01-12 15:54:18,968 - vision robot2 - INFO - -36
2025-01-12 15:54:18,968 - vision robot2 - INFO - -36
2025-01-12 15:54:18,968 - vision robot2 - INFO - -36
2025-01-12 15:54:19,865 - vision robot2 - INFO - -37
2025-01-12 15:54:19,865 - vision robot2 - INFO - -37
2025-01-12 15:54:19,865 - vision robot2 - INFO - -37
2025-01-12 15:54:20,766 - vision robot2 - INFO - -38
2025-01-12 15:54:20,767 - vision robot2 - INFO - -38
2025-01-12 15:54:21,574 - vision robot2 - INFO - -39
2025-01-12 15:54:21,574 - vision robot2 - INFO - -39
2025-01-12 15:54:22,336 - vision robot2 - INFO - -40
2025-01-12 15:54:22,336 - vision robot2 - INFO - -40
2025-01-12 15:54:23,204 - vision robot2 - INFO - -41
2025-01-12 15:54:24,081 - vision robot2 - INFO - -42
2025-01-12 15:54:24,905 - vision robot2 - INFO - -42
2025-01-12 15:54:25,913 - vision robot2 - INFO - -42
2025-01-12 15:54:26,938 - vision robot2 - INFO - -42
2025-01-12 15:54:27,703 - vision robot2 - INFO - -43
2025-01-12 15:54:28,616 - vision robot2 - INFO - -44
2025-01-12 15:54:29,297 - vision robot2 - INFO - -45
2025-01-12 15:54:29,956 - vision robot2 - INFO - -45
2025-01-12 15:54:30,942 - vision robot2 - INFO - -45
2025-01-12 15:54:31,673 - vision robot2 - INFO - -45
2025-01-12 15:54:32,662 - vision robot2 - INFO - -45
2025-01-12 15:54:33,485 - vision robot2 - INFO - -46
2025-01-12 15:54:34,220 - vision robot2 - INFO - -46
2025-01-12 15:54:35,132 - vision robot2 - INFO - -47
2025-01-12 15:54:35,955 - vision robot2 - INFO - -47
2025-01-12 15:54:36,907 - vision robot2 - INFO - -48
2025-01-12 15:54:38,068 - vision robot2 - INFO - -48
2025-01-12 15:54:39,202 - vision robot2 - INFO - -48
2025-01-12 15:54:40,217 - vision robot2 - INFO - -48
2025-01-12 15:54:41,321 - vision robot2 - INFO - -48
2025-01-12 15:58:42,028 - vision robot2 - INFO - -129
2025-01-12 15:58:42,455 - vision robot2 - INFO - -129
2025-01-12 15:58:42,723 - vision robot2 - INFO - -129
2025-01-12 15:58:43,134 - vision robot2 - INFO - -130
2025-01-12 15:58:43,380 - vision robot2 - INFO - -130
2025-01-12 15:58:43,702 - vision robot2 - INFO - -131
2025-01-12 15:58:44,153 - vision robot2 - INFO - -131
2025-01-12 15:58:44,584 - vision robot2 - INFO - -132
2025-01-12 15:58:44,905 - vision robot2 - INFO - -133
2025-01-12 15:58:45,272 - vision robot2 - INFO - -133
2025-01-12 15:58:45,528 - vision robot2 - INFO - -134
2025-01-12 15:58:45,893 - vision robot2 - INFO - -134
2025-01-12 15:58:46,388 - vision robot2 - INFO - -134
2025-01-12 15:58:46,781 - vision robot2 - INFO - -135
2025-01-12 15:58:47,043 - vision robot2 - INFO - -135
2025-01-12 15:58:47,539 - vision robot2 - INFO - -136
2025-01-12 15:58:47,906 - vision robot2 - INFO - -136
2025-01-12 15:58:48,210 - vision robot2 - INFO - -137
2025-01-12 15:58:48,498 - vision robot2 - INFO - -137
2025-01-12 15:58:48,973 - vision robot2 - INFO - -137
2025-01-12 15:58:49,146 - vision robot2 - INFO - -138
2025-01-12 15:58:49,492 - vision robot2 - INFO - -138
2025-01-12 15:58:49,940 - vision robot2 - INFO - -138
2025-01-12 15:58:50,339 - vision robot2 - INFO - -139
2025-01-12 15:58:50,723 - vision robot2 - INFO - -139
2025-01-12 15:58:51,218 - vision robot2 - INFO - -140
2025-01-12 15:58:51,552 - vision robot2 - INFO - -140
2025-01-12 15:58:52,010 - vision robot2 - INFO - -140
2025-01-12 15:58:52,307 - vision robot2 - INFO - -140
2025-01-12 15:58:52,849 - vision robot2 - INFO - -140
2025-01-12 15:58:53,086 - vision robot2 - INFO - -140
2025-01-12 15:58:53,434 - vision robot2 - INFO - -140
2025-01-12 15:58:53,868 - vision robot2 - INFO - -140
2025-01-12 15:58:54,269 - vision robot2 - INFO - -141
2025-01-12 15:58:54,581 - vision robot2 - INFO - -141
2025-01-12 15:58:55,047 - vision robot2 - INFO - -142
2025-01-12 15:58:55,566 - vision robot2 - INFO - -142
2025-01-12 15:58:56,049 - vision robot2 - INFO - -143
2025-01-12 15:58:56,407 - vision robot2 - INFO - -143
2025-01-12 15:58:56,631 - vision robot2 - INFO - -144
2025-01-12 15:58:57,030 - vision robot2 - INFO - -144
2025-01-12 15:58:57,384 - vision robot2 - INFO - -144
2025-01-12 15:58:57,385 - vision robot2 - INFO - -144
2025-01-12 15:58:57,738 - vision robot2 - INFO - -144
2025-01-12 15:58:57,738 - vision robot2 - INFO - -144
2025-01-12 15:58:58,056 - vision robot2 - INFO - -144
2025-01-12 15:58:58,057 - vision robot2 - INFO - -144
2025-01-12 15:58:58,307 - vision robot2 - INFO - -144
2025-01-12 15:58:58,312 - vision robot2 - INFO - -144
2025-01-12 15:58:58,585 - vision robot2 - INFO - diameter: 282
2025-01-12 15:58:58,586 - vision robot2 - INFO - distance: 0.5321276595744681
2025-01-12 15:58:58,586 - vision robot2 - INFO - -0.987999324836139
2025-01-12 15:58:58,586 - vision robot2 - INFO - 0.012728188084708263
2025-01-12 15:59:14,300 - vision robot2 - INFO - Feedback: Current position: (-0.7751904015871163, -0.02370778642338814, 0.010000000000000002)
2025-01-12 15:59:30,955 - vision robot2 - INFO - Feedback: Current position: (-0.7735982596470188, -0.030688186422429972, 0.01)
2025-01-12 15:59:44,046 - vision robot2 - INFO - Result: Target Reached
2025-01-12 16:00:01,034 - vision robot2 - INFO - Feedback: Current position: (-0.7747633571939363, 0.07813315758689889, 0.01)
2025-01-12 16:00:15,670 - vision robot2 - INFO - Feedback: Current position: (-1.2006507714622447, 0.2822915944474069, 0.010000000000000004)
2025-01-12 16:00:31,247 - vision robot2 - INFO - Feedback: Current position: (-1.669903228204488, 0.39087627838579325, 0.009999999999999998)
2025-01-12 16:00:46,304 - vision robot2 - INFO - Feedback: Current position: (-2.0590542691820226, 0.6708722871136016, 0.009999999999999998)
2025-01-12 16:01:01,086 - vision robot2 - INFO - Feedback: Current position: (-2.3850260512516464, 1.0324062039732862, 0.009999999999999998)
2025-01-12 16:01:16,374 - vision robot2 - INFO - Feedback: Current position: (-2.678128439747801, 1.3602883062747744, 0.009999999999999998)
2025-01-12 16:01:32,928 - vision robot2 - INFO - Feedback: Current position: (-3.02577680002597, 1.7287246807600878, 0.010000000000000002)
2025-01-12 16:01:52,029 - vision robot2 - INFO - Feedback: Current position: (-3.3128392616823885, 2.025114404327725, 0.009999999999999997)
2025-01-12 16:02:10,076 - vision robot2 - INFO - Feedback: Current position: (-3.362426186760119, 2.0398430073672844, 0.01)
2025-01-12 16:02:25,751 - vision robot2 - INFO - Feedback: Current position: (-3.3946750328051563, 2.046302292092953, 0.010000000000000002)
2025-01-12 16:02:40,600 - vision robot2 - INFO - Feedback: Current position: (-3.4021269481128225, 2.0671176240727442, 0.009999999999999998)
2025-01-12 16:02:42,868 - vision robot2 - INFO - Result: Target Reached
2025-01-12 16:02:43,490 - vision robot2 - INFO - dropped off
2025-01-12 16:02:59,988 - vision robot2 - INFO - Feedback: Current position: (-3.000651560507095, 1.9226310294421223, 0.010000000000000002)
2025-01-12 16:03:14,019 - vision robot2 - INFO - Feedback: Current position: (-2.665223256210803, 1.5550277196344853, 0.009999999999999998)
2025-01-12 16:03:28,925 - vision robot2 - INFO - Feedback: Current position: (-2.360162427640218, 1.148596293292263, 0.009999999999999998)
2025-01-12 16:03:42,939 - vision robot2 - INFO - Feedback: Current position: (-2.061292166346207, 0.7360812403398819, 0.010000000000000004)
2025-01-12 16:03:58,028 - vision robot2 - INFO - Feedback: Current position: (-1.7607405945143797, 0.3601653412846068, 0.010000000000000004)
2025-01-12 16:04:15,282 - vision robot2 - INFO - Feedback: Current position: (-1.3105478864551103, 0.08769994461636288, 0.01)
2025-01-12 16:04:28,100 - vision robot2 - INFO - Result: Target Reached
2025-01-12 16:04:28,938 - vision robot2 - INFO - 0
2025-01-12 16:04:28,950 - vision robot2 - INFO - 0
2025-01-12 16:04:28,951 - vision robot2 - INFO - 0
2025-01-12 16:04:28,954 - vision robot2 - INFO - 0
2025-01-12 16:04:28,961 - vision robot2 - INFO - 0
2025-01-12 16:04:30,498 - vision robot2 - INFO - 0
2025-01-12 16:04:30,500 - vision robot2 - INFO - 0
2025-01-12 16:04:30,501 - vision robot2 - INFO - 0
2025-01-12 16:04:30,501 - vision robot2 - INFO - 0
2025-01-12 16:04:30,501 - vision robot2 - INFO - 0
2025-01-12 16:04:31,924 - vision robot2 - INFO - -1
2025-01-12 16:04:31,924 - vision robot2 - INFO - -1
2025-01-12 16:04:31,925 - vision robot2 - INFO - -1
2025-01-12 16:04:31,925 - vision robot2 - INFO - -1
2025-01-12 16:04:31,925 - vision robot2 - INFO - -1
2025-01-12 16:04:33,186 - vision robot2 - INFO - -1
2025-01-12 16:04:33,188 - vision robot2 - INFO - -1
2025-01-12 16:04:33,189 - vision robot2 - INFO - -1
2025-01-12 16:04:33,189 - vision robot2 - INFO - -1
2025-01-12 16:04:33,189 - vision robot2 - INFO - -1
2025-01-12 16:04:34,364 - vision robot2 - INFO - -1
2025-01-12 16:04:34,364 - vision robot2 - INFO - -1
2025-01-12 16:04:34,364 - vision robot2 - INFO - -1
2025-01-12 16:04:34,364 - vision robot2 - INFO - -1
2025-01-12 16:04:34,364 - vision robot2 - INFO - -1
2025-01-12 16:04:36,014 - vision robot2 - INFO - -1
2025-01-12 16:04:36,017 - vision robot2 - INFO - -1
2025-01-12 16:04:36,023 - vision robot2 - INFO - -1
2025-01-12 16:04:36,040 - vision robot2 - INFO - -1
2025-01-12 16:04:36,040 - vision robot2 - INFO - -1
2025-01-12 16:04:37,301 - vision robot2 - INFO - -1
2025-01-12 16:04:37,301 - vision robot2 - INFO - -1
2025-01-12 16:04:37,302 - vision robot2 - INFO - -1
2025-01-12 16:04:37,302 - vision robot2 - INFO - -1
2025-01-12 16:04:39,170 - vision robot2 - INFO - -1
2025-01-12 16:04:39,170 - vision robot2 - INFO - -1
2025-01-12 16:04:39,170 - vision robot2 - INFO - -1
2025-01-12 16:04:39,170 - vision robot2 - INFO - -1
2025-01-12 16:04:39,170 - vision robot2 - INFO - -1
2025-01-12 16:04:40,135 - vision robot2 - INFO - -1
2025-01-12 16:04:40,150 - vision robot2 - INFO - -1
2025-01-12 16:04:40,154 - vision robot2 - INFO - -1
2025-01-12 16:04:40,155 - vision robot2 - INFO - -1
2025-01-12 16:04:40,155 - vision robot2 - INFO - -1
2025-01-12 16:04:41,948 - vision robot2 - INFO - -1
2025-01-12 16:04:41,950 - vision robot2 - INFO - -1
2025-01-12 16:04:41,951 - vision robot2 - INFO - -1
2025-01-12 16:04:41,951 - vision robot2 - INFO - -1
2025-01-12 16:04:41,953 - vision robot2 - INFO - -1
2025-01-12 16:04:43,887 - vision robot2 - INFO - -2
2025-01-12 16:04:43,887 - vision robot2 - INFO - -2
2025-01-12 16:04:43,888 - vision robot2 - INFO - -2
2025-01-12 16:04:43,888 - vision robot2 - INFO - -2
2025-01-12 16:04:43,888 - vision robot2 - INFO - -2
2025-01-12 16:04:45,288 - vision robot2 - INFO - -3
2025-01-12 16:04:45,288 - vision robot2 - INFO - -3
2025-01-12 16:04:45,288 - vision robot2 - INFO - -3
2025-01-12 16:04:45,288 - vision robot2 - INFO - -3
2025-01-12 16:04:45,288 - vision robot2 - INFO - -3
2025-01-12 16:04:46,295 - vision robot2 - INFO - -4
2025-01-12 16:04:46,296 - vision robot2 - INFO - -4
2025-01-12 16:04:46,298 - vision robot2 - INFO - -4
2025-01-12 16:04:46,299 - vision robot2 - INFO - -4
2025-01-12 16:04:46,299 - vision robot2 - INFO - -4
2025-01-12 16:04:47,937 - vision robot2 - INFO - -4
2025-01-12 16:04:47,942 - vision robot2 - INFO - -4
2025-01-12 16:04:47,944 - vision robot2 - INFO - -4
2025-01-12 16:04:47,946 - vision robot2 - INFO - -4
2025-01-12 16:04:47,949 - vision robot2 - INFO - -4
2025-01-12 16:04:49,586 - vision robot2 - INFO - -5
2025-01-12 16:04:49,587 - vision robot2 - INFO - -5
2025-01-12 16:04:49,587 - vision robot2 - INFO - -5
2025-01-12 16:04:49,587 - vision robot2 - INFO - -5
2025-01-12 16:04:49,587 - vision robot2 - INFO - -5
2025-01-12 16:04:51,435 - vision robot2 - INFO - -5
2025-01-12 16:04:51,448 - vision robot2 - INFO - -5
2025-01-12 16:04:51,449 - vision robot2 - INFO - -5
2025-01-12 16:04:51,449 - vision robot2 - INFO - -5
2025-01-12 16:04:51,449 - vision robot2 - INFO - -5
2025-01-12 16:04:52,835 - vision robot2 - INFO - -5
2025-01-12 16:04:52,836 - vision robot2 - INFO - -5
2025-01-12 16:04:52,837 - vision robot2 - INFO - -5
2025-01-12 16:04:52,838 - vision robot2 - INFO - -5
2025-01-12 16:04:52,839 - vision robot2 - INFO - -5
2025-01-12 16:04:54,385 - vision robot2 - INFO - -6
2025-01-12 16:04:54,385 - vision robot2 - INFO - -6
2025-01-12 16:04:54,386 - vision robot2 - INFO - -6
2025-01-12 16:04:54,386 - vision robot2 - INFO - -6
2025-01-12 16:04:54,386 - vision robot2 - INFO - -6
2025-01-12 16:04:55,904 - vision robot2 - INFO - -7
2025-01-12 16:04:55,904 - vision robot2 - INFO - -7
2025-01-12 16:04:55,904 - vision robot2 - INFO - -7
2025-01-12 16:04:55,905 - vision robot2 - INFO - -7
2025-01-12 16:04:55,905 - vision robot2 - INFO - -7
2025-01-12 16:04:57,124 - vision robot2 - INFO - -8
2025-01-12 16:04:57,124 - vision robot2 - INFO - -8
2025-01-12 16:04:57,124 - vision robot2 - INFO - -8
2025-01-12 16:04:57,125 - vision robot2 - INFO - -8
2025-01-12 16:04:57,126 - vision robot2 - INFO - -8
2025-01-12 16:04:59,283 - vision robot2 - INFO - -9
2025-01-12 16:04:59,284 - vision robot2 - INFO - -9
2025-01-12 16:04:59,285 - vision robot2 - INFO - -9
2025-01-12 16:04:59,285 - vision robot2 - INFO - -9
2025-01-12 16:04:59,285 - vision robot2 - INFO - -9
2025-01-12 16:05:00,259 - vision robot2 - INFO - -9
2025-01-12 16:05:00,270 - vision robot2 - INFO - -9
2025-01-12 16:05:00,271 - vision robot2 - INFO - -9
2025-01-12 16:05:00,273 - vision robot2 - INFO - -9
2025-01-12 16:05:00,273 - vision robot2 - INFO - -9
2025-01-12 16:05:01,694 - vision robot2 - INFO - -9
2025-01-12 16:05:01,694 - vision robot2 - INFO - -9
2025-01-12 16:05:01,695 - vision robot2 - INFO - -9
2025-01-12 16:05:01,695 - vision robot2 - INFO - -9
2025-01-12 16:05:01,695 - vision robot2 - INFO - -9
2025-01-12 16:05:02,812 - vision robot2 - INFO - -10
2025-01-12 16:05:02,813 - vision robot2 - INFO - -10
2025-01-12 16:05:02,815 - vision robot2 - INFO - -10
2025-01-12 16:05:02,815 - vision robot2 - INFO - -10
2025-01-12 16:05:02,815 - vision robot2 - INFO - -10
2025-01-12 16:05:04,218 - vision robot2 - INFO - -10
2025-01-12 16:05:04,218 - vision robot2 - INFO - -10
2025-01-12 16:05:04,218 - vision robot2 - INFO - -10
2025-01-12 16:05:04,218 - vision robot2 - INFO - -10
2025-01-12 16:05:04,219 - vision robot2 - INFO - -10
2025-01-12 16:05:05,358 - vision robot2 - INFO - -10
2025-01-12 16:05:05,379 - vision robot2 - INFO - -10
2025-01-12 16:05:05,380 - vision robot2 - INFO - -10
2025-01-12 16:05:05,380 - vision robot2 - INFO - -10
2025-01-12 16:05:05,380 - vision robot2 - INFO - -10
