target x: -1.2611616032923174
target y: 0.026900435449495694
Feedback: Current position: (-3.0364155777861486, -0.010046839951786887, 0.009999999999999998)
Feedback: Current position: (-2.5515835886070084, -0.03239838200175309, 0.01)
Feedback: Current position: (-2.0664991346458423, -0.03327042865669949, 0.01)
Feedback: Current position: (-1.5834065550676357, -0.03410190259786476, 0.009999999999999997)
target x: -3.5
target y: 2.2
Feedback: Current position: (-1.4010631798537583, 0.20531747348994234, 0.009999999999999998)
Feedback: Current position: (-1.7566896559495921, 0.564019625969652, 0.01)
Feedback: Current position: (-2.1466796427122636, 0.8832333938652083, 0.010000000000000002)
Feedback: Current position: (-2.4950536910434176, 1.250315492493387, 0.010000000000000005)
Feedback: Current position: (-2.8784546051647615, 1.5950522724140899, 0.010000000000000002)
Feedback: Current position: (-3.2116688176451755, 1.9481325331818504, 0.009999999999999998)
Feedback: Current position: (-3.325658012994275, 2.0528434993548057, 0.01)
Feedback: Current position: (-3.37745711196814, 2.0474034485215444, 0.010000000000000004)
target x: -1.0611616032923175
target y: 0.2269004354494957
Feedback: Current position: (-2.9631501229078907, 1.91261532575927, 0.010000000000000002)
Feedback: Current position: (-2.6600407544800104, 1.5395474517822785, 0.010000000000000002)
Feedback: Current position: (-2.3557319179917195, 1.150275051154418, 0.01)
Feedback: Current position: (-2.0950645564136847, 0.7747942091366109, 0.01)
Feedback: Current position: (-1.835259073436937, 0.42961941453926966, 0.010000000000000002)
Feedback: Current position: (-1.5338323123238675, 0.2043591415368578, 0.010000000000000002)
Feedback: Current position: (-1.287117524454259, 0.22035916891771662, 0.01)
Feedback: Current position: (-1.2765819794819744, 0.22119204763297523, 0.010000000000000002)
target x: -1.2621875387558847
target y: 0.07291356732841522
Feedback: Current position: (-3.033549249578202, -0.004619215297992367, 0.01)
Feedback: Current position: (-2.5558719998400816, -0.018699787763828826, 0.010000000000000002)
Feedback: Current position: (-2.0558084912773458, -0.01841256168464859, 0.010000000000000002)
Feedback: Current position: (-1.5776932569302267, 0.012622322348893211, 0.01)
target x: -3.5
target y: 2.2
Feedback: Current position: (-1.4618923576743668, 0.20287263723919952, 0.010000000000000002)
Feedback: Current position: (-1.8007348841000554, 0.5553806289320621, 0.01)
Feedback: Current position: (-2.1631972876711734, 0.8635854817902173, 0.010000000000000004)
Feedback: Current position: (-2.49147953223525, 1.209604895903564, 0.010000000000000002)
Feedback: Current position: (-2.7707829723577233, 1.4605889092747528, 0.009999999999999998)
Feedback: Current position: (-3.048435789151525, 1.7396568569165467, 0.009999999999999997)
target x: -1.2624172198607786
target y: 0.07965112695017605
Feedback: Current position: (-3.056448964434313, 0.002911193688513825, 0.01)
Feedback: Current position: (-2.5649450352048375, -0.004144545658519265, 0.009999999999999997)
Feedback: Current position: (-2.0727051276341273, -0.013048658815012992, 0.01)
Feedback: Current position: (-1.59453288009485, 0.009523079612163383, 0.009999999999999998)
target x: -1.2617971863370707
target y: 0.05974248832568857
Feedback: Current position: (-3.0420556203421643, -0.014121298138247093, 0.01)
Feedback: Current position: (-2.5593234238358775, -0.033423198491302035, 0.009999999999999997)
Feedback: Current position: (-2.0631875326914493, -0.017048905192352148, 0.01)
Feedback: Current position: (-1.5769937421802118, 0.012088677748054133, 0.01)
target x: -3.5
target y: 2.2
Feedback: Current position: (-1.4053704080970286, 0.22060336714048556, 0.010000000000000004)
Feedback: Current position: (-1.7802623887635995, 0.5701535433879845, 0.009999999999999998)
Feedback: Current position: (-2.1698702183880343, 0.8891677349400934, 0.01)
Feedback: Current position: (-2.5159430274695116, 1.2483094947056614, 0.009999999999999997)
Feedback: Current position: (-2.8652819595134837, 1.639440569672806, 0.010000000000000002)
Feedback: Current position: (-3.2151673990787732, 1.9648313375810869, 0.009999999999999998)
Feedback: Current position: (-3.3213122862953797, 2.0493437363633196, 0.009999999999999998)
Feedback: Current position: (-3.398849937287581, 2.020318077045658, 0.01)
target x: -1.0617971863370708
target y: 0.2597424883256886
Feedback: Current position: (-3.044337294557728, 1.91861420392102, 0.009999999999999998)
Feedback: Current position: (-2.699129423442496, 1.5573527300220305, 0.009999999999999998)
Feedback: Current position: (-2.404880148480297, 1.1503932588485284, 0.010000000000000002)
Feedback: Current position: (-2.1668706984299657, 0.8773596147203682, 0.009999999999999998)
Feedback: Current position: (-1.870748594161186, 0.5487916813682543, 0.010000000000000002)
Feedback: Current position: (-1.6267857528260457, 0.33530171269878595, 0.009999999999999997)
Feedback: Current position: (-1.2825323946248819, 0.25978827179725766, 0.01)
Feedback: Current position: (-1.277066565378231, 0.24103183048188387, 0.009999999999999998)
Feedback: Current position: (-1.2860106780692413, 0.2407750731387776, 0.009999999999999998)
Feedback: Current position: (-1.2719899092807516, 0.24438437465562507, 0.010000000000000004)
target x: -0.6579723894504654
target y: -0.14003523869207796
Feedback: Current position: (-0.9316405706159481, -0.011083080462650621, 0.01)
Feedback: Current position: (-0.8901331142624969, -0.04571100424952615, 0.009999999999999998)
Feedback: Current position: (-0.9417280755342485, -0.026805743747645966, 0.009999999999999998)
Feedback: Current position: (-1.0350263251054046, -0.0030013871648654905, 0.01)
Feedback: Current position: (-1.1293780231528001, 0.021070939197801918, 0.010000000000000002)
Feedback: Current position: (-0.9482210137393077, -0.013485601584357798, 0.010000000000000004)
target x: -3.5
target y: 2.2
Feedback: Current position: (-0.8642460281788904, -0.0035805137042131813, 0.010000000000000005)
Feedback: Current position: (-1.2288133731737942, 0.27305554877002036, 0.01)
Feedback: Current position: (-1.691949101125123, 0.41662454409269517, 0.010000000000000002)
Feedback: Current position: (-2.1050355246257, 0.759475713305521, 0.010000000000000002)
Feedback: Current position: (-2.435137293193103, 1.102241066500047, 0.010000000000000002)
Feedback: Current position: (-2.764389342611129, 1.489599615858359, 0.010000000000000002)
Feedback: Current position: (-3.1008148992635935, 1.8427987365196488, 0.009999999999999998)
Feedback: Current position: (-3.336008868348073, 2.042794745515982, 0.009999999999999998)
Feedback: Current position: (-3.3399664804934233, 2.069819887999477, 0.010000000000000002)
target x: -0.4579723894504654
target y: 0.059964761307922054
Feedback: Current position: (-2.9979091406725793, 1.9192788651377308, 0.009999999999999998)
Feedback: Current position: (-2.6854487114933256, 1.5338686424095758, 0.010000000000000002)
Feedback: Current position: (-2.4145024296010416, 1.1374986080136456, 0.009999999999999998)
Feedback: Current position: (-2.0996147700266232, 0.6956087044188637, 0.010000000000000004)
Feedback: Current position: (-1.7840945847449508, 0.2968765242262814, 0.01)
Feedback: Current position: (-1.3534428395463376, 0.05612513889819211, 0.009999999999999998)
Feedback: Current position: (-0.8598229036697997, -0.004167929394686819, 0.010000000000000002)
target x: -0.987999324836139
target y: 0.012728188084708263
Feedback: Current position: (-0.7751904015871163, -0.02370778642338814, 0.010000000000000002)
Feedback: Current position: (-0.7735982596470188, -0.030688186422429972, 0.01)
target x: -3.5
target y: 2.2
Feedback: Current position: (-0.7747633571939363, 0.07813315758689889, 0.01)
Feedback: Current position: (-1.2006507714622447, 0.2822915944474069, 0.010000000000000004)
Feedback: Current position: (-1.669903228204488, 0.39087627838579325, 0.009999999999999998)
Feedback: Current position: (-2.0590542691820226, 0.6708722871136016, 0.009999999999999998)
Feedback: Current position: (-2.3850260512516464, 1.0324062039732862, 0.009999999999999998)
Feedback: Current position: (-2.678128439747801, 1.3602883062747744, 0.009999999999999998)
Feedback: Current position: (-3.02577680002597, 1.7287246807600878, 0.010000000000000002)
Feedback: Current position: (-3.3128392616823885, 2.025114404327725, 0.009999999999999997)
Feedback: Current position: (-3.362426186760119, 2.0398430073672844, 0.01)
Feedback: Current position: (-3.3946750328051563, 2.046302292092953, 0.010000000000000002)
Feedback: Current position: (-3.4021269481128225, 2.0671176240727442, 0.009999999999999998)
target x: -0.787999324836139
target y: 0.21272818808470828
Feedback: Current position: (-3.000651560507095, 1.9226310294421223, 0.010000000000000002)
Feedback: Current position: (-2.665223256210803, 1.5550277196344853, 0.009999999999999998)
Feedback: Current position: (-2.360162427640218, 1.148596293292263, 0.009999999999999998)
Feedback: Current position: (-2.061292166346207, 0.7360812403398819, 0.010000000000000004)
Feedback: Current position: (-1.7607405945143797, 0.3601653412846068, 0.010000000000000004)
Feedback: Current position: (-1.3105478864551103, 0.08769994461636288, 0.01)
