target x: 1.9578497685845664
target y: -1.7668721586638698
Feedback: Current position: (-3.042201735138413, -2.010475351698418, 0.009999999999999997)
Feedback: Current position: (-2.5420635253555353, -2.012096970722284, 0.01)
Feedback: Current position: (-2.057695203807798, -2.0046936567615243, 0.009999999999999998)
Feedback: Current position: (-1.5695057131678276, -2.003241993214483, 0.009999999999999998)
Feedback: Current position: (-1.0290341763432762, -2.0157670018451053, 0.009999999999999998)
Feedback: Current position: (-0.5460350379334082, -2.0195733288498454, 0.01)
Feedback: Current position: (-0.06288422214887479, -2.0059474142034177, 0.010000000000000002)
Feedback: Current position: (0.40871573391467253, -2.0000407861023466, 0.009999999999999998)
Feedback: Current position: (0.9231364272096183, -2.002297927119059, 0.009999999999999998)
Feedback: Current position: (1.446063918772908, -1.931879144524094, 0.01)
Feedback: Current position: (1.7495767202174264, -1.8400780835565431, 0.009999999999999997)
target x: 1.4531231425286522
target y: -1.9831112989980006
Feedback: Current position: (1.6739018221407598, -1.9186081707048421, 0.010000000000000002)
Feedback: Current position: (1.6676355992761915, -1.9218750082675584, 0.010000000000000004)
target x: 2.5
target y: -2.2
Feedback: Current position: (2.061412715319606, -2.0446322361219855, 0.009999999999999998)
target x: 1.6531231425286521
target y: -1.7831112989980007
Feedback: Current position: (2.30314102112087, -2.05881620366374, 0.009999999999999995)
Feedback: Current position: (1.9799665257152186, -1.7675031716458833, 0.009999999999999998)
Feedback: Current position: (1.8882476830519606, -1.7464458300819574, 0.01)
Feedback: Current position: (1.8876065529334465, -1.7182721100276819, 0.009999999999999998)
Feedback: Current position: (1.8831605197221317, -1.7814967344390724, 0.010000000000000002)
Feedback: Current position: (1.8720446041856613, -1.7539566314829735, 0.010000000000000005)
target x: 1.1675581728499598
target y: 1.8490009832431478
Feedback: Current position: (-3.056835574073311, 1.9735385324538564, 0.01)
Feedback: Current position: (-2.5729178913969437, 1.9617839828207626, 0.01)
Feedback: Current position: (-2.0816222439500827, 1.971062053542237, 0.009999999999999998)
Feedback: Current position: (-1.6125352493852751, 1.9748078581096158, 0.01)
Feedback: Current position: (-1.124521798596815, 1.9646470114514671, 0.01)
Feedback: Current position: (-0.6309655179292264, 1.9867628160655686, 0.010000000000000002)
Feedback: Current position: (-0.09502006577174615, 1.9634974358495483, 0.010000000000000002)
Feedback: Current position: (0.39189670595331716, 1.9516357696233084, 0.009999999999999998)
Feedback: Current position: (0.8261834590965744, 1.9148713688780805, 0.009999999999999998)
Feedback: Current position: (0.9532495608092213, 1.9212525576850288, 0.009999999999999998)
Feedback: Current position: (0.9697608697396807, 1.9227471089769104, 0.01)
Feedback: Current position: (1.0095548592532477, 1.9335097950796054, 0.01)
target x: 2.5
target y: 2.2
Feedback: Current position: (1.4647883372860142, 2.0185263552448123, 0.01)
Feedback: Current position: (1.9183417158012293, 2.0421416690019196, 0.01)
target x: 1.3675581728499597
target y: 2.0490009832431477
Feedback: Current position: (2.2895500125370187, 2.1112286544745245, 0.009999999999999997)
Feedback: Current position: (2.2899417794895065, 2.111257858059757, 0.01)
Feedback: Current position: (2.2901772819007142, 2.1112754367085333, 0.009999999999999998)
Feedback: Current position: (2.2901771243807216, 2.1112754369479823, 0.009999999999999998)
Feedback: Current position: (2.2901778428271715, 2.1112754988308944, 0.009999999999999997)
Feedback: Current position: (2.2901805200373815, 2.111275592888698, 0.009999999999999997)
Feedback: Current position: (2.274804090370309, 2.046467971263437, 0.009999999999999998)
Feedback: Current position: (1.8687122846181028, 1.8687288290280384, 0.010000000000000002)
Feedback: Current position: (1.5464494647303861, 1.9371924264199167, 0.010000000000000002)
target x: 1.1694907952902467
target y: 2.068961675586128
Feedback: Current position: (-3.0478577644218356, 2.0009699358257067, 0.010000000000000002)
Feedback: Current position: (-2.566868502863273, 1.9883873084592343, 0.009999999999999998)
Feedback: Current position: (-2.0693410651728286, 1.9896029110339617, 0.01)
Feedback: Current position: (-1.5707492977655264, 1.97214467706422, 0.01)
Feedback: Current position: (-1.108925276446271, 1.9918131037009017, 0.009999999999999998)
Feedback: Current position: (-0.6053075954440819, 1.967665453102112, 0.010000000000000002)
Feedback: Current position: (-0.1136870354756403, 1.9900264278913866, 0.01)
Feedback: Current position: (0.37658107934848273, 2.0189360545869484, 0.009999999999999998)
Feedback: Current position: (0.8610929522846922, 2.0560730678982724, 0.010000000000000002)
target x: 2.5
target y: 2.2
Feedback: Current position: (1.3854105651425606, 2.0647372060052103, 0.010000000000000005)
target x: 1.1692534914796644
target y: 2.0834974987946073
Feedback: Current position: (-3.0360665902450465, 2.0030865513684804, 0.01)
Feedback: Current position: (-2.5592490745194256, 1.9815099977009232, 0.01)
Feedback: Current position: (-2.055044958968546, 1.9714118981594964, 0.01)
Feedback: Current position: (-1.571940492429089, 1.9809805082477092, 0.01)
Feedback: Current position: (-1.0789097303920445, 1.9704236042882346, 0.01)
Feedback: Current position: (-0.6002921556734107, 1.9650791069317468, 0.009999999999999993)
Feedback: Current position: (-0.09650371019126602, 1.9825404147095065, 0.01)
target x: 0.09130154964514464
target y: -1.0214512827697926
Feedback: Current position: (-3.06707975348228, -2.0107934450737797, 0.01)
Feedback: Current position: (-2.592589407148168, -2.0371789628473653, 0.009999999999999998)
Feedback: Current position: (-2.1023499747338166, -2.041510319130147, 0.01)
target x: 1.169978622051854
target y: 2.01413044863603
Feedback: Current position: (-3.0337603917118905, 1.986153822244516, 0.009999999999999998)
Feedback: Current position: (-2.563347899728541, 1.9688256531014405, 0.010000000000000002)
Feedback: Current position: (-2.0727922685553946, 1.9555147459881157, 0.010000000000000002)
Feedback: Current position: (-1.5787727763002062, 1.9497485016391733, 0.01)
Feedback: Current position: (-1.1025137899600455, 1.945720341260765, 0.010000000000000002)
Feedback: Current position: (-0.6227958930111508, 1.947860550068758, 0.01)
Feedback: Current position: (-0.1373369441767469, 1.933918500736609, 0.009999999999999998)
Feedback: Current position: (0.33259470582439876, 1.9454251825935522, 0.010000000000000004)
Feedback: Current position: (0.8114783710930125, 1.9720391885701867, 0.01)
Feedback: Current position: (0.9400385130331119, 1.969274898922268, 0.009999999999999997)
Feedback: Current position: (0.9804553072370101, 1.9264001279608034, 0.009999999999999998)
Feedback: Current position: (1.0039530841632378, 1.921838146981449, 0.009999999999999997)
target x: 2.5
target y: 2.2
Feedback: Current position: (1.4743772826581956, 1.970128030668581, 0.009999999999999998)
Feedback: Current position: (1.9730515449901525, 2.0105835576013313, 0.010000000000000002)
Feedback: Current position: (2.2799802448802726, 2.111732785312956, 0.009999999999999998)
target x: 1.369978622051854
target y: 2.21413044863603
Feedback: Current position: (2.296800126387206, 2.203374842190599, 0.010000000000000002)
Feedback: Current position: (1.8418693286123689, 2.346408759541648, 0.010000000000000002)
Feedback: Current position: (1.5684187462860382, 2.3195270215348707, 0.010000000000000002)
Feedback: Current position: (1.5739207693413717, 2.3300540596447643, 0.009999999999999998)
target x: 2.087726258126469
target y: 0.9888801350636149
Feedback: Current position: (1.7216874779425178, 1.8912090859476323, 0.009999999999999998)
Feedback: Current position: (1.8843536281228488, 1.3965619959016569, 0.01)
Feedback: Current position: (1.96634860953356, 1.1873656799601418, 0.01)
target x: 2.5
target y: 2.2
Feedback: Current position: (2.296972637994104, 1.3803133754997274, 0.009999999999999997)
Feedback: Current position: (2.402809291070612, 1.8566655787500383, 0.010000000000000002)
Feedback: Current position: (2.4335335354814562, 1.982757942128778, 0.01)
Feedback: Current position: (2.442701169672602, 2.003439467688944, 0.01)
Feedback: Current position: (2.387516787839968, 1.9917951533971499, 0.01)
Feedback: Current position: (2.2923231547010268, 1.968562399179415, 0.009999999999999998)
Feedback: Current position: (2.1966011880167318, 1.9452007849665718, 0.01)
Feedback: Current position: (2.3623936924524487, 2.0200718965694584, 0.010000000000000002)
target x: 2.2877262581264692
target y: 1.188880135063615
Feedback: Current position: (2.4753843020310793, 1.8673932958768409, 0.009999999999999998)
Feedback: Current position: (2.3964464497874713, 1.3888225689814635, 0.009999999999999998)
Feedback: Current position: (2.3955636903499347, 1.371693826337972, 0.010000000000000005)
Feedback: Current position: (2.397054565517408, 1.3576764283157639, 0.009999999999999995)
Feedback: Current position: (2.393900293319418, 1.338899631509333, 0.009999999999999998)
Feedback: Current position: (2.396034311061437, 1.3947036881283794, 0.009999999999999995)
target x: 2.2634268798721875
target y: 0.3867481071427401
Feedback: Current position: (2.3667548552099413, 0.9505096500542576, 0.01)
Feedback: Current position: (2.3229214884218568, 0.6042609553093665, 0.01)
Feedback: Current position: (2.328689028081813, 0.6212411323595284, 0.010000000000000002)
target x: 2.5
target y: 2.2
Feedback: Current position: (2.4666680481853835, 0.7708426702157727, 0.010000000000000005)
Feedback: Current position: (2.3996939322805257, 1.2688685230770722, 0.01)
Feedback: Current position: (2.34782912735918, 1.7467884865571512, 0.01)
Feedback: Current position: (2.4148523057325204, 1.995682887453567, 0.010000000000000002)
Feedback: Current position: (2.4063034962367897, 2.000619023472578, 0.01)
target x: 2.4634268798721877
target y: 0.5867481071427401
Feedback: Current position: (2.5700003993950324, 1.7750727620519386, 0.010000000000000002)
Feedback: Current position: (2.441006916268415, 1.2707756399044992, 0.010000000000000002)
Feedback: Current position: (2.3983286985498133, 0.8460071410005314, 0.01)
Feedback: Current position: (2.3911652001123813, 0.8065521637978981, 0.01)
Feedback: Current position: (2.4158338247600413, 0.8133799163078403, 0.009999999999999997)
target x: 1.1654123972761772
target y: 1.7930527522730875
Feedback: Current position: (-3.056230031504426, 1.9802540237036321, 0.01)
Feedback: Current position: (-2.5562536293127858, 1.952975152200353, 0.01)
Feedback: Current position: (-2.073235845056849, 1.9408988361114419, 0.010000000000000002)
Feedback: Current position: (-1.5791262474387966, 1.9444737751605876, 0.01)
Feedback: Current position: (-1.0872970744418557, 1.9326421050659093, 0.01)
Feedback: Current position: (-0.5592459592221126, 1.9168134533178924, 0.010000000000000002)
Feedback: Current position: (-0.06820557590583798, 1.9221426635144248, 0.009999999999999998)
Feedback: Current position: (0.44934884228219873, 1.9117698096213707, 0.01)
Feedback: Current position: (0.8950569481632065, 1.8642333411329335, 0.009999999999999998)
target x: 2.5
target y: 2.2
Feedback: Current position: (1.3788314611807855, 1.8246488945662227, 0.01)
Feedback: Current position: (1.8669883490042887, 1.94679965436761, 0.010000000000000002)
Feedback: Current position: (2.2885276658103324, 2.103603404021056, 0.01)
target x: 1.3654123972761771
target y: 1.9930527522730874
Feedback: Current position: (2.3349732691588843, 2.101219747467021, 0.009999999999999995)
Feedback: Current position: (2.0601598931399883, 1.8476568632251127, 0.009999999999999997)
Feedback: Current position: (1.6020970664734162, 1.9052488179816252, 0.01)
Feedback: Current position: (1.5642887760256219, 1.9087025072059263, 0.009999999999999997)
Feedback: Current position: (1.5757282965060275, 1.8937082386515653, 0.010000000000000002)
target x: 2.0834627358065685
target y: 1.1880028942913659
Feedback: Current position: (1.8238028358542695, 1.532198536849166, 0.009999999999999995)
Feedback: Current position: (1.9617850314318153, 1.3283367708160014, 0.01)
target x: 2.5
target y: 2.2
Feedback: Current position: (2.301197355807926, 1.5259733574277603, 0.010000000000000002)
Feedback: Current position: (2.4464510762578504, 1.9554979144124112, 0.01)
Feedback: Current position: (2.4370765102943377, 1.9784475014620386, 0.01)
target x: 2.2834627358065687
target y: 1.3880028942913658
Feedback: Current position: (2.5753714034947643, 1.746244203696228, 0.01)
Feedback: Current position: (2.4696753523768593, 1.4995710843572463, 0.010000000000000004)
Feedback: Current position: (2.4701433128010364, 1.5091205916109454, 0.009999999999999998)
Feedback: Current position: (2.45571743578522, 1.5045807241927078, 0.010000000000000004)
Feedback: Current position: (2.439969650610524, 1.5126180214237959, 0.009999999999999998)
target x: 2.1482560533489723
target y: 0.46195917764121275
Feedback: Current position: (2.337777973399695, 1.06818260894032, 0.01)
Feedback: Current position: (2.2175412346471353, 0.6584901279757012, 0.01)
Feedback: Current position: (2.23516537627773, 0.6143215755886047, 0.01)
target x: 2.5
target y: 2.2
Feedback: Current position: (2.4392632360700786, 0.8632020260331648, 0.01)
Feedback: Current position: (2.395094517397521, 1.3839228921238962, 0.010000000000000002)
Feedback: Current position: (2.3764399713832645, 1.877049203919671, 0.010000000000000004)
Feedback: Current position: (2.3941770437287664, 1.984869351154111, 0.010000000000000002)
target x: 2.3482560533489725
target y: 0.6619591776412128
Feedback: Current position: (2.4696743868955164, 1.823541550630313, 0.009999999999999998)
Feedback: Current position: (2.387965408717942, 1.3202405114520885, 0.01)
Feedback: Current position: (2.339762771392408, 0.8900441113607296, 0.010000000000000002)
Feedback: Current position: (2.337198296987294, 0.8524179814445055, 0.01)
target x: 1.4624823973677707
target y: 0.490945617555156
Feedback: Current position: (1.9255914487617845, 0.6551455179638561, 0.010000000000000002)
Feedback: Current position: (1.6739171669770543, 0.5470158488362487, 0.009999999999999998)
Feedback: Current position: (1.6629081311981206, 0.5720095234472742, 0.009999999999999998)
Feedback: Current position: (1.6615725510101136, 0.5485428225137803, 0.009999999999999995)
Feedback: Current position: (1.6602402009131376, 0.5446554920428639, 0.009999999999999998)
target x: 2.1844269936127967
target y: 0.2877314449376772
Feedback: Current position: (1.995764756757878, 0.41533932127739326, 0.01)
target x: 2.5
target y: 2.2
Feedback: Current position: (2.3059333073001342, 0.6194572655316049, 0.01)
Feedback: Current position: (2.357524038799998, 1.1348451768939865, 0.010000000000000002)
Feedback: Current position: (2.3158211051079007, 1.6438681076800463, 0.01)
Feedback: Current position: (2.3895728910905447, 2.006708064448395, 0.01)
Feedback: Current position: (2.4092893027535007, 1.9924709681873616, 0.010000000000000002)
target x: 2.3482560533489725
target y: 0.6619591776412128
Feedback: Current position: (2.499508479441562, 1.806898030934516, 0.009999999999999993)
Feedback: Current position: (2.3951176593517336, 1.3047056488424453, 0.009999999999999998)
Feedback: Current position: (2.3375679467473147, 0.8772647065280281, 0.01)
Feedback: Current position: (2.3539002138933034, 0.8826864146411507, 0.010000000000000002)
target x: 1.8129742909406148
target y: 0.794153331585836
Feedback: Current position: (2.0193903648149374, 0.8609042805798577, 0.01)
Feedback: Current position: (1.9945059550967765, 0.8634802146444744, 0.01)
Feedback: Current position: (1.9863729442505083, 0.8649275291874853, 0.010000000000000002)
Feedback: Current position: (1.970183467895779, 0.8674494784594327, 0.010000000000000002)
Feedback: Current position: (1.891398445299925, 0.886503107591215, 0.010000000000000004)
Feedback: Current position: (1.793908803825631, 0.9100799025173402, 0.010000000000000002)
target x: 2.538691589357902
target y: 0.6048535619665525
Feedback: Current position: (2.129789704583223, 0.7741435241795622, 0.01)
Feedback: Current position: (2.3306659035465063, 0.7088309408038529, 0.01)
target x: 2.5
target y: 2.2
Feedback: Current position: (2.5899166739207096, 0.9471247443507098, 0.010000000000000004)
Feedback: Current position: (2.4583666568144436, 1.473339064120605, 0.009999999999999998)
Feedback: Current position: (2.3985100615973862, 1.879100057958448, 0.010000000000000002)
Feedback: Current position: (2.4348688859471532, 1.987034871836349, 0.01)
target x: 2.3482560533489725
target y: 0.6619591776412128
Feedback: Current position: (2.519514062804026, 1.9210018161273363, 0.010000000000000002)
Feedback: Current position: (2.4319499110037017, 1.441112010590921, 0.01)
Feedback: Current position: (2.3394646419595997, 0.9715266905470782, 0.01)
Feedback: Current position: (2.3590671185506156, 0.8988980413531409, 0.009999999999999998)
target x: 0.7217657122871595
target y: 1.6584958906792355
Feedback: Current position: (1.9924380392300263, 1.1823099905718677, 0.010000000000000002)
Feedback: Current position: (1.7048565128190987, 1.4648812279206878, 0.01)
Feedback: Current position: (1.375038210653873, 1.675771355616504, 0.010000000000000002)
Feedback: Current position: (1.0001831684140328, 1.7643959661447135, 0.01)
Feedback: Current position: (0.9230904237838953, 1.771412711681252, 0.01)
Feedback: Current position: (0.9353784584797808, 1.7146746220829256, 0.01)
Feedback: Current position: (0.9329577457790164, 1.6965559561274208, 0.010000000000000002)
target x: 1.4383703655912687
target y: 1.4371866706659309
