gmake: Warning: File 'Makefile' has modification time 172 s in the future
gmake[1]: Warning: File 'CMakeFiles/Makefile2' has modification time 172 s in the future
gmake[2]: Warning: File 'CMakeFiles/auro_interfaces__cpp.dir/progress.make' has modification time 172 s in the future
gmake[2]: Warning: File 'CMakeFiles/ament_cmake_python_symlink_auro_interfaces.dir/progress.make' has modification time 172 s in the future
gmake[2]: Warning: File 'CMakeFiles/auro_interfaces__rosidl_generator_c.dir/flags.make' has modification time 159 s in the future
gmake[2]: warning: Clock skew detected. Your build may be incomplete.
gmake[2]: warning: Clock skew detected. Your build may be incomplete.
gmake[2]: Warning: File 'CMakeFiles/ament_cmake_python_symlink_auro_interfaces.dir/progress.make' has modification time 172 s in the future
gmake[2]: Warning: File 'CMakeFiles/auro_interfaces__cpp.dir/progress.make' has modification time 172 s in the future
gmake[2]: warning: Clock skew detected. Your build may be incomplete.
gmake[2]: warning: Clock skew detected. Your build may be incomplete.
gmake[2]: warning: Clock skew detected. Your build may be incomplete.
gmake[2]: Warning: File 'CMakeFiles/auro_interfaces__rosidl_generator_c.dir/flags.make' has modification time 159 s in the future
gmake[2]: Warning: File 'CMakeFiles/auro_interfaces__rosidl_typesupport_cpp.dir/flags.make' has modification time 159 s in the future
gmake[2]: Warning: File 'CMakeFiles/auro_interfaces__rosidl_typesupport_fastrtps_cpp.dir/flags.make' has modification time 159 s in the future
gmake[2]: warning: Clock skew detected. Your build may be incomplete.
gmake[2]: Warning: File 'CMakeFiles/auro_interfaces__rosidl_typesupport_introspection_cpp.dir/flags.make' has modification time 159 s in the future
gmake[2]: Warning: File 'CMakeFiles/ament_cmake_python_build_auro_interfaces_egg.dir/progress.make' has modification time 171 s in the future
gmake[2]: warning: Clock skew detected. Your build may be incomplete.
gmake[2]: warning: Clock skew detected. Your build may be incomplete.
gmake[2]: Warning: File 'CMakeFiles/ament_cmake_python_build_auro_interfaces_egg.dir/progress.make' has modification time 171 s in the future
gmake[2]: Warning: File 'CMakeFiles/auro_interfaces__rosidl_typesupport_cpp.dir/flags.make' has modification time 159 s in the future
gmake[2]: warning: Clock skew detected. Your build may be incomplete.
gmake[2]: warning: Clock skew detected. Your build may be incomplete.
gmake[2]: warning: Clock skew detected. Your build may be incomplete.
gmake[2]: Warning: File 'CMakeFiles/auro_interfaces__rosidl_typesupport_fastrtps_cpp.dir/flags.make' has modification time 159 s in the future
gmake[2]: Warning: File 'CMakeFiles/auro_interfaces__rosidl_typesupport_introspection_cpp.dir/flags.make' has modification time 159 s in the future
gmake[2]: warning: Clock skew detected. Your build may be incomplete.
gmake[2]: warning: Clock skew detected. Your build may be incomplete.
gmake[2]: Warning: File 'CMakeFiles/auro_interfaces__rosidl_typesupport_fastrtps_c.dir/flags.make' has modification time 158 s in the future
gmake[2]: Warning: File 'CMakeFiles/auro_interfaces__rosidl_typesupport_introspection_c.dir/flags.make' has modification time 158 s in the future
gmake[2]: Warning: File 'CMakeFiles/auro_interfaces__rosidl_typesupport_c.dir/flags.make' has modification time 158 s in the future
gmake[2]: warning: Clock skew detected. Your build may be incomplete.
gmake[2]: Warning: File 'CMakeFiles/auro_interfaces__rosidl_typesupport_introspection_c.dir/flags.make' has modification time 158 s in the future
gmake[2]: warning: Clock skew detected. Your build may be incomplete.
gmake[2]: warning: Clock skew detected. Your build may be incomplete.
gmake[2]: Warning: File 'CMakeFiles/auro_interfaces__rosidl_typesupport_fastrtps_c.dir/flags.make' has modification time 158 s in the future
gmake[2]: warning: Clock skew detected. Your build may be incomplete.
gmake[2]: warning: Clock skew detected. Your build may be incomplete.
gmake[2]: Warning: File 'CMakeFiles/auro_interfaces__rosidl_typesupport_c.dir/flags.make' has modification time 158 s in the future
gmake[2]: warning: Clock skew detected. Your build may be incomplete.
gmake[2]: Warning: File 'CMakeFiles/auro_interfaces.dir/progress.make' has modification time 171 s in the future
gmake[2]: warning: Clock skew detected. Your build may be incomplete.
gmake[2]: Warning: File 'CMakeFiles/auro_interfaces.dir/progress.make' has modification time 171 s in the future
gmake[2]: warning: Clock skew detected. Your build may be incomplete.
gmake[2]: Warning: File 'auro_interfaces__py/CMakeFiles/auro_interfaces__py.dir/progress.make' has modification time 171 s in the future
gmake[2]: warning: Clock skew detected. Your build may be incomplete.
gmake[2]: Warning: File 'auro_interfaces__py/CMakeFiles/auro_interfaces__py.dir/progress.make' has modification time 171 s in the future
gmake[2]: warning: Clock skew detected. Your build may be incomplete.
gmake[2]: Warning: File 'CMakeFiles/auro_interfaces__rosidl_generator_py.dir/flags.make' has modification time 158 s in the future
gmake[2]: warning: Clock skew detected. Your build may be incomplete.
gmake[2]: Warning: File 'CMakeFiles/auro_interfaces__rosidl_generator_py.dir/flags.make' has modification time 158 s in the future
gmake[2]: warning: Clock skew detected. Your build may be incomplete.
gmake[2]: Warning: File 'CMakeFiles/auro_interfaces__rosidl_typesupport_fastrtps_c__pyext.dir/flags.make' has modification time 158 s in the future
gmake[2]: Warning: File 'CMakeFiles/auro_interfaces__rosidl_typesupport_introspection_c__pyext.dir/flags.make' has modification time 158 s in the future
gmake[2]: Warning: File 'CMakeFiles/auro_interfaces__rosidl_typesupport_c__pyext.dir/flags.make' has modification time 158 s in the future
gmake[2]: warning: Clock skew detected. Your build may be incomplete.
gmake[2]: warning: Clock skew detected. Your build may be incomplete.
gmake[2]: Warning: File 'CMakeFiles/auro_interfaces__rosidl_typesupport_fastrtps_c__pyext.dir/flags.make' has modification time 158 s in the future
gmake[2]: warning: Clock skew detected. Your build may be incomplete.
gmake[2]: warning: Clock skew detected. Your build may be incomplete.
gmake[2]: warning: Clock skew detected. Your build may be incomplete.
gmake[2]: Warning: File 'CMakeFiles/auro_interfaces__rosidl_typesupport_introspection_c__pyext.dir/flags.make' has modification time 158 s in the future
gmake[2]: warning: Clock skew detected. Your build may be incomplete.
gmake[2]: Warning: File 'CMakeFiles/auro_interfaces__rosidl_typesupport_c__pyext.dir/flags.make' has modification time 158 s in the future
gmake[2]: warning: Clock skew detected. Your build may be incomplete.
gmake[1]: warning: Clock skew detected. Your build may be incomplete.
gmake: warning: Clock skew detected. Your build may be incomplete.
