[0.086s] Invoking command in '/home/auro/Auro/build/auro_interfaces': CMAKE_PREFIX_PATH=${CMAKE_PREFIX_PATH}:/home/auro/turtlebot3_ws/install/turtlebot3_teleop:/home/auro/turtlebot3_ws/install/turtlebot3_example:/opt/ros/humble /usr/bin/cmake --build /home/auro/Auro/build/auro_interfaces -- -j4 -l4
[0.845s] -- Found ament_cmake: 1.3.10 (/opt/ros/humble/share/ament_cmake/cmake)
[0.845s] -- Override CMake install command with custom implementation using symlinks instead of copying resources
[0.900s] -- Found geometry_msgs: 4.2.4 (/opt/ros/humble/share/geometry_msgs/cmake)
[1.032s] -- Found rosidl_generator_c: 3.1.5 (/opt/ros/humble/share/rosidl_generator_c/cmake)
[1.034s] -- Found rosidl_adapter: 3.1.5 (/opt/ros/humble/share/rosidl_adapter/cmake)
[1.048s] -- Found rosidl_generator_cpp: 3.1.5 (/opt/ros/humble/share/rosidl_generator_cpp/cmake)
[1.080s] -- Using all available rosidl_typesupport_c: rosidl_typesupport_fastrtps_c;rosidl_typesupport_introspection_c
[1.103s] -- Using all available rosidl_typesupport_cpp: rosidl_typesupport_fastrtps_cpp;rosidl_typesupport_introspection_cpp
[1.247s] -- Found rosidl_default_generators: 1.2.0 (/opt/ros/humble/share/rosidl_default_generators/cmake)
[2.395s] -- Found ament_cmake_ros: 0.10.0 (/opt/ros/humble/share/ament_cmake_ros/cmake)
[3.697s] -- Using all available rosidl_typesupport_c: rosidl_typesupport_fastrtps_c;rosidl_typesupport_introspection_c
[4.038s] -- Using all available rosidl_typesupport_cpp: rosidl_typesupport_fastrtps_cpp;rosidl_typesupport_introspection_cpp
[4.081s] -- Found python_cmake_module: 0.10.0 (/opt/ros/humble/share/python_cmake_module/cmake)
[4.122s] -- Using PYTHON_EXECUTABLE: /usr/bin/python3
[4.122s] -- Using PYTHON_INCLUDE_DIRS: /usr/include/python3.10
[4.122s] -- Using PYTHON_LIBRARIES: /usr/lib/x86_64-linux-gnu/libpython3.10.so
[4.210s] -- Found ament_lint_auto: 0.12.11 (/opt/ros/humble/share/ament_lint_auto/cmake)
[4.226s] -- Added test 'lint_cmake' to check CMake code style
[4.228s] -- Added test 'xmllint' to check XML markup files
[4.234s] -- Configuring done
[4.329s] -- Generating done
[4.329s] -- Build files have been written to: /home/auro/Auro/build/auro_interfaces
[4.412s] [  1%] Built target auro_interfaces__cpp
[4.456s] [  1%] Built target ament_cmake_python_symlink_auro_interfaces
[4.484s] [35m[1mConsolidate compiler generated dependencies of target auro_interfaces__rosidl_typesupport_fastrtps_cpp[0m
[4.507s] [  2%] [32mBuilding CXX object CMakeFiles/auro_interfaces__rosidl_typesupport_fastrtps_cpp.dir/rosidl_typesupport_fastrtps_cpp/auro_interfaces/msg/detail/dds_fastrtps/string_with_pose__type_support.cpp.o[0m
[5.053s] [  3%] [32mBuilding CXX object CMakeFiles/auro_interfaces__rosidl_typesupport_fastrtps_cpp.dir/rosidl_typesupport_fastrtps_cpp/auro_interfaces/msg/detail/dds_fastrtps/item__type_support.cpp.o[0m
[5.640s] [  4%] [32mBuilding CXX object CMakeFiles/auro_interfaces__rosidl_typesupport_fastrtps_cpp.dir/rosidl_typesupport_fastrtps_cpp/auro_interfaces/msg/detail/dds_fastrtps/item_list__type_support.cpp.o[0m
[6.185s] [  5%] [32mBuilding CXX object CMakeFiles/auro_interfaces__rosidl_typesupport_fastrtps_cpp.dir/rosidl_typesupport_fastrtps_cpp/auro_interfaces/msg/detail/dds_fastrtps/direction__type_support.cpp.o[0m
[6.694s] [  6%] [32mBuilding CXX object CMakeFiles/auro_interfaces__rosidl_typesupport_fastrtps_cpp.dir/rosidl_typesupport_fastrtps_cpp/auro_interfaces/srv/detail/dds_fastrtps/item_request__type_support.cpp.o[0m
[7.237s] [  7%] [32mBuilding CXX object CMakeFiles/auro_interfaces__rosidl_typesupport_fastrtps_cpp.dir/rosidl_typesupport_fastrtps_cpp/auro_interfaces/srv/detail/dds_fastrtps/sector__type_support.cpp.o[0m
[7.833s] [  8%] [32mBuilding CXX object CMakeFiles/auro_interfaces__rosidl_typesupport_fastrtps_cpp.dir/rosidl_typesupport_fastrtps_cpp/auro_interfaces/srv/detail/dds_fastrtps/collision__type_support.cpp.o[0m
[8.397s] [  9%] [32mBuilding CXX object CMakeFiles/auro_interfaces__rosidl_typesupport_fastrtps_cpp.dir/rosidl_typesupport_fastrtps_cpp/auro_interfaces/action/detail/dds_fastrtps/move__type_support.cpp.o[0m
[9.169s] [ 10%] [32mBuilding CXX object CMakeFiles/auro_interfaces__rosidl_typesupport_fastrtps_cpp.dir/rosidl_typesupport_fastrtps_cpp/auro_interfaces/srv/detail/dds_fastrtps/check_goal__type_support.cpp.o[0m
[9.678s] [ 11%] [32m[1mLinking CXX shared library libauro_interfaces__rosidl_typesupport_fastrtps_cpp.so[0m
[9.866s] [ 12%] Built target auro_interfaces__rosidl_typesupport_fastrtps_cpp
[9.882s] [35m[1mConsolidate compiler generated dependencies of target auro_interfaces__rosidl_typesupport_introspection_cpp[0m
[9.907s] [ 13%] [32mBuilding CXX object CMakeFiles/auro_interfaces__rosidl_typesupport_introspection_cpp.dir/rosidl_typesupport_introspection_cpp/auro_interfaces/msg/detail/string_with_pose__type_support.cpp.o[0m
[10.377s] [ 14%] [32mBuilding CXX object CMakeFiles/auro_interfaces__rosidl_typesupport_introspection_cpp.dir/rosidl_typesupport_introspection_cpp/auro_interfaces/msg/detail/item__type_support.cpp.o[0m
[10.855s] [ 15%] [32mBuilding CXX object CMakeFiles/auro_interfaces__rosidl_typesupport_introspection_cpp.dir/rosidl_typesupport_introspection_cpp/auro_interfaces/msg/detail/item_list__type_support.cpp.o[0m
[11.379s] [ 16%] [32mBuilding CXX object CMakeFiles/auro_interfaces__rosidl_typesupport_introspection_cpp.dir/rosidl_typesupport_introspection_cpp/auro_interfaces/msg/detail/direction__type_support.cpp.o[0m
[11.867s] [ 17%] [32mBuilding CXX object CMakeFiles/auro_interfaces__rosidl_typesupport_introspection_cpp.dir/rosidl_typesupport_introspection_cpp/auro_interfaces/srv/detail/item_request__type_support.cpp.o[0m
[12.388s] [ 18%] [32mBuilding CXX object CMakeFiles/auro_interfaces__rosidl_typesupport_introspection_cpp.dir/rosidl_typesupport_introspection_cpp/auro_interfaces/srv/detail/sector__type_support.cpp.o[0m
[12.924s] [ 20%] [32mBuilding CXX object CMakeFiles/auro_interfaces__rosidl_typesupport_introspection_cpp.dir/rosidl_typesupport_introspection_cpp/auro_interfaces/srv/detail/collision__type_support.cpp.o[0m
[13.467s] [ 21%] [32mBuilding CXX object CMakeFiles/auro_interfaces__rosidl_typesupport_introspection_cpp.dir/rosidl_typesupport_introspection_cpp/auro_interfaces/action/detail/move__type_support.cpp.o[0m
[14.241s] [ 22%] [32mBuilding CXX object CMakeFiles/auro_interfaces__rosidl_typesupport_introspection_cpp.dir/rosidl_typesupport_introspection_cpp/auro_interfaces/srv/detail/check_goal__type_support.cpp.o[0m
[14.779s] [ 23%] [32m[1mLinking CXX shared library libauro_interfaces__rosidl_typesupport_introspection_cpp.so[0m
[14.989s] [ 24%] Built target auro_interfaces__rosidl_typesupport_introspection_cpp
[15.472s] running egg_info
[15.472s] writing auro_interfaces.egg-info/PKG-INFO
[15.472s] writing dependency_links to auro_interfaces.egg-info/dependency_links.txt
[15.472s] writing top-level names to auro_interfaces.egg-info/top_level.txt
[15.472s] reading manifest file 'auro_interfaces.egg-info/SOURCES.txt'
[15.472s] writing manifest file 'auro_interfaces.egg-info/SOURCES.txt'
[15.511s] [ 24%] Built target ament_cmake_python_build_auro_interfaces_egg
[15.575s] [35m[1mConsolidate compiler generated dependencies of target auro_interfaces__rosidl_typesupport_cpp[0m
[15.604s] [ 25%] [32mBuilding CXX object CMakeFiles/auro_interfaces__rosidl_typesupport_cpp.dir/rosidl_typesupport_cpp/auro_interfaces/msg/string_with_pose__type_support.cpp.o[0m
[15.957s] [ 26%] [32mBuilding CXX object CMakeFiles/auro_interfaces__rosidl_typesupport_cpp.dir/rosidl_typesupport_cpp/auro_interfaces/msg/item_list__type_support.cpp.o[0m
[16.297s] [ 27%] [32mBuilding CXX object CMakeFiles/auro_interfaces__rosidl_typesupport_cpp.dir/rosidl_typesupport_cpp/auro_interfaces/msg/direction__type_support.cpp.o[0m
[16.675s] [ 28%] [32mBuilding CXX object CMakeFiles/auro_interfaces__rosidl_typesupport_cpp.dir/rosidl_typesupport_cpp/auro_interfaces/srv/item_request__type_support.cpp.o[0m
[17.133s] [ 29%] [32mBuilding CXX object CMakeFiles/auro_interfaces__rosidl_typesupport_cpp.dir/rosidl_typesupport_cpp/auro_interfaces/srv/sector__type_support.cpp.o[0m
[17.482s] [ 30%] [32mBuilding CXX object CMakeFiles/auro_interfaces__rosidl_typesupport_cpp.dir/rosidl_typesupport_cpp/auro_interfaces/srv/collision__type_support.cpp.o[0m
[17.969s] [ 31%] [32mBuilding CXX object CMakeFiles/auro_interfaces__rosidl_typesupport_cpp.dir/rosidl_typesupport_cpp/auro_interfaces/action/move__type_support.cpp.o[0m
[18.712s] [ 32%] [32mBuilding CXX object CMakeFiles/auro_interfaces__rosidl_typesupport_cpp.dir/rosidl_typesupport_cpp/auro_interfaces/srv/check_goal__type_support.cpp.o[0m
[19.073s] [ 33%] [32mBuilding CXX object CMakeFiles/auro_interfaces__rosidl_typesupport_cpp.dir/rosidl_typesupport_cpp/auro_interfaces/msg/item__type_support.cpp.o[0m
[19.474s] [ 34%] [32m[1mLinking CXX shared library libauro_interfaces__rosidl_typesupport_cpp.so[0m
[19.542s] [ 35%] Built target auro_interfaces__rosidl_typesupport_cpp
[19.561s] [35m[1mConsolidate compiler generated dependencies of target auro_interfaces__rosidl_generator_c[0m
[19.598s] [ 36%] [32mBuilding C object CMakeFiles/auro_interfaces__rosidl_generator_c.dir/rosidl_generator_c/auro_interfaces/msg/detail/string_with_pose__functions.c.o[0m
[19.668s] [ 37%] [32mBuilding C object CMakeFiles/auro_interfaces__rosidl_generator_c.dir/rosidl_generator_c/auro_interfaces/msg/detail/direction__functions.c.o[0m
[19.759s] [ 38%] [32mBuilding C object CMakeFiles/auro_interfaces__rosidl_generator_c.dir/rosidl_generator_c/auro_interfaces/srv/detail/item_request__functions.c.o[0m
[19.859s] [ 40%] [32mBuilding C object CMakeFiles/auro_interfaces__rosidl_generator_c.dir/rosidl_generator_c/auro_interfaces/srv/detail/sector__functions.c.o[0m
[19.993s] [ 41%] [32mBuilding C object CMakeFiles/auro_interfaces__rosidl_generator_c.dir/rosidl_generator_c/auro_interfaces/srv/detail/collision__functions.c.o[0m
[20.113s] [ 42%] [32mBuilding C object CMakeFiles/auro_interfaces__rosidl_generator_c.dir/rosidl_generator_c/auro_interfaces/action/detail/move__functions.c.o[0m
[20.335s] [ 43%] [32mBuilding C object CMakeFiles/auro_interfaces__rosidl_generator_c.dir/rosidl_generator_c/auro_interfaces/srv/detail/check_goal__functions.c.o[0m
[20.433s] [ 44%] [32mBuilding C object CMakeFiles/auro_interfaces__rosidl_generator_c.dir/rosidl_generator_c/auro_interfaces/msg/detail/item_list__functions.c.o[0m
[20.556s] [ 45%] [32mBuilding C object CMakeFiles/auro_interfaces__rosidl_generator_c.dir/rosidl_generator_c/auro_interfaces/msg/detail/item__functions.c.o[0m
[20.590s] [ 46%] [32m[1mLinking C shared library libauro_interfaces__rosidl_generator_c.so[0m
[20.672s] [ 47%] Built target auro_interfaces__rosidl_generator_c
[20.697s] [35m[1mConsolidate compiler generated dependencies of target auro_interfaces__rosidl_typesupport_fastrtps_c[0m
[20.739s] [ 48%] [32mBuilding CXX object CMakeFiles/auro_interfaces__rosidl_typesupport_fastrtps_c.dir/rosidl_typesupport_fastrtps_c/auro_interfaces/msg/detail/string_with_pose__type_support_c.cpp.o[0m
[21.306s] [ 49%] [32mBuilding CXX object CMakeFiles/auro_interfaces__rosidl_typesupport_fastrtps_c.dir/rosidl_typesupport_fastrtps_c/auro_interfaces/msg/detail/item__type_support_c.cpp.o[0m
[21.827s] [ 50%] [32mBuilding CXX object CMakeFiles/auro_interfaces__rosidl_typesupport_fastrtps_c.dir/rosidl_typesupport_fastrtps_c/auro_interfaces/msg/detail/item_list__type_support_c.cpp.o[0m
[22.361s] [ 51%] [32mBuilding CXX object CMakeFiles/auro_interfaces__rosidl_typesupport_fastrtps_c.dir/rosidl_typesupport_fastrtps_c/auro_interfaces/msg/detail/direction__type_support_c.cpp.o[0m
[22.999s] [ 52%] [32mBuilding CXX object CMakeFiles/auro_interfaces__rosidl_typesupport_fastrtps_c.dir/rosidl_typesupport_fastrtps_c/auro_interfaces/srv/detail/item_request__type_support_c.cpp.o[0m
[23.666s] [ 53%] [32mBuilding CXX object CMakeFiles/auro_interfaces__rosidl_typesupport_fastrtps_c.dir/rosidl_typesupport_fastrtps_c/auro_interfaces/srv/detail/sector__type_support_c.cpp.o[0m
[24.418s] [ 54%] [32mBuilding CXX object CMakeFiles/auro_interfaces__rosidl_typesupport_fastrtps_c.dir/rosidl_typesupport_fastrtps_c/auro_interfaces/srv/detail/collision__type_support_c.cpp.o[0m
[24.946s] [ 55%] [32mBuilding CXX object CMakeFiles/auro_interfaces__rosidl_typesupport_fastrtps_c.dir/rosidl_typesupport_fastrtps_c/auro_interfaces/action/detail/move__type_support_c.cpp.o[0m
[25.711s] [ 56%] [32mBuilding CXX object CMakeFiles/auro_interfaces__rosidl_typesupport_fastrtps_c.dir/rosidl_typesupport_fastrtps_c/auro_interfaces/srv/detail/check_goal__type_support_c.cpp.o[0m
[26.322s] [ 57%] [32m[1mLinking CXX shared library libauro_interfaces__rosidl_typesupport_fastrtps_c.so[0m
[26.661s] [ 58%] Built target auro_interfaces__rosidl_typesupport_fastrtps_c
[26.678s] [35m[1mConsolidate compiler generated dependencies of target auro_interfaces__rosidl_typesupport_c[0m
[26.702s] [ 60%] [32mBuilding CXX object CMakeFiles/auro_interfaces__rosidl_typesupport_c.dir/rosidl_typesupport_c/auro_interfaces/msg/string_with_pose__type_support.cpp.o[0m
[26.772s] [ 61%] [32mBuilding CXX object CMakeFiles/auro_interfaces__rosidl_typesupport_c.dir/rosidl_typesupport_c/auro_interfaces/msg/item_list__type_support.cpp.o[0m
[26.846s] [ 62%] [32mBuilding CXX object CMakeFiles/auro_interfaces__rosidl_typesupport_c.dir/rosidl_typesupport_c/auro_interfaces/msg/direction__type_support.cpp.o[0m
[26.900s] [ 63%] [32mBuilding CXX object CMakeFiles/auro_interfaces__rosidl_typesupport_c.dir/rosidl_typesupport_c/auro_interfaces/srv/item_request__type_support.cpp.o[0m
[26.970s] [ 64%] [32mBuilding CXX object CMakeFiles/auro_interfaces__rosidl_typesupport_c.dir/rosidl_typesupport_c/auro_interfaces/srv/sector__type_support.cpp.o[0m
[27.033s] [ 65%] [32mBuilding CXX object CMakeFiles/auro_interfaces__rosidl_typesupport_c.dir/rosidl_typesupport_c/auro_interfaces/srv/collision__type_support.cpp.o[0m
[27.110s] [ 66%] [32mBuilding CXX object CMakeFiles/auro_interfaces__rosidl_typesupport_c.dir/rosidl_typesupport_c/auro_interfaces/action/move__type_support.cpp.o[0m
[27.237s] [ 67%] [32mBuilding CXX object CMakeFiles/auro_interfaces__rosidl_typesupport_c.dir/rosidl_typesupport_c/auro_interfaces/srv/check_goal__type_support.cpp.o[0m
[27.315s] [ 68%] [32mBuilding CXX object CMakeFiles/auro_interfaces__rosidl_typesupport_c.dir/rosidl_typesupport_c/auro_interfaces/msg/item__type_support.cpp.o[0m
[27.366s] [ 69%] [32m[1mLinking CXX shared library libauro_interfaces__rosidl_typesupport_c.so[0m
[27.451s] [ 70%] Built target auro_interfaces__rosidl_typesupport_c
[27.476s] [35m[1mConsolidate compiler generated dependencies of target auro_interfaces__rosidl_typesupport_introspection_c[0m
[27.510s] [ 71%] [32mBuilding C object CMakeFiles/auro_interfaces__rosidl_typesupport_introspection_c.dir/rosidl_typesupport_introspection_c/auro_interfaces/msg/detail/string_with_pose__type_support.c.o[0m
[27.612s] [ 72%] [32mBuilding C object CMakeFiles/auro_interfaces__rosidl_typesupport_introspection_c.dir/rosidl_typesupport_introspection_c/auro_interfaces/msg/detail/direction__type_support.c.o[0m
[27.681s] [ 73%] [32mBuilding C object CMakeFiles/auro_interfaces__rosidl_typesupport_introspection_c.dir/rosidl_typesupport_introspection_c/auro_interfaces/srv/detail/item_request__type_support.c.o[0m
[27.749s] [ 74%] [32mBuilding C object CMakeFiles/auro_interfaces__rosidl_typesupport_introspection_c.dir/rosidl_typesupport_introspection_c/auro_interfaces/srv/detail/sector__type_support.c.o[0m
[27.816s] [ 75%] [32mBuilding C object CMakeFiles/auro_interfaces__rosidl_typesupport_introspection_c.dir/rosidl_typesupport_introspection_c/auro_interfaces/srv/detail/collision__type_support.c.o[0m
[27.918s] [ 76%] [32mBuilding C object CMakeFiles/auro_interfaces__rosidl_typesupport_introspection_c.dir/rosidl_typesupport_introspection_c/auro_interfaces/action/detail/move__type_support.c.o[0m
[28.028s] [ 77%] [32mBuilding C object CMakeFiles/auro_interfaces__rosidl_typesupport_introspection_c.dir/rosidl_typesupport_introspection_c/auro_interfaces/srv/detail/check_goal__type_support.c.o[0m
[28.110s] [ 78%] [32mBuilding C object CMakeFiles/auro_interfaces__rosidl_typesupport_introspection_c.dir/rosidl_typesupport_introspection_c/auro_interfaces/msg/detail/item_list__type_support.c.o[0m
[28.172s] [ 80%] [32mBuilding C object CMakeFiles/auro_interfaces__rosidl_typesupport_introspection_c.dir/rosidl_typesupport_introspection_c/auro_interfaces/msg/detail/item__type_support.c.o[0m
[28.236s] [ 81%] [32m[1mLinking C shared library libauro_interfaces__rosidl_typesupport_introspection_c.so[0m
[28.303s] [ 82%] Built target auro_interfaces__rosidl_typesupport_introspection_c
[28.342s] [ 82%] Built target auro_interfaces
[28.375s] [ 83%] Built target auro_interfaces__py
[28.396s] [35m[1mConsolidate compiler generated dependencies of target auro_interfaces__rosidl_generator_py[0m
[28.433s] [ 84%] [32mBuilding C object CMakeFiles/auro_interfaces__rosidl_generator_py.dir/rosidl_generator_py/auro_interfaces/msg/_string_with_pose_s.c.o[0m
[28.607s] [ 85%] [32mBuilding C object CMakeFiles/auro_interfaces__rosidl_generator_py.dir/rosidl_generator_py/auro_interfaces/msg/_direction_s.c.o[0m
[28.778s] [ 86%] [32mBuilding C object CMakeFiles/auro_interfaces__rosidl_generator_py.dir/rosidl_generator_py/auro_interfaces/srv/_item_request_s.c.o[0m
[28.992s] [ 87%] [32mBuilding C object CMakeFiles/auro_interfaces__rosidl_generator_py.dir/rosidl_generator_py/auro_interfaces/srv/_sector_s.c.o[0m
[29.178s] [ 88%] [32mBuilding C object CMakeFiles/auro_interfaces__rosidl_generator_py.dir/rosidl_generator_py/auro_interfaces/srv/_collision_s.c.o[0m
[29.333s] [ 89%] [32mBuilding C object CMakeFiles/auro_interfaces__rosidl_generator_py.dir/rosidl_generator_py/auro_interfaces/action/_move_s.c.o[0m
[29.538s] [ 90%] [32mBuilding C object CMakeFiles/auro_interfaces__rosidl_generator_py.dir/rosidl_generator_py/auro_interfaces/srv/_check_goal_s.c.o[0m
[29.706s] [ 91%] [32mBuilding C object CMakeFiles/auro_interfaces__rosidl_generator_py.dir/rosidl_generator_py/auro_interfaces/msg/_item_list_s.c.o[0m
[29.862s] [ 92%] [32mBuilding C object CMakeFiles/auro_interfaces__rosidl_generator_py.dir/rosidl_generator_py/auro_interfaces/msg/_item_s.c.o[0m
[30.015s] [ 93%] [32m[1mLinking C shared library rosidl_generator_py/auro_interfaces/libauro_interfaces__rosidl_generator_py.so[0m
[30.099s] [ 93%] Built target auro_interfaces__rosidl_generator_py
[30.116s] [35m[1mConsolidate compiler generated dependencies of target auro_interfaces__rosidl_typesupport_fastrtps_c__pyext[0m
[30.138s] [ 94%] [32mBuilding C object CMakeFiles/auro_interfaces__rosidl_typesupport_fastrtps_c__pyext.dir/rosidl_generator_py/auro_interfaces/_auro_interfaces_s.ep.rosidl_typesupport_fastrtps_c.c.o[0m
[30.407s] [ 95%] [32m[1mLinking C shared library rosidl_generator_py/auro_interfaces/auro_interfaces_s__rosidl_typesupport_fastrtps_c.cpython-310-x86_64-linux-gnu.so[0m
[30.489s] [ 95%] Built target auro_interfaces__rosidl_typesupport_fastrtps_c__pyext
[30.507s] [35m[1mConsolidate compiler generated dependencies of target auro_interfaces__rosidl_typesupport_c__pyext[0m
[30.528s] [ 96%] [32mBuilding C object CMakeFiles/auro_interfaces__rosidl_typesupport_c__pyext.dir/rosidl_generator_py/auro_interfaces/_auro_interfaces_s.ep.rosidl_typesupport_c.c.o[0m
[30.768s] [ 97%] [32m[1mLinking C shared library rosidl_generator_py/auro_interfaces/auro_interfaces_s__rosidl_typesupport_c.cpython-310-x86_64-linux-gnu.so[0m
[30.849s] [ 97%] Built target auro_interfaces__rosidl_typesupport_c__pyext
[30.869s] [35m[1mConsolidate compiler generated dependencies of target auro_interfaces__rosidl_typesupport_introspection_c__pyext[0m
[30.890s] [ 98%] [32mBuilding C object CMakeFiles/auro_interfaces__rosidl_typesupport_introspection_c__pyext.dir/rosidl_generator_py/auro_interfaces/_auro_interfaces_s.ep.rosidl_typesupport_introspection_c.c.o[0m
[31.125s] [100%] [32m[1mLinking C shared library rosidl_generator_py/auro_interfaces/auro_interfaces_s__rosidl_typesupport_introspection_c.cpython-310-x86_64-linux-gnu.so[0m
[31.228s] [100%] Built target auro_interfaces__rosidl_typesupport_introspection_c__pyext
[31.253s] Invoked command in '/home/auro/Auro/build/auro_interfaces' returned '0': CMAKE_PREFIX_PATH=${CMAKE_PREFIX_PATH}:/home/auro/turtlebot3_ws/install/turtlebot3_teleop:/home/auro/turtlebot3_ws/install/turtlebot3_example:/opt/ros/humble /usr/bin/cmake --build /home/auro/Auro/build/auro_interfaces -- -j4 -l4
[31.801s] Invoking command in '/home/auro/Auro/build/auro_interfaces': CMAKE_PREFIX_PATH=${CMAKE_PREFIX_PATH}:/home/auro/turtlebot3_ws/install/turtlebot3_teleop:/home/auro/turtlebot3_ws/install/turtlebot3_example:/opt/ros/humble /usr/bin/cmake --install /home/auro/Auro/build/auro_interfaces
[31.811s] -- Install configuration: ""
[31.813s] -- Execute custom install script
[31.813s] -- Up-to-date symlink: /home/auro/Auro/install/auro_interfaces/share/ament_index/resource_index/rosidl_interfaces/auro_interfaces
[31.814s] -- Up-to-date symlink: /home/auro/Auro/install/auro_interfaces/include/auro_interfaces/auro_interfaces/action/detail/move__functions.h
[31.815s] -- Up-to-date symlink: /home/auro/Auro/install/auro_interfaces/include/auro_interfaces/auro_interfaces/action/detail/move__struct.h
[31.815s] -- Up-to-date symlink: /home/auro/Auro/install/auro_interfaces/include/auro_interfaces/auro_interfaces/action/detail/move__type_support.h
[31.815s] -- Up-to-date symlink: /home/auro/Auro/install/auro_interfaces/include/auro_interfaces/auro_interfaces/action/move.h
[31.815s] -- Up-to-date symlink: /home/auro/Auro/install/auro_interfaces/include/auro_interfaces/auro_interfaces/msg/detail/direction__functions.h
[31.815s] -- Up-to-date symlink: /home/auro/Auro/install/auro_interfaces/include/auro_interfaces/auro_interfaces/msg/detail/direction__struct.h
[31.816s] -- Up-to-date symlink: /home/auro/Auro/install/auro_interfaces/include/auro_interfaces/auro_interfaces/msg/detail/direction__type_support.h
[31.816s] -- Up-to-date symlink: /home/auro/Auro/install/auro_interfaces/include/auro_interfaces/auro_interfaces/msg/detail/item__functions.h
[31.816s] -- Up-to-date symlink: /home/auro/Auro/install/auro_interfaces/include/auro_interfaces/auro_interfaces/msg/detail/item__struct.h
[31.816s] -- Up-to-date symlink: /home/auro/Auro/install/auro_interfaces/include/auro_interfaces/auro_interfaces/msg/detail/item__type_support.h
[31.816s] -- Up-to-date symlink: /home/auro/Auro/install/auro_interfaces/include/auro_interfaces/auro_interfaces/msg/detail/item_list__functions.h
[31.817s] -- Up-to-date symlink: /home/auro/Auro/install/auro_interfaces/include/auro_interfaces/auro_interfaces/msg/detail/item_list__struct.h
[31.817s] -- Up-to-date symlink: /home/auro/Auro/install/auro_interfaces/include/auro_interfaces/auro_interfaces/msg/detail/item_list__type_support.h
[31.817s] -- Up-to-date symlink: /home/auro/Auro/install/auro_interfaces/include/auro_interfaces/auro_interfaces/msg/detail/string_with_pose__functions.h
[31.817s] -- Up-to-date symlink: /home/auro/Auro/install/auro_interfaces/include/auro_interfaces/auro_interfaces/msg/detail/string_with_pose__struct.h
[31.818s] -- Up-to-date symlink: /home/auro/Auro/install/auro_interfaces/include/auro_interfaces/auro_interfaces/msg/detail/string_with_pose__type_support.h
[31.818s] -- Up-to-date symlink: /home/auro/Auro/install/auro_interfaces/include/auro_interfaces/auro_interfaces/msg/direction.h
[31.818s] -- Up-to-date symlink: /home/auro/Auro/install/auro_interfaces/include/auro_interfaces/auro_interfaces/msg/item.h
[31.818s] -- Up-to-date symlink: /home/auro/Auro/install/auro_interfaces/include/auro_interfaces/auro_interfaces/msg/item_list.h
[31.818s] -- Up-to-date symlink: /home/auro/Auro/install/auro_interfaces/include/auro_interfaces/auro_interfaces/msg/rosidl_generator_c__visibility_control.h
[31.819s] -- Up-to-date symlink: /home/auro/Auro/install/auro_interfaces/include/auro_interfaces/auro_interfaces/msg/string_with_pose.h
[31.819s] -- Up-to-date symlink: /home/auro/Auro/install/auro_interfaces/include/auro_interfaces/auro_interfaces/srv/check_goal.h
[31.819s] -- Up-to-date symlink: /home/auro/Auro/install/auro_interfaces/include/auro_interfaces/auro_interfaces/srv/collision.h
[31.819s] -- Up-to-date symlink: /home/auro/Auro/install/auro_interfaces/include/auro_interfaces/auro_interfaces/srv/detail/check_goal__functions.h
[31.819s] -- Up-to-date symlink: /home/auro/Auro/install/auro_interfaces/include/auro_interfaces/auro_interfaces/srv/detail/check_goal__struct.h
[31.820s] -- Up-to-date symlink: /home/auro/Auro/install/auro_interfaces/include/auro_interfaces/auro_interfaces/srv/detail/check_goal__type_support.h
[31.820s] -- Up-to-date symlink: /home/auro/Auro/install/auro_interfaces/include/auro_interfaces/auro_interfaces/srv/detail/collision__functions.h
[31.820s] -- Up-to-date symlink: /home/auro/Auro/install/auro_interfaces/include/auro_interfaces/auro_interfaces/srv/detail/collision__struct.h
[31.820s] -- Up-to-date symlink: /home/auro/Auro/install/auro_interfaces/include/auro_interfaces/auro_interfaces/srv/detail/collision__type_support.h
[31.820s] -- Up-to-date symlink: /home/auro/Auro/install/auro_interfaces/include/auro_interfaces/auro_interfaces/srv/detail/item_request__functions.h
[31.821s] -- Up-to-date symlink: /home/auro/Auro/install/auro_interfaces/include/auro_interfaces/auro_interfaces/srv/detail/item_request__struct.h
[31.821s] -- Up-to-date symlink: /home/auro/Auro/install/auro_interfaces/include/auro_interfaces/auro_interfaces/srv/detail/item_request__type_support.h
[31.821s] -- Up-to-date symlink: /home/auro/Auro/install/auro_interfaces/include/auro_interfaces/auro_interfaces/srv/detail/sector__functions.h
[31.821s] -- Up-to-date symlink: /home/auro/Auro/install/auro_interfaces/include/auro_interfaces/auro_interfaces/srv/detail/sector__struct.h
[31.821s] -- Up-to-date symlink: /home/auro/Auro/install/auro_interfaces/include/auro_interfaces/auro_interfaces/srv/detail/sector__type_support.h
[31.822s] -- Up-to-date symlink: /home/auro/Auro/install/auro_interfaces/include/auro_interfaces/auro_interfaces/srv/item_request.h
[31.822s] -- Up-to-date symlink: /home/auro/Auro/install/auro_interfaces/include/auro_interfaces/auro_interfaces/srv/sector.h
[31.822s] -- Up-to-date symlink: /home/auro/Auro/install/auro_interfaces/share/auro_interfaces/environment/library_path.sh
[31.822s] -- Up-to-date symlink: /home/auro/Auro/install/auro_interfaces/share/auro_interfaces/environment/library_path.dsv
[31.824s] -- Up-to-date symlink: /home/auro/Auro/install/auro_interfaces/include/auro_interfaces/auro_interfaces/action/detail/move__rosidl_typesupport_fastrtps_c.h
[31.824s] -- Up-to-date symlink: /home/auro/Auro/install/auro_interfaces/include/auro_interfaces/auro_interfaces/msg/detail/direction__rosidl_typesupport_fastrtps_c.h
[31.824s] -- Up-to-date symlink: /home/auro/Auro/install/auro_interfaces/include/auro_interfaces/auro_interfaces/msg/detail/item__rosidl_typesupport_fastrtps_c.h
[31.824s] -- Up-to-date symlink: /home/auro/Auro/install/auro_interfaces/include/auro_interfaces/auro_interfaces/msg/detail/item_list__rosidl_typesupport_fastrtps_c.h
[31.825s] -- Up-to-date symlink: /home/auro/Auro/install/auro_interfaces/include/auro_interfaces/auro_interfaces/msg/detail/string_with_pose__rosidl_typesupport_fastrtps_c.h
[31.825s] -- Up-to-date symlink: /home/auro/Auro/install/auro_interfaces/include/auro_interfaces/auro_interfaces/msg/rosidl_typesupport_fastrtps_c__visibility_control.h
[31.825s] -- Up-to-date symlink: /home/auro/Auro/install/auro_interfaces/include/auro_interfaces/auro_interfaces/srv/detail/check_goal__rosidl_typesupport_fastrtps_c.h
[31.825s] -- Up-to-date symlink: /home/auro/Auro/install/auro_interfaces/include/auro_interfaces/auro_interfaces/srv/detail/collision__rosidl_typesupport_fastrtps_c.h
[31.825s] -- Up-to-date symlink: /home/auro/Auro/install/auro_interfaces/include/auro_interfaces/auro_interfaces/srv/detail/item_request__rosidl_typesupport_fastrtps_c.h
[31.826s] -- Up-to-date symlink: /home/auro/Auro/install/auro_interfaces/include/auro_interfaces/auro_interfaces/srv/detail/sector__rosidl_typesupport_fastrtps_c.h
[31.827s] -- Up-to-date symlink: /home/auro/Auro/install/auro_interfaces/include/auro_interfaces/auro_interfaces/action/detail/move__builder.hpp
[31.827s] -- Up-to-date symlink: /home/auro/Auro/install/auro_interfaces/include/auro_interfaces/auro_interfaces/action/detail/move__struct.hpp
[31.827s] -- Up-to-date symlink: /home/auro/Auro/install/auro_interfaces/include/auro_interfaces/auro_interfaces/action/detail/move__traits.hpp
[31.828s] -- Up-to-date symlink: /home/auro/Auro/install/auro_interfaces/include/auro_interfaces/auro_interfaces/action/move.hpp
[31.828s] -- Up-to-date symlink: /home/auro/Auro/install/auro_interfaces/include/auro_interfaces/auro_interfaces/msg/detail/direction__builder.hpp
[31.828s] -- Up-to-date symlink: /home/auro/Auro/install/auro_interfaces/include/auro_interfaces/auro_interfaces/msg/detail/direction__struct.hpp
[31.828s] -- Up-to-date symlink: /home/auro/Auro/install/auro_interfaces/include/auro_interfaces/auro_interfaces/msg/detail/direction__traits.hpp
[31.828s] -- Up-to-date symlink: /home/auro/Auro/install/auro_interfaces/include/auro_interfaces/auro_interfaces/msg/detail/item__builder.hpp
[31.829s] -- Up-to-date symlink: /home/auro/Auro/install/auro_interfaces/include/auro_interfaces/auro_interfaces/msg/detail/item__struct.hpp
[31.829s] -- Up-to-date symlink: /home/auro/Auro/install/auro_interfaces/include/auro_interfaces/auro_interfaces/msg/detail/item__traits.hpp
[31.829s] -- Up-to-date symlink: /home/auro/Auro/install/auro_interfaces/include/auro_interfaces/auro_interfaces/msg/detail/item_list__builder.hpp
[31.829s] -- Up-to-date symlink: /home/auro/Auro/install/auro_interfaces/include/auro_interfaces/auro_interfaces/msg/detail/item_list__struct.hpp
[31.831s] -- Up-to-date symlink: /home/auro/Auro/install/auro_interfaces/include/auro_interfaces/auro_interfaces/msg/detail/item_list__traits.hpp
[31.831s] -- Up-to-date symlink: /home/auro/Auro/install/auro_interfaces/include/auro_interfaces/auro_interfaces/msg/detail/string_with_pose__builder.hpp
[31.831s] -- Up-to-date symlink: /home/auro/Auro/install/auro_interfaces/include/auro_interfaces/auro_interfaces/msg/detail/string_with_pose__struct.hpp
[31.831s] -- Up-to-date symlink: /home/auro/Auro/install/auro_interfaces/include/auro_interfaces/auro_interfaces/msg/detail/string_with_pose__traits.hpp
[31.831s] -- Up-to-date symlink: /home/auro/Auro/install/auro_interfaces/include/auro_interfaces/auro_interfaces/msg/direction.hpp
[31.831s] -- Up-to-date symlink: /home/auro/Auro/install/auro_interfaces/include/auro_interfaces/auro_interfaces/msg/item.hpp
[31.831s] -- Up-to-date symlink: /home/auro/Auro/install/auro_interfaces/include/auro_interfaces/auro_interfaces/msg/item_list.hpp
[31.832s] -- Up-to-date symlink: /home/auro/Auro/install/auro_interfaces/include/auro_interfaces/auro_interfaces/msg/string_with_pose.hpp
[31.833s] -- Up-to-date symlink: /home/auro/Auro/install/auro_interfaces/include/auro_interfaces/auro_interfaces/srv/check_goal.hpp
[31.833s] -- Up-to-date symlink: /home/auro/Auro/install/auro_interfaces/include/auro_interfaces/auro_interfaces/srv/collision.hpp
[31.833s] -- Up-to-date symlink: /home/auro/Auro/install/auro_interfaces/include/auro_interfaces/auro_interfaces/srv/detail/check_goal__builder.hpp
[31.836s] -- Up-to-date symlink: /home/auro/Auro/install/auro_interfaces/include/auro_interfaces/auro_interfaces/srv/detail/check_goal__struct.hpp
[31.836s] -- Up-to-date symlink: /home/auro/Auro/install/auro_interfaces/include/auro_interfaces/auro_interfaces/srv/detail/check_goal__traits.hpp
[31.836s] -- Up-to-date symlink: /home/auro/Auro/install/auro_interfaces/include/auro_interfaces/auro_interfaces/srv/detail/collision__builder.hpp
[31.836s] -- Up-to-date symlink: /home/auro/Auro/install/auro_interfaces/include/auro_interfaces/auro_interfaces/srv/detail/collision__struct.hpp
[31.836s] -- Up-to-date symlink: /home/auro/Auro/install/auro_interfaces/include/auro_interfaces/auro_interfaces/srv/detail/collision__traits.hpp
[31.836s] -- Up-to-date symlink: /home/auro/Auro/install/auro_interfaces/include/auro_interfaces/auro_interfaces/srv/detail/item_request__builder.hpp
[31.836s] -- Up-to-date symlink: /home/auro/Auro/install/auro_interfaces/include/auro_interfaces/auro_interfaces/srv/detail/item_request__struct.hpp
[31.837s] -- Up-to-date symlink: /home/auro/Auro/install/auro_interfaces/include/auro_interfaces/auro_interfaces/srv/detail/item_request__traits.hpp
[31.837s] -- Up-to-date symlink: /home/auro/Auro/install/auro_interfaces/include/auro_interfaces/auro_interfaces/srv/detail/sector__builder.hpp
[31.837s] -- Up-to-date symlink: /home/auro/Auro/install/auro_interfaces/include/auro_interfaces/auro_interfaces/srv/detail/sector__struct.hpp
[31.837s] -- Up-to-date symlink: /home/auro/Auro/install/auro_interfaces/include/auro_interfaces/auro_interfaces/srv/detail/sector__traits.hpp
[31.837s] -- Up-to-date symlink: /home/auro/Auro/install/auro_interfaces/include/auro_interfaces/auro_interfaces/srv/item_request.hpp
[31.837s] -- Up-to-date symlink: /home/auro/Auro/install/auro_interfaces/include/auro_interfaces/auro_interfaces/srv/sector.hpp
[31.837s] -- Up-to-date symlink: /home/auro/Auro/install/auro_interfaces/include/auro_interfaces/auro_interfaces/action/detail/move__rosidl_typesupport_fastrtps_cpp.hpp
[31.837s] -- Up-to-date symlink: /home/auro/Auro/install/auro_interfaces/include/auro_interfaces/auro_interfaces/msg/detail/direction__rosidl_typesupport_fastrtps_cpp.hpp
[31.837s] -- Up-to-date symlink: /home/auro/Auro/install/auro_interfaces/include/auro_interfaces/auro_interfaces/msg/detail/item__rosidl_typesupport_fastrtps_cpp.hpp
[31.837s] -- Up-to-date symlink: /home/auro/Auro/install/auro_interfaces/include/auro_interfaces/auro_interfaces/msg/detail/item_list__rosidl_typesupport_fastrtps_cpp.hpp
[31.838s] -- Up-to-date symlink: /home/auro/Auro/install/auro_interfaces/include/auro_interfaces/auro_interfaces/msg/detail/string_with_pose__rosidl_typesupport_fastrtps_cpp.hpp
[31.838s] -- Up-to-date symlink: /home/auro/Auro/install/auro_interfaces/include/auro_interfaces/auro_interfaces/msg/rosidl_typesupport_fastrtps_cpp__visibility_control.h
[31.838s] -- Up-to-date symlink: /home/auro/Auro/install/auro_interfaces/include/auro_interfaces/auro_interfaces/srv/detail/check_goal__rosidl_typesupport_fastrtps_cpp.hpp
[31.838s] -- Up-to-date symlink: /home/auro/Auro/install/auro_interfaces/include/auro_interfaces/auro_interfaces/srv/detail/collision__rosidl_typesupport_fastrtps_cpp.hpp
[31.838s] -- Up-to-date symlink: /home/auro/Auro/install/auro_interfaces/include/auro_interfaces/auro_interfaces/srv/detail/item_request__rosidl_typesupport_fastrtps_cpp.hpp
[31.838s] -- Up-to-date symlink: /home/auro/Auro/install/auro_interfaces/include/auro_interfaces/auro_interfaces/srv/detail/sector__rosidl_typesupport_fastrtps_cpp.hpp
[31.838s] -- Up-to-date symlink: /home/auro/Auro/install/auro_interfaces/include/auro_interfaces/auro_interfaces/action/detail/move__rosidl_typesupport_introspection_c.h
[31.838s] -- Up-to-date symlink: /home/auro/Auro/install/auro_interfaces/include/auro_interfaces/auro_interfaces/msg/detail/direction__rosidl_typesupport_introspection_c.h
[31.839s] -- Up-to-date symlink: /home/auro/Auro/install/auro_interfaces/include/auro_interfaces/auro_interfaces/msg/detail/item__rosidl_typesupport_introspection_c.h
[31.839s] -- Up-to-date symlink: /home/auro/Auro/install/auro_interfaces/include/auro_interfaces/auro_interfaces/msg/detail/item_list__rosidl_typesupport_introspection_c.h
[31.839s] -- Up-to-date symlink: /home/auro/Auro/install/auro_interfaces/include/auro_interfaces/auro_interfaces/msg/detail/string_with_pose__rosidl_typesupport_introspection_c.h
[31.839s] -- Up-to-date symlink: /home/auro/Auro/install/auro_interfaces/include/auro_interfaces/auro_interfaces/msg/rosidl_typesupport_introspection_c__visibility_control.h
[31.839s] -- Up-to-date symlink: /home/auro/Auro/install/auro_interfaces/include/auro_interfaces/auro_interfaces/srv/detail/check_goal__rosidl_typesupport_introspection_c.h
[31.839s] -- Up-to-date symlink: /home/auro/Auro/install/auro_interfaces/include/auro_interfaces/auro_interfaces/srv/detail/collision__rosidl_typesupport_introspection_c.h
[31.840s] -- Up-to-date symlink: /home/auro/Auro/install/auro_interfaces/include/auro_interfaces/auro_interfaces/srv/detail/item_request__rosidl_typesupport_introspection_c.h
[31.840s] -- Up-to-date symlink: /home/auro/Auro/install/auro_interfaces/include/auro_interfaces/auro_interfaces/srv/detail/sector__rosidl_typesupport_introspection_c.h
[31.841s] -- Up-to-date symlink: /home/auro/Auro/install/auro_interfaces/include/auro_interfaces/auro_interfaces/action/detail/move__rosidl_typesupport_introspection_cpp.hpp
[31.841s] -- Up-to-date symlink: /home/auro/Auro/install/auro_interfaces/include/auro_interfaces/auro_interfaces/msg/detail/direction__rosidl_typesupport_introspection_cpp.hpp
[31.841s] -- Up-to-date symlink: /home/auro/Auro/install/auro_interfaces/include/auro_interfaces/auro_interfaces/msg/detail/item__rosidl_typesupport_introspection_cpp.hpp
[31.841s] -- Up-to-date symlink: /home/auro/Auro/install/auro_interfaces/include/auro_interfaces/auro_interfaces/msg/detail/item_list__rosidl_typesupport_introspection_cpp.hpp
[31.842s] -- Up-to-date symlink: /home/auro/Auro/install/auro_interfaces/include/auro_interfaces/auro_interfaces/msg/detail/string_with_pose__rosidl_typesupport_introspection_cpp.hpp
[31.842s] -- Up-to-date symlink: /home/auro/Auro/install/auro_interfaces/include/auro_interfaces/auro_interfaces/srv/detail/check_goal__rosidl_typesupport_introspection_cpp.hpp
[31.842s] -- Up-to-date symlink: /home/auro/Auro/install/auro_interfaces/include/auro_interfaces/auro_interfaces/srv/detail/collision__rosidl_typesupport_introspection_cpp.hpp
[31.842s] -- Up-to-date symlink: /home/auro/Auro/install/auro_interfaces/include/auro_interfaces/auro_interfaces/srv/detail/item_request__rosidl_typesupport_introspection_cpp.hpp
[31.843s] -- Up-to-date symlink: /home/auro/Auro/install/auro_interfaces/include/auro_interfaces/auro_interfaces/srv/detail/sector__rosidl_typesupport_introspection_cpp.hpp
[31.843s] -- Up-to-date symlink: /home/auro/Auro/install/auro_interfaces/share/auro_interfaces/environment/pythonpath.sh
[31.843s] -- Up-to-date symlink: /home/auro/Auro/install/auro_interfaces/share/auro_interfaces/environment/pythonpath.dsv
[31.843s] -- Up-to-date symlink: /home/auro/Auro/install/auro_interfaces/local/lib/python3.10/dist-packages/auro_interfaces-0.0.0-py3.10.egg-info/PKG-INFO
[31.844s] -- Up-to-date symlink: /home/auro/Auro/install/auro_interfaces/local/lib/python3.10/dist-packages/auro_interfaces-0.0.0-py3.10.egg-info/SOURCES.txt
[31.844s] -- Up-to-date symlink: /home/auro/Auro/install/auro_interfaces/local/lib/python3.10/dist-packages/auro_interfaces-0.0.0-py3.10.egg-info/dependency_links.txt
[31.844s] -- Up-to-date symlink: /home/auro/Auro/install/auro_interfaces/local/lib/python3.10/dist-packages/auro_interfaces-0.0.0-py3.10.egg-info/top_level.txt
[31.846s] -- Up-to-date symlink: /home/auro/Auro/install/auro_interfaces/local/lib/python3.10/dist-packages/auro_interfaces/__init__.py
[31.846s] -- Up-to-date symlink: /home/auro/Auro/install/auro_interfaces/local/lib/python3.10/dist-packages/auro_interfaces/_auro_interfaces_s.ep.rosidl_typesupport_c.c
[31.846s] -- Up-to-date symlink: /home/auro/Auro/install/auro_interfaces/local/lib/python3.10/dist-packages/auro_interfaces/_auro_interfaces_s.ep.rosidl_typesupport_fastrtps_c.c
[31.846s] -- Up-to-date symlink: /home/auro/Auro/install/auro_interfaces/local/lib/python3.10/dist-packages/auro_interfaces/_auro_interfaces_s.ep.rosidl_typesupport_introspection_c.c
[31.847s] -- Up-to-date symlink: /home/auro/Auro/install/auro_interfaces/local/lib/python3.10/dist-packages/auro_interfaces/action/__init__.py
[31.847s] -- Up-to-date symlink: /home/auro/Auro/install/auro_interfaces/local/lib/python3.10/dist-packages/auro_interfaces/action/_move.py
[31.847s] -- Up-to-date symlink: /home/auro/Auro/install/auro_interfaces/local/lib/python3.10/dist-packages/auro_interfaces/action/_move_s.c
[31.847s] -- Up-to-date symlink: /home/auro/Auro/install/auro_interfaces/local/lib/python3.10/dist-packages/auro_interfaces/auro_interfaces_s__rosidl_typesupport_c.cpython-310-x86_64-linux-gnu.so
[31.847s] -- Up-to-date symlink: /home/auro/Auro/install/auro_interfaces/local/lib/python3.10/dist-packages/auro_interfaces/auro_interfaces_s__rosidl_typesupport_fastrtps_c.cpython-310-x86_64-linux-gnu.so
[31.847s] -- Up-to-date symlink: /home/auro/Auro/install/auro_interfaces/local/lib/python3.10/dist-packages/auro_interfaces/auro_interfaces_s__rosidl_typesupport_introspection_c.cpython-310-x86_64-linux-gnu.so
[31.847s] -- Up-to-date symlink: /home/auro/Auro/install/auro_interfaces/local/lib/python3.10/dist-packages/auro_interfaces/libauro_interfaces__rosidl_generator_py.so
[31.848s] -- Up-to-date symlink: /home/auro/Auro/install/auro_interfaces/local/lib/python3.10/dist-packages/auro_interfaces/msg/__init__.py
[31.848s] -- Up-to-date symlink: /home/auro/Auro/install/auro_interfaces/local/lib/python3.10/dist-packages/auro_interfaces/msg/_direction.py
[31.848s] -- Up-to-date symlink: /home/auro/Auro/install/auro_interfaces/local/lib/python3.10/dist-packages/auro_interfaces/msg/_direction_s.c
[31.848s] -- Up-to-date symlink: /home/auro/Auro/install/auro_interfaces/local/lib/python3.10/dist-packages/auro_interfaces/msg/_item.py
[31.849s] -- Up-to-date symlink: /home/auro/Auro/install/auro_interfaces/local/lib/python3.10/dist-packages/auro_interfaces/msg/_item_list.py
[31.849s] -- Up-to-date symlink: /home/auro/Auro/install/auro_interfaces/local/lib/python3.10/dist-packages/auro_interfaces/msg/_item_list_s.c
[31.849s] -- Up-to-date symlink: /home/auro/Auro/install/auro_interfaces/local/lib/python3.10/dist-packages/auro_interfaces/msg/_item_s.c
[31.849s] -- Up-to-date symlink: /home/auro/Auro/install/auro_interfaces/local/lib/python3.10/dist-packages/auro_interfaces/msg/_string_with_pose.py
[31.849s] -- Up-to-date symlink: /home/auro/Auro/install/auro_interfaces/local/lib/python3.10/dist-packages/auro_interfaces/msg/_string_with_pose_s.c
[31.850s] -- Up-to-date symlink: /home/auro/Auro/install/auro_interfaces/local/lib/python3.10/dist-packages/auro_interfaces/srv/__init__.py
[31.850s] -- Up-to-date symlink: /home/auro/Auro/install/auro_interfaces/local/lib/python3.10/dist-packages/auro_interfaces/srv/_check_goal.py
[31.850s] -- Up-to-date symlink: /home/auro/Auro/install/auro_interfaces/local/lib/python3.10/dist-packages/auro_interfaces/srv/_check_goal_s.c
[31.850s] -- Up-to-date symlink: /home/auro/Auro/install/auro_interfaces/local/lib/python3.10/dist-packages/auro_interfaces/srv/_collision.py
[31.852s] -- Up-to-date symlink: /home/auro/Auro/install/auro_interfaces/local/lib/python3.10/dist-packages/auro_interfaces/srv/_collision_s.c
[31.852s] -- Up-to-date symlink: /home/auro/Auro/install/auro_interfaces/local/lib/python3.10/dist-packages/auro_interfaces/srv/_item_request.py
[31.852s] -- Up-to-date symlink: /home/auro/Auro/install/auro_interfaces/local/lib/python3.10/dist-packages/auro_interfaces/srv/_item_request_s.c
[31.852s] -- Up-to-date symlink: /home/auro/Auro/install/auro_interfaces/local/lib/python3.10/dist-packages/auro_interfaces/srv/_sector.py
[31.852s] -- Up-to-date symlink: /home/auro/Auro/install/auro_interfaces/local/lib/python3.10/dist-packages/auro_interfaces/srv/_sector_s.c
[31.852s] -- Up-to-date symlink: /home/auro/Auro/install/auro_interfaces/local/lib/python3.10/dist-packages/auro_interfaces/auro_interfaces_s__rosidl_typesupport_fastrtps_c.cpython-310-x86_64-linux-gnu.so
[31.852s] -- Up-to-date symlink: /home/auro/Auro/install/auro_interfaces/local/lib/python3.10/dist-packages/auro_interfaces/auro_interfaces_s__rosidl_typesupport_introspection_c.cpython-310-x86_64-linux-gnu.so
[31.852s] -- Up-to-date symlink: /home/auro/Auro/install/auro_interfaces/local/lib/python3.10/dist-packages/auro_interfaces/auro_interfaces_s__rosidl_typesupport_c.cpython-310-x86_64-linux-gnu.so
[31.853s] -- Up-to-date symlink: /home/auro/Auro/install/auro_interfaces/share/auro_interfaces/msg/StringWithPose.idl
[31.853s] -- Up-to-date symlink: /home/auro/Auro/install/auro_interfaces/share/auro_interfaces/msg/Item.idl
[31.853s] -- Up-to-date symlink: /home/auro/Auro/install/auro_interfaces/share/auro_interfaces/msg/ItemList.idl
[31.853s] -- Up-to-date symlink: /home/auro/Auro/install/auro_interfaces/share/auro_interfaces/msg/Direction.idl
[31.854s] -- Up-to-date symlink: /home/auro/Auro/install/auro_interfaces/share/auro_interfaces/srv/ItemRequest.idl
[31.854s] -- Up-to-date symlink: /home/auro/Auro/install/auro_interfaces/share/auro_interfaces/srv/Sector.idl
[31.854s] -- Up-to-date symlink: /home/auro/Auro/install/auro_interfaces/share/auro_interfaces/srv/Collision.idl
[31.854s] -- Up-to-date symlink: /home/auro/Auro/install/auro_interfaces/share/auro_interfaces/action/Move.idl
[31.855s] -- Up-to-date symlink: /home/auro/Auro/install/auro_interfaces/share/auro_interfaces/srv/CheckGoal.idl
[31.855s] -- Up-to-date symlink: /home/auro/Auro/install/auro_interfaces/share/auro_interfaces/msg/StringWithPose.msg
[31.855s] -- Up-to-date symlink: /home/auro/Auro/install/auro_interfaces/share/auro_interfaces/msg/Item.msg
[31.856s] -- Up-to-date symlink: /home/auro/Auro/install/auro_interfaces/share/auro_interfaces/msg/ItemList.msg
[31.856s] -- Up-to-date symlink: /home/auro/Auro/install/auro_interfaces/share/auro_interfaces/msg/Direction.msg
[31.856s] -- Up-to-date symlink: /home/auro/Auro/install/auro_interfaces/share/auro_interfaces/srv/ItemRequest.srv
[31.857s] -- Up-to-date symlink: /home/auro/Auro/install/auro_interfaces/share/auro_interfaces/srv/ItemRequest_Request.msg
[31.857s] -- Up-to-date symlink: /home/auro/Auro/install/auro_interfaces/share/auro_interfaces/srv/ItemRequest_Response.msg
[31.857s] -- Up-to-date symlink: /home/auro/Auro/install/auro_interfaces/share/auro_interfaces/srv/Sector.srv
[31.857s] -- Up-to-date symlink: /home/auro/Auro/install/auro_interfaces/share/auro_interfaces/srv/Sector_Request.msg
[31.857s] -- Up-to-date symlink: /home/auro/Auro/install/auro_interfaces/share/auro_interfaces/srv/Sector_Response.msg
[31.857s] -- Up-to-date symlink: /home/auro/Auro/install/auro_interfaces/share/auro_interfaces/srv/Collision.srv
[31.858s] -- Up-to-date symlink: /home/auro/Auro/install/auro_interfaces/share/auro_interfaces/srv/Collision_Request.msg
[31.858s] -- Up-to-date symlink: /home/auro/Auro/install/auro_interfaces/share/auro_interfaces/srv/Collision_Response.msg
[31.858s] -- Up-to-date symlink: /home/auro/Auro/install/auro_interfaces/share/auro_interfaces/action/Move.action
[31.858s] -- Up-to-date symlink: /home/auro/Auro/install/auro_interfaces/share/auro_interfaces/srv/CheckGoal.srv
[31.858s] -- Up-to-date symlink: /home/auro/Auro/install/auro_interfaces/share/auro_interfaces/srv/CheckGoal_Request.msg
[31.859s] -- Up-to-date symlink: /home/auro/Auro/install/auro_interfaces/share/auro_interfaces/srv/CheckGoal_Response.msg
[31.859s] -- Up-to-date symlink: /home/auro/Auro/install/auro_interfaces/share/ament_index/resource_index/package_run_dependencies/auro_interfaces
[31.859s] -- Up-to-date symlink: /home/auro/Auro/install/auro_interfaces/share/ament_index/resource_index/parent_prefix_path/auro_interfaces
[31.860s] -- Up-to-date symlink: /home/auro/Auro/install/auro_interfaces/share/auro_interfaces/environment/ament_prefix_path.sh
[31.860s] -- Up-to-date symlink: /home/auro/Auro/install/auro_interfaces/share/auro_interfaces/environment/ament_prefix_path.dsv
[31.861s] -- Up-to-date symlink: /home/auro/Auro/install/auro_interfaces/share/auro_interfaces/environment/path.sh
[31.861s] -- Up-to-date symlink: /home/auro/Auro/install/auro_interfaces/share/auro_interfaces/environment/path.dsv
[31.861s] -- Up-to-date symlink: /home/auro/Auro/install/auro_interfaces/share/auro_interfaces/local_setup.bash
[31.861s] -- Up-to-date symlink: /home/auro/Auro/install/auro_interfaces/share/auro_interfaces/local_setup.sh
[31.862s] -- Up-to-date symlink: /home/auro/Auro/install/auro_interfaces/share/auro_interfaces/local_setup.zsh
[31.862s] -- Up-to-date symlink: /home/auro/Auro/install/auro_interfaces/share/auro_interfaces/local_setup.dsv
[31.862s] -- Symlinking: /home/auro/Auro/install/auro_interfaces/share/auro_interfaces/package.dsv
[31.877s] -- Up-to-date symlink: /home/auro/Auro/install/auro_interfaces/share/ament_index/resource_index/packages/auro_interfaces
[31.878s] -- Up-to-date symlink: /home/auro/Auro/install/auro_interfaces/share/auro_interfaces/cmake/rosidl_cmake-extras.cmake
[31.878s] -- Up-to-date symlink: /home/auro/Auro/install/auro_interfaces/share/auro_interfaces/cmake/ament_cmake_export_dependencies-extras.cmake
[31.878s] -- Up-to-date symlink: /home/auro/Auro/install/auro_interfaces/share/auro_interfaces/cmake/ament_cmake_export_include_directories-extras.cmake
[31.878s] -- Up-to-date symlink: /home/auro/Auro/install/auro_interfaces/share/auro_interfaces/cmake/ament_cmake_export_libraries-extras.cmake
[31.879s] -- Up-to-date symlink: /home/auro/Auro/install/auro_interfaces/share/auro_interfaces/cmake/ament_cmake_export_targets-extras.cmake
[31.879s] -- Up-to-date symlink: /home/auro/Auro/install/auro_interfaces/share/auro_interfaces/cmake/rosidl_cmake_export_typesupport_targets-extras.cmake
[31.879s] -- Up-to-date symlink: /home/auro/Auro/install/auro_interfaces/share/auro_interfaces/cmake/rosidl_cmake_export_typesupport_libraries-extras.cmake
[31.879s] -- Up-to-date symlink: /home/auro/Auro/install/auro_interfaces/share/auro_interfaces/cmake/auro_interfacesConfig.cmake
[31.879s] -- Up-to-date symlink: /home/auro/Auro/install/auro_interfaces/share/auro_interfaces/cmake/auro_interfacesConfig-version.cmake
[31.880s] -- Up-to-date symlink: /home/auro/Auro/install/auro_interfaces/share/auro_interfaces/package.xml
[31.880s] -- Installing: /home/auro/Auro/install/auro_interfaces/lib/libauro_interfaces__rosidl_generator_c.so
[31.880s] -- Set runtime path of "/home/auro/Auro/install/auro_interfaces/lib/libauro_interfaces__rosidl_generator_c.so" to ""
[31.881s] -- Installing: /home/auro/Auro/install/auro_interfaces/lib/libauro_interfaces__rosidl_typesupport_fastrtps_c.so
[31.882s] -- Set runtime path of "/home/auro/Auro/install/auro_interfaces/lib/libauro_interfaces__rosidl_typesupport_fastrtps_c.so" to ""
[31.882s] -- Installing: /home/auro/Auro/install/auro_interfaces/lib/libauro_interfaces__rosidl_typesupport_fastrtps_cpp.so
[31.883s] -- Set runtime path of "/home/auro/Auro/install/auro_interfaces/lib/libauro_interfaces__rosidl_typesupport_fastrtps_cpp.so" to ""
[31.883s] -- Installing: /home/auro/Auro/install/auro_interfaces/lib/libauro_interfaces__rosidl_typesupport_introspection_c.so
[31.884s] -- Set runtime path of "/home/auro/Auro/install/auro_interfaces/lib/libauro_interfaces__rosidl_typesupport_introspection_c.so" to ""
[31.884s] -- Installing: /home/auro/Auro/install/auro_interfaces/lib/libauro_interfaces__rosidl_typesupport_c.so
[31.884s] -- Set runtime path of "/home/auro/Auro/install/auro_interfaces/lib/libauro_interfaces__rosidl_typesupport_c.so" to ""
[31.885s] -- Installing: /home/auro/Auro/install/auro_interfaces/lib/libauro_interfaces__rosidl_typesupport_introspection_cpp.so
[31.886s] -- Set runtime path of "/home/auro/Auro/install/auro_interfaces/lib/libauro_interfaces__rosidl_typesupport_introspection_cpp.so" to ""
[31.886s] -- Installing: /home/auro/Auro/install/auro_interfaces/lib/libauro_interfaces__rosidl_typesupport_cpp.so
[31.886s] -- Set runtime path of "/home/auro/Auro/install/auro_interfaces/lib/libauro_interfaces__rosidl_typesupport_cpp.so" to ""
[31.964s] Listing '/home/auro/Auro/install/auro_interfaces/local/lib/python3.10/dist-packages/auro_interfaces'...
[31.964s] Compiling '/home/auro/Auro/install/auro_interfaces/local/lib/python3.10/dist-packages/auro_interfaces/__init__.py'...
[31.964s] Listing '/home/auro/Auro/install/auro_interfaces/local/lib/python3.10/dist-packages/auro_interfaces/action'...
[31.964s] Compiling '/home/auro/Auro/install/auro_interfaces/local/lib/python3.10/dist-packages/auro_interfaces/action/__init__.py'...
[31.964s] Compiling '/home/auro/Auro/install/auro_interfaces/local/lib/python3.10/dist-packages/auro_interfaces/action/_move.py'...
[31.964s] Listing '/home/auro/Auro/install/auro_interfaces/local/lib/python3.10/dist-packages/auro_interfaces/msg'...
[31.964s] Compiling '/home/auro/Auro/install/auro_interfaces/local/lib/python3.10/dist-packages/auro_interfaces/msg/__init__.py'...
[31.965s] Compiling '/home/auro/Auro/install/auro_interfaces/local/lib/python3.10/dist-packages/auro_interfaces/msg/_direction.py'...
[31.965s] Compiling '/home/auro/Auro/install/auro_interfaces/local/lib/python3.10/dist-packages/auro_interfaces/msg/_item.py'...
[31.965s] Compiling '/home/auro/Auro/install/auro_interfaces/local/lib/python3.10/dist-packages/auro_interfaces/msg/_item_list.py'...
[31.965s] Compiling '/home/auro/Auro/install/auro_interfaces/local/lib/python3.10/dist-packages/auro_interfaces/msg/_string_with_pose.py'...
[31.965s] Listing '/home/auro/Auro/install/auro_interfaces/local/lib/python3.10/dist-packages/auro_interfaces/srv'...
[31.965s] Compiling '/home/auro/Auro/install/auro_interfaces/local/lib/python3.10/dist-packages/auro_interfaces/srv/__init__.py'...
[31.965s] Compiling '/home/auro/Auro/install/auro_interfaces/local/lib/python3.10/dist-packages/auro_interfaces/srv/_check_goal.py'...
[31.965s] Compiling '/home/auro/Auro/install/auro_interfaces/local/lib/python3.10/dist-packages/auro_interfaces/srv/_collision.py'...
[31.965s] Compiling '/home/auro/Auro/install/auro_interfaces/local/lib/python3.10/dist-packages/auro_interfaces/srv/_item_request.py'...
[31.965s] Compiling '/home/auro/Auro/install/auro_interfaces/local/lib/python3.10/dist-packages/auro_interfaces/srv/_sector.py'...
[31.973s] -- Installing: /home/auro/Auro/install/auro_interfaces/lib/libauro_interfaces__rosidl_generator_py.so
[31.973s] -- Set runtime path of "/home/auro/Auro/install/auro_interfaces/lib/libauro_interfaces__rosidl_generator_py.so" to ""
[31.973s] -- Up-to-date: /home/auro/Auro/install/auro_interfaces/share/auro_interfaces/cmake/export_auro_interfaces__rosidl_generator_cExport.cmake
[31.974s] -- Up-to-date: /home/auro/Auro/install/auro_interfaces/share/auro_interfaces/cmake/export_auro_interfaces__rosidl_generator_cExport-noconfig.cmake
[31.974s] -- Up-to-date: /home/auro/Auro/install/auro_interfaces/share/auro_interfaces/cmake/export_auro_interfaces__rosidl_typesupport_fastrtps_cExport.cmake
[31.974s] -- Up-to-date: /home/auro/Auro/install/auro_interfaces/share/auro_interfaces/cmake/export_auro_interfaces__rosidl_typesupport_fastrtps_cExport-noconfig.cmake
[31.974s] -- Up-to-date: /home/auro/Auro/install/auro_interfaces/share/auro_interfaces/cmake/export_auro_interfaces__rosidl_generator_cppExport.cmake
[31.974s] -- Up-to-date: /home/auro/Auro/install/auro_interfaces/share/auro_interfaces/cmake/export_auro_interfaces__rosidl_typesupport_fastrtps_cppExport.cmake
[31.974s] -- Up-to-date: /home/auro/Auro/install/auro_interfaces/share/auro_interfaces/cmake/export_auro_interfaces__rosidl_typesupport_fastrtps_cppExport-noconfig.cmake
[31.974s] -- Up-to-date: /home/auro/Auro/install/auro_interfaces/share/auro_interfaces/cmake/auro_interfaces__rosidl_typesupport_introspection_cExport.cmake
[31.974s] -- Up-to-date: /home/auro/Auro/install/auro_interfaces/share/auro_interfaces/cmake/auro_interfaces__rosidl_typesupport_introspection_cExport-noconfig.cmake
[31.975s] -- Up-to-date: /home/auro/Auro/install/auro_interfaces/share/auro_interfaces/cmake/auro_interfaces__rosidl_typesupport_cExport.cmake
[31.975s] -- Up-to-date: /home/auro/Auro/install/auro_interfaces/share/auro_interfaces/cmake/auro_interfaces__rosidl_typesupport_cExport-noconfig.cmake
[31.975s] -- Up-to-date: /home/auro/Auro/install/auro_interfaces/share/auro_interfaces/cmake/auro_interfaces__rosidl_typesupport_introspection_cppExport.cmake
[31.975s] -- Up-to-date: /home/auro/Auro/install/auro_interfaces/share/auro_interfaces/cmake/auro_interfaces__rosidl_typesupport_introspection_cppExport-noconfig.cmake
[31.975s] -- Up-to-date: /home/auro/Auro/install/auro_interfaces/share/auro_interfaces/cmake/auro_interfaces__rosidl_typesupport_cppExport.cmake
[31.975s] -- Up-to-date: /home/auro/Auro/install/auro_interfaces/share/auro_interfaces/cmake/auro_interfaces__rosidl_typesupport_cppExport-noconfig.cmake
[31.975s] -- Up-to-date: /home/auro/Auro/install/auro_interfaces/share/auro_interfaces/cmake/export_auro_interfaces__rosidl_generator_pyExport.cmake
[31.975s] -- Up-to-date: /home/auro/Auro/install/auro_interfaces/share/auro_interfaces/cmake/export_auro_interfaces__rosidl_generator_pyExport-noconfig.cmake
[31.980s] Invoked command in '/home/auro/Auro/build/auro_interfaces' returned '0': CMAKE_PREFIX_PATH=${CMAKE_PREFIX_PATH}:/home/auro/turtlebot3_ws/install/turtlebot3_teleop:/home/auro/turtlebot3_ws/install/turtlebot3_example:/opt/ros/humble /usr/bin/cmake --install /home/auro/Auro/build/auro_interfaces
