[1.599s] Invoking command in '/home/auro/Auro/build/solution': PYTHONPATH=/home/auro/Auro/build/solution/prefix_override:/usr/lib/python3/dist-packages/colcon_core/task/python/colcon_distutils_commands:/home/auro/Auro/install/solution/lib/python3.10/site-packages:${PYTHONPATH} /usr/bin/python3 -W ignore:setup.py install is deprecated setup.py develop --editable --build-directory /home/auro/Auro/build/solution/build --no-deps symlink_data
[1.999s] running develop
[2.242s] running egg_info
[2.242s] writing solution.egg-info/PKG-INFO
[2.243s] writing dependency_links to solution.egg-info/dependency_links.txt
[2.243s] writing entry points to solution.egg-info/entry_points.txt
[2.243s] writing requirements to solution.egg-info/requires.txt
[2.245s] writing top-level names to solution.egg-info/top_level.txt
[2.247s] reading manifest file 'solution.egg-info/SOURCES.txt'
[2.249s] writing manifest file 'solution.egg-info/SOURCES.txt'
[2.251s] running build_ext
[2.253s] Creating /home/auro/Auro/install/solution/lib/python3.10/site-packages/solution.egg-link (link to .)
[2.255s] Installing collision_avoidance script to /home/auro/Auro/install/solution/lib/solution
[2.255s] Installing data_logger script to /home/auro/Auro/install/solution/lib/solution
[2.256s] Installing robot_controller script to /home/auro/Auro/install/solution/lib/solution
[2.256s] Installing robot_manager script to /home/auro/Auro/install/solution/lib/solution
[2.256s] Installing robot_vision script to /home/auro/Auro/install/solution/lib/solution
[2.256s] 
[2.256s] Installed /home/auro/Auro/build/solution
[2.256s] running symlink_data
[2.312s] Invoked command in '/home/auro/Auro/build/solution' returned '0': PYTHONPATH=/home/auro/Auro/build/solution/prefix_override:/usr/lib/python3/dist-packages/colcon_core/task/python/colcon_distutils_commands:/home/auro/Auro/install/solution/lib/python3.10/site-packages:${PYTHONPATH} /usr/bin/python3 -W ignore:setup.py install is deprecated setup.py develop --editable --build-directory /home/auro/Auro/build/solution/build --no-deps symlink_data
