[0.139s] DEBUG:colcon:Command line arguments: ['/usr/bin/colcon', 'build', '--symlink-install']
[0.139s] DEBUG:colcon:Parsed command line arguments: Namespace(log_base=None, log_level=None, verb_name='build', build_base='build', install_base='install', merge_install=False, symlink_install=True, test_result_base=None, continue_on_error=False, executor='parallel', parallel_workers=4, event_handlers=None, ignore_user_meta=False, metas=['./colcon.meta'], base_paths=['.'], packages_ignore=None, packages_ignore_regex=None, paths=None, packages_up_to=None, packages_up_to_regex=None, packages_above=None, packages_above_and_dependencies=None, packages_above_depth=None, packages_select_by_dep=None, packages_skip_by_dep=None, packages_skip_up_to=None, packages_select_build_failed=False, packages_skip_build_finished=False, packages_select_test_failures=False, packages_skip_test_passed=False, packages_select=None, packages_skip=None, packages_select_regex=None, packages_skip_regex=None, packages_start=None, packages_end=None, allow_overriding=[], cmake_args=None, cmake_target=None, cmake_target_skip_unavailable=False, cmake_clean_cache=False, cmake_clean_first=False, cmake_force_configure=False, ament_cmake_args=None, catkin_cmake_args=None, catkin_skip_building_tests=False, mixin_files=None, mixin=None, verb_parser=<colcon_mixin.mixin.mixin_argument.MixinArgumentDecorator object at 0x71d353458040>, verb_extension=<colcon_core.verb.build.BuildVerb object at 0x71d35342b220>, main=<bound method BuildVerb.main of <colcon_core.verb.build.BuildVerb object at 0x71d35342b220>>, mixin_verb=('build',))
[0.345s] Level 1:colcon.colcon_core.package_discovery:discover_packages(colcon_meta) check parameters
[0.345s] Level 1:colcon.colcon_core.package_discovery:discover_packages(recursive) check parameters
[0.345s] Level 1:colcon.colcon_core.package_discovery:discover_packages(ignore) check parameters
[0.345s] Level 1:colcon.colcon_core.package_discovery:discover_packages(path) check parameters
[0.345s] Level 1:colcon.colcon_core.package_discovery:discover_packages(colcon_meta) discover
[0.345s] Level 1:colcon.colcon_core.package_discovery:discover_packages(recursive) discover
[0.345s] INFO:colcon.colcon_core.package_discovery:Crawling recursively for packages in '/home/auro/Auro'
[0.345s] Level 1:colcon.colcon_core.package_identification:_identify(.) by extensions ['ignore', 'ignore_ament_install']
[0.345s] Level 1:colcon.colcon_core.package_identification:_identify(.) by extension 'ignore'
[0.345s] Level 1:colcon.colcon_core.package_identification:_identify(.) by extension 'ignore_ament_install'
[0.346s] Level 1:colcon.colcon_core.package_identification:_identify(.) by extensions ['colcon_pkg']
[0.346s] Level 1:colcon.colcon_core.package_identification:_identify(.) by extension 'colcon_pkg'
[0.346s] Level 1:colcon.colcon_core.package_identification:_identify(.) by extensions ['colcon_meta']
[0.346s] Level 1:colcon.colcon_core.package_identification:_identify(.) by extension 'colcon_meta'
[0.346s] Level 1:colcon.colcon_core.package_identification:_identify(.) by extensions ['ros']
[0.346s] Level 1:colcon.colcon_core.package_identification:_identify(.) by extension 'ros'
[0.358s] Level 1:colcon.colcon_core.package_identification:_identify(.) by extensions ['cmake', 'python']
[0.358s] Level 1:colcon.colcon_core.package_identification:_identify(.) by extension 'cmake'
[0.358s] Level 1:colcon.colcon_core.package_identification:_identify(.) by extension 'python'
[0.358s] Level 1:colcon.colcon_core.package_identification:_identify(.) by extensions ['python_setup_py']
[0.358s] Level 1:colcon.colcon_core.package_identification:_identify(.) by extension 'python_setup_py'
[0.358s] Level 1:colcon.colcon_core.package_identification:_identify(assessment) by extensions ['ignore', 'ignore_ament_install']
[0.358s] Level 1:colcon.colcon_core.package_identification:_identify(assessment) by extension 'ignore'
[0.358s] Level 1:colcon.colcon_core.package_identification:_identify(assessment) by extension 'ignore_ament_install'
[0.358s] Level 1:colcon.colcon_core.package_identification:_identify(assessment) by extensions ['colcon_pkg']
[0.359s] Level 1:colcon.colcon_core.package_identification:_identify(assessment) by extension 'colcon_pkg'
[0.359s] Level 1:colcon.colcon_core.package_identification:_identify(assessment) by extensions ['colcon_meta']
[0.359s] Level 1:colcon.colcon_core.package_identification:_identify(assessment) by extension 'colcon_meta'
[0.359s] Level 1:colcon.colcon_core.package_identification:_identify(assessment) by extensions ['ros']
[0.359s] Level 1:colcon.colcon_core.package_identification:_identify(assessment) by extension 'ros'
[0.361s] DEBUG:colcon.colcon_core.package_identification:Package 'assessment' with type 'ros.ament_python' and name 'assessment'
[0.361s] Level 1:colcon.colcon_core.package_identification:_identify(assessment_interfaces) by extensions ['ignore', 'ignore_ament_install']
[0.362s] Level 1:colcon.colcon_core.package_identification:_identify(assessment_interfaces) by extension 'ignore'
[0.362s] Level 1:colcon.colcon_core.package_identification:_identify(assessment_interfaces) by extension 'ignore_ament_install'
[0.362s] Level 1:colcon.colcon_core.package_identification:_identify(assessment_interfaces) by extensions ['colcon_pkg']
[0.362s] Level 1:colcon.colcon_core.package_identification:_identify(assessment_interfaces) by extension 'colcon_pkg'
[0.362s] Level 1:colcon.colcon_core.package_identification:_identify(assessment_interfaces) by extensions ['colcon_meta']
[0.362s] Level 1:colcon.colcon_core.package_identification:_identify(assessment_interfaces) by extension 'colcon_meta'
[0.362s] Level 1:colcon.colcon_core.package_identification:_identify(assessment_interfaces) by extensions ['ros']
[0.362s] Level 1:colcon.colcon_core.package_identification:_identify(assessment_interfaces) by extension 'ros'
[0.362s] DEBUG:colcon.colcon_core.package_identification:Package 'assessment_interfaces' with type 'ros.ament_cmake' and name 'assessment_interfaces'
[0.363s] Level 1:colcon.colcon_core.package_identification:_identify(auro_interfaces) by extensions ['ignore', 'ignore_ament_install']
[0.363s] Level 1:colcon.colcon_core.package_identification:_identify(auro_interfaces) by extension 'ignore'
[0.363s] Level 1:colcon.colcon_core.package_identification:_identify(auro_interfaces) by extension 'ignore_ament_install'
[0.363s] Level 1:colcon.colcon_core.package_identification:_identify(auro_interfaces) by extensions ['colcon_pkg']
[0.363s] Level 1:colcon.colcon_core.package_identification:_identify(auro_interfaces) by extension 'colcon_pkg'
[0.363s] Level 1:colcon.colcon_core.package_identification:_identify(auro_interfaces) by extensions ['colcon_meta']
[0.363s] Level 1:colcon.colcon_core.package_identification:_identify(auro_interfaces) by extension 'colcon_meta'
[0.363s] Level 1:colcon.colcon_core.package_identification:_identify(auro_interfaces) by extensions ['ros']
[0.363s] Level 1:colcon.colcon_core.package_identification:_identify(auro_interfaces) by extension 'ros'
[0.364s] DEBUG:colcon.colcon_core.package_identification:Package 'auro_interfaces' with type 'ros.ament_cmake' and name 'auro_interfaces'
[0.364s] Level 1:colcon.colcon_core.package_identification:_identify(build) by extensions ['ignore', 'ignore_ament_install']
[0.364s] Level 1:colcon.colcon_core.package_identification:_identify(build) by extension 'ignore'
[0.364s] Level 1:colcon.colcon_core.package_identification:_identify(build) ignored
[0.364s] Level 1:colcon.colcon_core.package_identification:_identify(install) by extensions ['ignore', 'ignore_ament_install']
[0.364s] Level 1:colcon.colcon_core.package_identification:_identify(install) by extension 'ignore'
[0.364s] Level 1:colcon.colcon_core.package_identification:_identify(install) ignored
[0.365s] Level 1:colcon.colcon_core.package_identification:_identify(log) by extensions ['ignore', 'ignore_ament_install']
[0.365s] Level 1:colcon.colcon_core.package_identification:_identify(log) by extension 'ignore'
[0.365s] Level 1:colcon.colcon_core.package_identification:_identify(log) ignored
[0.365s] Level 1:colcon.colcon_core.package_identification:_identify(solution) by extensions ['ignore', 'ignore_ament_install']
[0.365s] Level 1:colcon.colcon_core.package_identification:_identify(solution) by extension 'ignore'
[0.366s] Level 1:colcon.colcon_core.package_identification:_identify(solution) by extension 'ignore_ament_install'
[0.366s] Level 1:colcon.colcon_core.package_identification:_identify(solution) by extensions ['colcon_pkg']
[0.366s] Level 1:colcon.colcon_core.package_identification:_identify(solution) by extension 'colcon_pkg'
[0.366s] Level 1:colcon.colcon_core.package_identification:_identify(solution) by extensions ['colcon_meta']
[0.366s] Level 1:colcon.colcon_core.package_identification:_identify(solution) by extension 'colcon_meta'
[0.366s] Level 1:colcon.colcon_core.package_identification:_identify(solution) by extensions ['ros']
[0.366s] Level 1:colcon.colcon_core.package_identification:_identify(solution) by extension 'ros'
[0.366s] DEBUG:colcon.colcon_core.package_identification:Package 'solution' with type 'ros.ament_python' and name 'solution'
[0.366s] Level 1:colcon.colcon_core.package_identification:_identify(tf_relay) by extensions ['ignore', 'ignore_ament_install']
[0.366s] Level 1:colcon.colcon_core.package_identification:_identify(tf_relay) by extension 'ignore'
[0.367s] Level 1:colcon.colcon_core.package_identification:_identify(tf_relay) by extension 'ignore_ament_install'
[0.367s] Level 1:colcon.colcon_core.package_identification:_identify(tf_relay) by extensions ['colcon_pkg']
[0.367s] Level 1:colcon.colcon_core.package_identification:_identify(tf_relay) by extension 'colcon_pkg'
[0.367s] Level 1:colcon.colcon_core.package_identification:_identify(tf_relay) by extensions ['colcon_meta']
[0.367s] Level 1:colcon.colcon_core.package_identification:_identify(tf_relay) by extension 'colcon_meta'
[0.367s] Level 1:colcon.colcon_core.package_identification:_identify(tf_relay) by extensions ['ros']
[0.367s] Level 1:colcon.colcon_core.package_identification:_identify(tf_relay) by extension 'ros'
[0.367s] DEBUG:colcon.colcon_core.package_identification:Package 'tf_relay' with type 'ros.ament_python' and name 'tf_relay'
[0.367s] Level 1:colcon.colcon_core.package_discovery:discover_packages(recursive) using defaults
[0.367s] Level 1:colcon.colcon_core.package_discovery:discover_packages(ignore) discover
[0.367s] Level 1:colcon.colcon_core.package_discovery:discover_packages(ignore) using defaults
[0.367s] Level 1:colcon.colcon_core.package_discovery:discover_packages(path) discover
[0.367s] Level 1:colcon.colcon_core.package_discovery:discover_packages(path) using defaults
[0.409s] Level 1:colcon.colcon_core.package_discovery:discover_packages(prefix_path) check parameters
[0.409s] Level 1:colcon.colcon_core.package_discovery:discover_packages(prefix_path) discover
[0.412s] DEBUG:colcon.colcon_installed_package_information.package_discovery:Found 5 installed packages in /home/auro/Auro/install
[0.413s] DEBUG:colcon.colcon_installed_package_information.package_discovery:Found 15 installed packages in /home/auro/turtlebot3_ws/install
[0.415s] DEBUG:colcon.colcon_installed_package_information.package_discovery:Found 398 installed packages in /opt/ros/humble
[0.418s] Level 1:colcon.colcon_core.package_discovery:discover_packages(prefix_path) using defaults
[0.484s] Level 5:colcon.colcon_core.verb:set package 'assessment_interfaces' build argument 'cmake_args' from command line to 'None'
[0.484s] Level 5:colcon.colcon_core.verb:set package 'assessment_interfaces' build argument 'cmake_target' from command line to 'None'
[0.484s] Level 5:colcon.colcon_core.verb:set package 'assessment_interfaces' build argument 'cmake_target_skip_unavailable' from command line to 'False'
[0.484s] Level 5:colcon.colcon_core.verb:set package 'assessment_interfaces' build argument 'cmake_clean_cache' from command line to 'False'
[0.484s] Level 5:colcon.colcon_core.verb:set package 'assessment_interfaces' build argument 'cmake_clean_first' from command line to 'False'
[0.484s] Level 5:colcon.colcon_core.verb:set package 'assessment_interfaces' build argument 'cmake_force_configure' from command line to 'False'
[0.484s] Level 5:colcon.colcon_core.verb:set package 'assessment_interfaces' build argument 'ament_cmake_args' from command line to 'None'
[0.484s] Level 5:colcon.colcon_core.verb:set package 'assessment_interfaces' build argument 'catkin_cmake_args' from command line to 'None'
[0.485s] Level 5:colcon.colcon_core.verb:set package 'assessment_interfaces' build argument 'catkin_skip_building_tests' from command line to 'False'
[0.485s] DEBUG:colcon.colcon_core.verb:Building package 'assessment_interfaces' with the following arguments: {'ament_cmake_args': None, 'build_base': '/home/auro/Auro/build/assessment_interfaces', 'catkin_cmake_args': None, 'catkin_skip_building_tests': False, 'cmake_args': None, 'cmake_clean_cache': False, 'cmake_clean_first': False, 'cmake_force_configure': False, 'cmake_target': None, 'cmake_target_skip_unavailable': False, 'install_base': '/home/auro/Auro/install/assessment_interfaces', 'merge_install': False, 'path': '/home/auro/Auro/assessment_interfaces', 'symlink_install': True, 'test_result_base': None}
[0.485s] Level 5:colcon.colcon_core.verb:set package 'auro_interfaces' build argument 'cmake_args' from command line to 'None'
[0.485s] Level 5:colcon.colcon_core.verb:set package 'auro_interfaces' build argument 'cmake_target' from command line to 'None'
[0.485s] Level 5:colcon.colcon_core.verb:set package 'auro_interfaces' build argument 'cmake_target_skip_unavailable' from command line to 'False'
[0.485s] Level 5:colcon.colcon_core.verb:set package 'auro_interfaces' build argument 'cmake_clean_cache' from command line to 'False'
[0.485s] Level 5:colcon.colcon_core.verb:set package 'auro_interfaces' build argument 'cmake_clean_first' from command line to 'False'
[0.485s] Level 5:colcon.colcon_core.verb:set package 'auro_interfaces' build argument 'cmake_force_configure' from command line to 'False'
[0.485s] Level 5:colcon.colcon_core.verb:set package 'auro_interfaces' build argument 'ament_cmake_args' from command line to 'None'
[0.485s] Level 5:colcon.colcon_core.verb:set package 'auro_interfaces' build argument 'catkin_cmake_args' from command line to 'None'
[0.485s] Level 5:colcon.colcon_core.verb:set package 'auro_interfaces' build argument 'catkin_skip_building_tests' from command line to 'False'
[0.485s] DEBUG:colcon.colcon_core.verb:Building package 'auro_interfaces' with the following arguments: {'ament_cmake_args': None, 'build_base': '/home/auro/Auro/build/auro_interfaces', 'catkin_cmake_args': None, 'catkin_skip_building_tests': False, 'cmake_args': None, 'cmake_clean_cache': False, 'cmake_clean_first': False, 'cmake_force_configure': False, 'cmake_target': None, 'cmake_target_skip_unavailable': False, 'install_base': '/home/auro/Auro/install/auro_interfaces', 'merge_install': False, 'path': '/home/auro/Auro/auro_interfaces', 'symlink_install': True, 'test_result_base': None}
[0.486s] Level 5:colcon.colcon_core.verb:set package 'solution' build argument 'cmake_args' from command line to 'None'
[0.486s] Level 5:colcon.colcon_core.verb:set package 'solution' build argument 'cmake_target' from command line to 'None'
[0.486s] Level 5:colcon.colcon_core.verb:set package 'solution' build argument 'cmake_target_skip_unavailable' from command line to 'False'
[0.486s] Level 5:colcon.colcon_core.verb:set package 'solution' build argument 'cmake_clean_cache' from command line to 'False'
[0.486s] Level 5:colcon.colcon_core.verb:set package 'solution' build argument 'cmake_clean_first' from command line to 'False'
[0.486s] Level 5:colcon.colcon_core.verb:set package 'solution' build argument 'cmake_force_configure' from command line to 'False'
[0.486s] Level 5:colcon.colcon_core.verb:set package 'solution' build argument 'ament_cmake_args' from command line to 'None'
[0.486s] Level 5:colcon.colcon_core.verb:set package 'solution' build argument 'catkin_cmake_args' from command line to 'None'
[0.486s] Level 5:colcon.colcon_core.verb:set package 'solution' build argument 'catkin_skip_building_tests' from command line to 'False'
[0.486s] DEBUG:colcon.colcon_core.verb:Building package 'solution' with the following arguments: {'ament_cmake_args': None, 'build_base': '/home/auro/Auro/build/solution', 'catkin_cmake_args': None, 'catkin_skip_building_tests': False, 'cmake_args': None, 'cmake_clean_cache': False, 'cmake_clean_first': False, 'cmake_force_configure': False, 'cmake_target': None, 'cmake_target_skip_unavailable': False, 'install_base': '/home/auro/Auro/install/solution', 'merge_install': False, 'path': '/home/auro/Auro/solution', 'symlink_install': True, 'test_result_base': None}
[0.487s] Level 5:colcon.colcon_core.verb:set package 'tf_relay' build argument 'cmake_args' from command line to 'None'
[0.487s] Level 5:colcon.colcon_core.verb:set package 'tf_relay' build argument 'cmake_target' from command line to 'None'
[0.487s] Level 5:colcon.colcon_core.verb:set package 'tf_relay' build argument 'cmake_target_skip_unavailable' from command line to 'False'
[0.487s] Level 5:colcon.colcon_core.verb:set package 'tf_relay' build argument 'cmake_clean_cache' from command line to 'False'
[0.487s] Level 5:colcon.colcon_core.verb:set package 'tf_relay' build argument 'cmake_clean_first' from command line to 'False'
[0.487s] Level 5:colcon.colcon_core.verb:set package 'tf_relay' build argument 'cmake_force_configure' from command line to 'False'
[0.487s] Level 5:colcon.colcon_core.verb:set package 'tf_relay' build argument 'ament_cmake_args' from command line to 'None'
[0.487s] Level 5:colcon.colcon_core.verb:set package 'tf_relay' build argument 'catkin_cmake_args' from command line to 'None'
[0.487s] Level 5:colcon.colcon_core.verb:set package 'tf_relay' build argument 'catkin_skip_building_tests' from command line to 'False'
[0.487s] DEBUG:colcon.colcon_core.verb:Building package 'tf_relay' with the following arguments: {'ament_cmake_args': None, 'build_base': '/home/auro/Auro/build/tf_relay', 'catkin_cmake_args': None, 'catkin_skip_building_tests': False, 'cmake_args': None, 'cmake_clean_cache': False, 'cmake_clean_first': False, 'cmake_force_configure': False, 'cmake_target': None, 'cmake_target_skip_unavailable': False, 'install_base': '/home/auro/Auro/install/tf_relay', 'merge_install': False, 'path': '/home/auro/Auro/tf_relay', 'symlink_install': True, 'test_result_base': None}
[0.487s] Level 5:colcon.colcon_core.verb:set package 'assessment' build argument 'cmake_args' from command line to 'None'
[0.487s] Level 5:colcon.colcon_core.verb:set package 'assessment' build argument 'cmake_target' from command line to 'None'
[0.487s] Level 5:colcon.colcon_core.verb:set package 'assessment' build argument 'cmake_target_skip_unavailable' from command line to 'False'
[0.487s] Level 5:colcon.colcon_core.verb:set package 'assessment' build argument 'cmake_clean_cache' from command line to 'False'
[0.487s] Level 5:colcon.colcon_core.verb:set package 'assessment' build argument 'cmake_clean_first' from command line to 'False'
[0.487s] Level 5:colcon.colcon_core.verb:set package 'assessment' build argument 'cmake_force_configure' from command line to 'False'
[0.487s] Level 5:colcon.colcon_core.verb:set package 'assessment' build argument 'ament_cmake_args' from command line to 'None'
[0.487s] Level 5:colcon.colcon_core.verb:set package 'assessment' build argument 'catkin_cmake_args' from command line to 'None'
[0.487s] Level 5:colcon.colcon_core.verb:set package 'assessment' build argument 'catkin_skip_building_tests' from command line to 'False'
[0.487s] DEBUG:colcon.colcon_core.verb:Building package 'assessment' with the following arguments: {'ament_cmake_args': None, 'build_base': '/home/auro/Auro/build/assessment', 'catkin_cmake_args': None, 'catkin_skip_building_tests': False, 'cmake_args': None, 'cmake_clean_cache': False, 'cmake_clean_first': False, 'cmake_force_configure': False, 'cmake_target': None, 'cmake_target_skip_unavailable': False, 'install_base': '/home/auro/Auro/install/assessment', 'merge_install': False, 'path': '/home/auro/Auro/assessment', 'symlink_install': True, 'test_result_base': None}
[0.488s] INFO:colcon.colcon_core.executor:Executing jobs using 'parallel' executor
[0.489s] DEBUG:colcon.colcon_parallel_executor.executor.parallel:run_until_complete
[0.489s] INFO:colcon.colcon_ros.task.ament_cmake.build:Building ROS package in '/home/auro/Auro/auro_interfaces' with build type 'ament_cmake'
[0.489s] INFO:colcon.colcon_cmake.task.cmake.build:Building CMake package in '/home/auro/Auro/auro_interfaces'
[0.492s] INFO:colcon.colcon_core.plugin_system:Skipping extension 'colcon_core.shell.bat': Not used on non-Windows systems
[0.492s] INFO:colcon.colcon_core.shell:Skip shell extension 'powershell' for command environment: Not usable outside of PowerShell
[0.492s] DEBUG:colcon.colcon_core.shell:Skip shell extension 'dsv' for command environment
[0.499s] INFO:colcon.colcon_ros.task.ament_cmake.build:Building ROS package in '/home/auro/Auro/assessment_interfaces' with build type 'ament_cmake'
[0.499s] INFO:colcon.colcon_cmake.task.cmake.build:Building CMake package in '/home/auro/Auro/assessment_interfaces'
[0.500s] INFO:colcon.colcon_core.shell:Skip shell extension 'powershell' for command environment: Not usable outside of PowerShell
[0.500s] DEBUG:colcon.colcon_core.shell:Skip shell extension 'dsv' for command environment
[0.508s] INFO:colcon.colcon_ros.task.ament_python.build:Building ROS package in '/home/auro/Auro/solution' with build type 'ament_python'
[0.508s] Level 1:colcon.colcon_core.shell:create_environment_hook('solution', 'ament_prefix_path')
[0.509s] INFO:colcon.colcon_core.shell:Creating environment hook '/home/auro/Auro/install/solution/share/solution/hook/ament_prefix_path.ps1'
[0.510s] INFO:colcon.colcon_core.shell:Creating environment descriptor '/home/auro/Auro/install/solution/share/solution/hook/ament_prefix_path.dsv'
[0.511s] INFO:colcon.colcon_core.shell:Creating environment hook '/home/auro/Auro/install/solution/share/solution/hook/ament_prefix_path.sh'
[0.512s] INFO:colcon.colcon_core.shell:Skip shell extension 'powershell' for command environment: Not usable outside of PowerShell
[0.512s] DEBUG:colcon.colcon_core.shell:Skip shell extension 'dsv' for command environment
[0.519s] INFO:colcon.colcon_ros.task.ament_python.build:Building ROS package in '/home/auro/Auro/tf_relay' with build type 'ament_python'
[0.519s] Level 1:colcon.colcon_core.shell:create_environment_hook('tf_relay', 'ament_prefix_path')
[0.519s] INFO:colcon.colcon_core.shell:Creating environment hook '/home/auro/Auro/install/tf_relay/share/tf_relay/hook/ament_prefix_path.ps1'
[0.520s] INFO:colcon.colcon_core.shell:Creating environment descriptor '/home/auro/Auro/install/tf_relay/share/tf_relay/hook/ament_prefix_path.dsv'
[0.520s] INFO:colcon.colcon_core.shell:Creating environment hook '/home/auro/Auro/install/tf_relay/share/tf_relay/hook/ament_prefix_path.sh'
[0.521s] INFO:colcon.colcon_core.shell:Skip shell extension 'powershell' for command environment: Not usable outside of PowerShell
[0.522s] DEBUG:colcon.colcon_core.shell:Skip shell extension 'dsv' for command environment
[0.538s] DEBUG:colcon.colcon_core.event_handler.log_command:Invoking command in '/home/auro/Auro/build/auro_interfaces': CMAKE_PREFIX_PATH=${CMAKE_PREFIX_PATH}:/home/auro/Auro/install/tf_relay:/home/auro/Auro/install/solution:/home/auro/Auro/install/assessment:/home/auro/turtlebot3_ws/install/turtlebot3_teleop:/home/auro/turtlebot3_ws/install/turtlebot3_example:/opt/ros/humble /usr/bin/cmake --build /home/auro/Auro/build/auro_interfaces -- -j4 -l4
[0.561s] DEBUG:colcon.colcon_core.event_handler.log_command:Invoking command in '/home/auro/Auro/build/assessment_interfaces': CMAKE_PREFIX_PATH=${CMAKE_PREFIX_PATH}:/home/auro/Auro/install/tf_relay:/home/auro/Auro/install/solution:/home/auro/Auro/install/assessment:/home/auro/turtlebot3_ws/install/turtlebot3_teleop:/home/auro/turtlebot3_ws/install/turtlebot3_example:/opt/ros/humble /usr/bin/cmake --build /home/auro/Auro/build/assessment_interfaces -- -j4 -l4
[0.956s] INFO:colcon.colcon_core.task.python.build:Building Python package in '/home/auro/Auro/solution'
[0.957s] INFO:colcon.colcon_core.shell:Skip shell extension 'powershell' for command environment: Not usable outside of PowerShell
[0.957s] DEBUG:colcon.colcon_core.shell:Skip shell extension 'dsv' for command environment
[1.363s] INFO:colcon.colcon_core.task.python.build:Building Python package in '/home/auro/Auro/tf_relay'
[1.365s] INFO:colcon.colcon_core.shell:Skip shell extension 'powershell' for command environment: Not usable outside of PowerShell
[1.366s] DEBUG:colcon.colcon_core.shell:Skip shell extension 'dsv' for command environment
[1.583s] DEBUG:colcon.colcon_core.event_handler.log_command:Invoked command in '/home/auro/Auro/build/auro_interfaces' returned '0': CMAKE_PREFIX_PATH=${CMAKE_PREFIX_PATH}:/home/auro/Auro/install/tf_relay:/home/auro/Auro/install/solution:/home/auro/Auro/install/assessment:/home/auro/turtlebot3_ws/install/turtlebot3_teleop:/home/auro/turtlebot3_ws/install/turtlebot3_example:/opt/ros/humble /usr/bin/cmake --build /home/auro/Auro/build/auro_interfaces -- -j4 -l4
[1.665s] DEBUG:colcon.colcon_core.event_handler.log_command:Invoked command in '/home/auro/Auro/build/assessment_interfaces' returned '0': CMAKE_PREFIX_PATH=${CMAKE_PREFIX_PATH}:/home/auro/Auro/install/tf_relay:/home/auro/Auro/install/solution:/home/auro/Auro/install/assessment:/home/auro/turtlebot3_ws/install/turtlebot3_teleop:/home/auro/turtlebot3_ws/install/turtlebot3_example:/opt/ros/humble /usr/bin/cmake --build /home/auro/Auro/build/assessment_interfaces -- -j4 -l4
[1.996s] DEBUG:colcon.colcon_core.event_handler.log_command:Invoking command in '/home/auro/Auro/build/tf_relay': PYTHONPATH=/home/auro/Auro/build/tf_relay/prefix_override:/usr/lib/python3/dist-packages/colcon_core/task/python/colcon_distutils_commands:/home/auro/Auro/install/tf_relay/lib/python3.10/site-packages:${PYTHONPATH} /usr/bin/python3 -W ignore:setup.py install is deprecated setup.py develop --editable --build-directory /home/auro/Auro/build/tf_relay/build --no-deps symlink_data
[2.022s] DEBUG:colcon.colcon_core.event_handler.log_command:Invoking command in '/home/auro/Auro/build/solution': PYTHONPATH=/home/auro/Auro/build/solution/prefix_override:/usr/lib/python3/dist-packages/colcon_core/task/python/colcon_distutils_commands:/home/auro/Auro/install/solution/lib/python3.10/site-packages:${PYTHONPATH} /usr/bin/python3 -W ignore:setup.py install is deprecated setup.py develop --editable --build-directory /home/auro/Auro/build/solution/build --no-deps symlink_data
[2.039s] DEBUG:colcon.colcon_core.event_handler.log_command:Invoking command in '/home/auro/Auro/build/auro_interfaces': CMAKE_PREFIX_PATH=${CMAKE_PREFIX_PATH}:/home/auro/Auro/install/tf_relay:/home/auro/Auro/install/solution:/home/auro/Auro/install/assessment:/home/auro/turtlebot3_ws/install/turtlebot3_teleop:/home/auro/turtlebot3_ws/install/turtlebot3_example:/opt/ros/humble /usr/bin/cmake --install /home/auro/Auro/build/auro_interfaces
[2.162s] DEBUG:colcon.colcon_core.event_handler.log_command:Invoking command in '/home/auro/Auro/build/assessment_interfaces': CMAKE_PREFIX_PATH=${CMAKE_PREFIX_PATH}:/home/auro/Auro/install/tf_relay:/home/auro/Auro/install/solution:/home/auro/Auro/install/assessment:/home/auro/turtlebot3_ws/install/turtlebot3_teleop:/home/auro/turtlebot3_ws/install/turtlebot3_example:/opt/ros/humble /usr/bin/cmake --install /home/auro/Auro/build/assessment_interfaces
[2.230s] Level 1:colcon.colcon_core.environment:create_environment_scripts_only(auro_interfaces)
[2.234s] Level 1:colcon.colcon_core.environment:checking '/home/auro/Auro/install/auro_interfaces' for CMake module files
[2.235s] Level 1:colcon.colcon_core.environment:checking '/home/auro/Auro/install/auro_interfaces' for CMake config files
[2.238s] DEBUG:colcon.colcon_core.event_handler.log_command:Invoked command in '/home/auro/Auro/build/auro_interfaces' returned '0': CMAKE_PREFIX_PATH=${CMAKE_PREFIX_PATH}:/home/auro/Auro/install/tf_relay:/home/auro/Auro/install/solution:/home/auro/Auro/install/assessment:/home/auro/turtlebot3_ws/install/turtlebot3_teleop:/home/auro/turtlebot3_ws/install/turtlebot3_example:/opt/ros/humble /usr/bin/cmake --install /home/auro/Auro/build/auro_interfaces
[2.240s] Level 1:colcon.colcon_core.shell:create_environment_hook('auro_interfaces', 'cmake_prefix_path')
[2.241s] INFO:colcon.colcon_core.shell:Creating environment hook '/home/auro/Auro/install/auro_interfaces/share/auro_interfaces/hook/cmake_prefix_path.ps1'
[2.242s] INFO:colcon.colcon_core.shell:Creating environment descriptor '/home/auro/Auro/install/auro_interfaces/share/auro_interfaces/hook/cmake_prefix_path.dsv'
[2.242s] INFO:colcon.colcon_core.shell:Creating environment hook '/home/auro/Auro/install/auro_interfaces/share/auro_interfaces/hook/cmake_prefix_path.sh'
[2.243s] Level 1:colcon.colcon_core.environment:checking '/home/auro/Auro/install/auro_interfaces/lib'
[2.243s] Level 1:colcon.colcon_core.shell:create_environment_hook('auro_interfaces', 'ld_library_path_lib')
[2.244s] INFO:colcon.colcon_core.shell:Creating environment hook '/home/auro/Auro/install/auro_interfaces/share/auro_interfaces/hook/ld_library_path_lib.ps1'
[2.245s] INFO:colcon.colcon_core.shell:Creating environment descriptor '/home/auro/Auro/install/auro_interfaces/share/auro_interfaces/hook/ld_library_path_lib.dsv'
[2.245s] INFO:colcon.colcon_core.shell:Creating environment hook '/home/auro/Auro/install/auro_interfaces/share/auro_interfaces/hook/ld_library_path_lib.sh'
[2.246s] Level 1:colcon.colcon_core.environment:checking '/home/auro/Auro/install/auro_interfaces/bin'
[2.246s] Level 1:colcon.colcon_core.environment:checking '/home/auro/Auro/install/auro_interfaces/lib/pkgconfig/auro_interfaces.pc'
[2.246s] Level 1:colcon.colcon_core.environment:checking '/home/auro/Auro/install/auro_interfaces/lib/python3.10/site-packages'
[2.247s] Level 1:colcon.colcon_core.environment:checking '/home/auro/Auro/install/auro_interfaces/bin'
[2.247s] INFO:colcon.colcon_core.shell:Creating package script '/home/auro/Auro/install/auro_interfaces/share/auro_interfaces/package.ps1'
[2.248s] INFO:colcon.colcon_core.shell:Creating package descriptor '/home/auro/Auro/install/auro_interfaces/share/auro_interfaces/package.dsv'
[2.249s] INFO:colcon.colcon_core.shell:Creating package script '/home/auro/Auro/install/auro_interfaces/share/auro_interfaces/package.sh'
[2.250s] INFO:colcon.colcon_core.shell:Creating package script '/home/auro/Auro/install/auro_interfaces/share/auro_interfaces/package.bash'
[2.251s] INFO:colcon.colcon_core.shell:Creating package script '/home/auro/Auro/install/auro_interfaces/share/auro_interfaces/package.zsh'
[2.253s] Level 1:colcon.colcon_core.environment:create_file_with_runtime_dependencies(/home/auro/Auro/install/auro_interfaces/share/colcon-core/packages/auro_interfaces)
[2.309s] Level 1:colcon.colcon_core.environment:create_environment_scripts_only(assessment_interfaces)
[2.310s] Level 1:colcon.colcon_core.environment:checking '/home/auro/Auro/install/assessment_interfaces' for CMake module files
[2.310s] Level 1:colcon.colcon_core.environment:checking '/home/auro/Auro/install/assessment_interfaces' for CMake config files
[2.312s] Level 1:colcon.colcon_core.shell:create_environment_hook('assessment_interfaces', 'cmake_prefix_path')
[2.312s] INFO:colcon.colcon_core.shell:Creating environment hook '/home/auro/Auro/install/assessment_interfaces/share/assessment_interfaces/hook/cmake_prefix_path.ps1'
[2.314s] DEBUG:colcon.colcon_core.event_handler.log_command:Invoked command in '/home/auro/Auro/build/assessment_interfaces' returned '0': CMAKE_PREFIX_PATH=${CMAKE_PREFIX_PATH}:/home/auro/Auro/install/tf_relay:/home/auro/Auro/install/solution:/home/auro/Auro/install/assessment:/home/auro/turtlebot3_ws/install/turtlebot3_teleop:/home/auro/turtlebot3_ws/install/turtlebot3_example:/opt/ros/humble /usr/bin/cmake --install /home/auro/Auro/build/assessment_interfaces
[2.314s] INFO:colcon.colcon_core.shell:Creating environment descriptor '/home/auro/Auro/install/assessment_interfaces/share/assessment_interfaces/hook/cmake_prefix_path.dsv'
[2.315s] INFO:colcon.colcon_core.shell:Creating environment hook '/home/auro/Auro/install/assessment_interfaces/share/assessment_interfaces/hook/cmake_prefix_path.sh'
[2.316s] Level 1:colcon.colcon_core.environment:checking '/home/auro/Auro/install/assessment_interfaces/lib'
[2.316s] Level 1:colcon.colcon_core.shell:create_environment_hook('assessment_interfaces', 'ld_library_path_lib')
[2.317s] INFO:colcon.colcon_core.shell:Creating environment hook '/home/auro/Auro/install/assessment_interfaces/share/assessment_interfaces/hook/ld_library_path_lib.ps1'
[2.318s] INFO:colcon.colcon_core.shell:Creating environment descriptor '/home/auro/Auro/install/assessment_interfaces/share/assessment_interfaces/hook/ld_library_path_lib.dsv'
[2.318s] INFO:colcon.colcon_core.shell:Creating environment hook '/home/auro/Auro/install/assessment_interfaces/share/assessment_interfaces/hook/ld_library_path_lib.sh'
[2.319s] Level 1:colcon.colcon_core.environment:checking '/home/auro/Auro/install/assessment_interfaces/bin'
[2.319s] Level 1:colcon.colcon_core.environment:checking '/home/auro/Auro/install/assessment_interfaces/lib/pkgconfig/assessment_interfaces.pc'
[2.319s] Level 1:colcon.colcon_core.environment:checking '/home/auro/Auro/install/assessment_interfaces/lib/python3.10/site-packages'
[2.320s] Level 1:colcon.colcon_core.environment:checking '/home/auro/Auro/install/assessment_interfaces/bin'
[2.320s] INFO:colcon.colcon_core.shell:Creating package script '/home/auro/Auro/install/assessment_interfaces/share/assessment_interfaces/package.ps1'
[2.321s] INFO:colcon.colcon_core.shell:Creating package descriptor '/home/auro/Auro/install/assessment_interfaces/share/assessment_interfaces/package.dsv'
[2.322s] INFO:colcon.colcon_core.shell:Creating package script '/home/auro/Auro/install/assessment_interfaces/share/assessment_interfaces/package.sh'
[2.322s] INFO:colcon.colcon_core.shell:Creating package script '/home/auro/Auro/install/assessment_interfaces/share/assessment_interfaces/package.bash'
[2.323s] INFO:colcon.colcon_core.shell:Creating package script '/home/auro/Auro/install/assessment_interfaces/share/assessment_interfaces/package.zsh'
[2.323s] Level 1:colcon.colcon_core.environment:create_file_with_runtime_dependencies(/home/auro/Auro/install/assessment_interfaces/share/colcon-core/packages/assessment_interfaces)
[2.679s] Level 1:colcon.colcon_core.environment:create_environment_scripts_only(auro_interfaces)
[2.680s] Level 1:colcon.colcon_core.environment:checking '/home/auro/Auro/install/auro_interfaces' for CMake module files
[2.681s] Level 1:colcon.colcon_core.environment:checking '/home/auro/Auro/install/auro_interfaces' for CMake config files
[2.682s] Level 1:colcon.colcon_core.shell:create_environment_hook('auro_interfaces', 'cmake_prefix_path')
[2.683s] INFO:colcon.colcon_core.shell:Creating environment hook '/home/auro/Auro/install/auro_interfaces/share/auro_interfaces/hook/cmake_prefix_path.ps1'
[2.683s] INFO:colcon.colcon_core.shell:Creating environment descriptor '/home/auro/Auro/install/auro_interfaces/share/auro_interfaces/hook/cmake_prefix_path.dsv'
[2.685s] INFO:colcon.colcon_core.shell:Creating environment hook '/home/auro/Auro/install/auro_interfaces/share/auro_interfaces/hook/cmake_prefix_path.sh'
[2.686s] Level 1:colcon.colcon_core.environment:checking '/home/auro/Auro/install/auro_interfaces/lib'
[2.686s] Level 1:colcon.colcon_core.shell:create_environment_hook('auro_interfaces', 'ld_library_path_lib')
[2.686s] INFO:colcon.colcon_core.shell:Creating environment hook '/home/auro/Auro/install/auro_interfaces/share/auro_interfaces/hook/ld_library_path_lib.ps1'
[2.687s] INFO:colcon.colcon_core.shell:Creating environment descriptor '/home/auro/Auro/install/auro_interfaces/share/auro_interfaces/hook/ld_library_path_lib.dsv'
[2.688s] INFO:colcon.colcon_core.shell:Creating environment hook '/home/auro/Auro/install/auro_interfaces/share/auro_interfaces/hook/ld_library_path_lib.sh'
[2.690s] Level 1:colcon.colcon_core.environment:checking '/home/auro/Auro/install/auro_interfaces/bin'
[2.690s] Level 1:colcon.colcon_core.environment:checking '/home/auro/Auro/install/auro_interfaces/lib/pkgconfig/auro_interfaces.pc'
[2.690s] Level 1:colcon.colcon_core.environment:checking '/home/auro/Auro/install/auro_interfaces/lib/python3.10/site-packages'
[2.690s] Level 1:colcon.colcon_core.environment:checking '/home/auro/Auro/install/auro_interfaces/bin'
[2.691s] INFO:colcon.colcon_core.shell:Creating package script '/home/auro/Auro/install/auro_interfaces/share/auro_interfaces/package.ps1'
[2.692s] INFO:colcon.colcon_core.shell:Creating package descriptor '/home/auro/Auro/install/auro_interfaces/share/auro_interfaces/package.dsv'
[2.693s] INFO:colcon.colcon_core.shell:Creating package script '/home/auro/Auro/install/auro_interfaces/share/auro_interfaces/package.sh'
[2.694s] INFO:colcon.colcon_core.shell:Creating package script '/home/auro/Auro/install/auro_interfaces/share/auro_interfaces/package.bash'
[2.695s] INFO:colcon.colcon_core.shell:Creating package script '/home/auro/Auro/install/auro_interfaces/share/auro_interfaces/package.zsh'
[2.696s] Level 1:colcon.colcon_core.environment:create_file_with_runtime_dependencies(/home/auro/Auro/install/auro_interfaces/share/colcon-core/packages/auro_interfaces)
[2.698s] INFO:colcon.colcon_ros.task.ament_python.build:Building ROS package in '/home/auro/Auro/assessment' with build type 'ament_python'
[2.698s] Level 1:colcon.colcon_core.shell:create_environment_hook('assessment', 'ament_prefix_path')
[2.698s] INFO:colcon.colcon_core.shell:Creating environment hook '/home/auro/Auro/install/assessment/share/assessment/hook/ament_prefix_path.ps1'
[2.699s] INFO:colcon.colcon_core.shell:Creating environment descriptor '/home/auro/Auro/install/assessment/share/assessment/hook/ament_prefix_path.dsv'
[2.699s] INFO:colcon.colcon_core.shell:Creating environment hook '/home/auro/Auro/install/assessment/share/assessment/hook/ament_prefix_path.sh'
[2.702s] INFO:colcon.colcon_core.shell:Skip shell extension 'powershell' for command environment: Not usable outside of PowerShell
[2.702s] DEBUG:colcon.colcon_core.shell:Skip shell extension 'dsv' for command environment
[2.720s] Level 1:colcon.colcon_core.environment:create_environment_scripts_only(assessment_interfaces)
[2.721s] Level 1:colcon.colcon_core.environment:checking '/home/auro/Auro/install/assessment_interfaces' for CMake module files
[2.722s] Level 1:colcon.colcon_core.environment:checking '/home/auro/Auro/install/assessment_interfaces' for CMake config files
[2.724s] Level 1:colcon.colcon_core.shell:create_environment_hook('assessment_interfaces', 'cmake_prefix_path')
[2.724s] INFO:colcon.colcon_core.shell:Creating environment hook '/home/auro/Auro/install/assessment_interfaces/share/assessment_interfaces/hook/cmake_prefix_path.ps1'
[2.725s] INFO:colcon.colcon_core.shell:Creating environment descriptor '/home/auro/Auro/install/assessment_interfaces/share/assessment_interfaces/hook/cmake_prefix_path.dsv'
[2.726s] INFO:colcon.colcon_core.shell:Creating environment hook '/home/auro/Auro/install/assessment_interfaces/share/assessment_interfaces/hook/cmake_prefix_path.sh'
[2.727s] Level 1:colcon.colcon_core.environment:checking '/home/auro/Auro/install/assessment_interfaces/lib'
[2.727s] Level 1:colcon.colcon_core.shell:create_environment_hook('assessment_interfaces', 'ld_library_path_lib')
[2.727s] INFO:colcon.colcon_core.shell:Creating environment hook '/home/auro/Auro/install/assessment_interfaces/share/assessment_interfaces/hook/ld_library_path_lib.ps1'
[2.728s] INFO:colcon.colcon_core.shell:Creating environment descriptor '/home/auro/Auro/install/assessment_interfaces/share/assessment_interfaces/hook/ld_library_path_lib.dsv'
[2.728s] INFO:colcon.colcon_core.shell:Creating environment hook '/home/auro/Auro/install/assessment_interfaces/share/assessment_interfaces/hook/ld_library_path_lib.sh'
[2.729s] Level 1:colcon.colcon_core.environment:checking '/home/auro/Auro/install/assessment_interfaces/bin'
[2.729s] Level 1:colcon.colcon_core.environment:checking '/home/auro/Auro/install/assessment_interfaces/lib/pkgconfig/assessment_interfaces.pc'
[2.730s] Level 1:colcon.colcon_core.environment:checking '/home/auro/Auro/install/assessment_interfaces/lib/python3.10/site-packages'
[2.730s] Level 1:colcon.colcon_core.environment:checking '/home/auro/Auro/install/assessment_interfaces/bin'
[2.730s] INFO:colcon.colcon_core.shell:Creating package script '/home/auro/Auro/install/assessment_interfaces/share/assessment_interfaces/package.ps1'
[2.731s] INFO:colcon.colcon_core.shell:Creating package descriptor '/home/auro/Auro/install/assessment_interfaces/share/assessment_interfaces/package.dsv'
[2.732s] INFO:colcon.colcon_core.shell:Creating package script '/home/auro/Auro/install/assessment_interfaces/share/assessment_interfaces/package.sh'
[2.734s] INFO:colcon.colcon_core.shell:Creating package script '/home/auro/Auro/install/assessment_interfaces/share/assessment_interfaces/package.bash'
[2.735s] INFO:colcon.colcon_core.shell:Creating package script '/home/auro/Auro/install/assessment_interfaces/share/assessment_interfaces/package.zsh'
[2.736s] Level 1:colcon.colcon_core.environment:create_file_with_runtime_dependencies(/home/auro/Auro/install/assessment_interfaces/share/colcon-core/packages/assessment_interfaces)
[3.077s] INFO:colcon.colcon_core.task.python.build:Building Python package in '/home/auro/Auro/assessment'
[3.077s] INFO:colcon.colcon_core.shell:Skip shell extension 'powershell' for command environment: Not usable outside of PowerShell
[3.077s] DEBUG:colcon.colcon_core.shell:Skip shell extension 'dsv' for command environment
[3.085s] Level 1:colcon.colcon_core.shell:create_environment_hook('tf_relay', 'pythonpath_develop')
[3.086s] INFO:colcon.colcon_core.shell:Creating environment hook '/home/auro/Auro/build/tf_relay/share/tf_relay/hook/pythonpath_develop.ps1'
[3.087s] DEBUG:colcon.colcon_core.event_handler.log_command:Invoked command in '/home/auro/Auro/build/tf_relay' returned '0': PYTHONPATH=/home/auro/Auro/build/tf_relay/prefix_override:/usr/lib/python3/dist-packages/colcon_core/task/python/colcon_distutils_commands:/home/auro/Auro/install/tf_relay/lib/python3.10/site-packages:${PYTHONPATH} /usr/bin/python3 -W ignore:setup.py install is deprecated setup.py develop --editable --build-directory /home/auro/Auro/build/tf_relay/build --no-deps symlink_data
[3.087s] INFO:colcon.colcon_core.shell:Creating environment descriptor '/home/auro/Auro/build/tf_relay/share/tf_relay/hook/pythonpath_develop.dsv'
[3.088s] INFO:colcon.colcon_core.shell:Creating environment hook '/home/auro/Auro/build/tf_relay/share/tf_relay/hook/pythonpath_develop.sh'
[3.088s] Level 1:colcon.colcon_core.environment:checking '/home/auro/Auro/install/tf_relay' for CMake module files
[3.089s] Level 1:colcon.colcon_core.environment:checking '/home/auro/Auro/install/tf_relay' for CMake config files
[3.089s] Level 1:colcon.colcon_core.environment:checking '/home/auro/Auro/install/tf_relay/lib'
[3.090s] Level 1:colcon.colcon_core.environment:checking '/home/auro/Auro/install/tf_relay/bin'
[3.090s] Level 1:colcon.colcon_core.environment:checking '/home/auro/Auro/install/tf_relay/lib/pkgconfig/tf_relay.pc'
[3.090s] Level 1:colcon.colcon_core.environment:checking '/home/auro/Auro/install/tf_relay/lib/python3.10/site-packages'
[3.090s] Level 1:colcon.colcon_core.shell:create_environment_hook('tf_relay', 'pythonpath')
[3.090s] INFO:colcon.colcon_core.shell:Creating environment hook '/home/auro/Auro/install/tf_relay/share/tf_relay/hook/pythonpath.ps1'
[3.091s] INFO:colcon.colcon_core.shell:Creating environment descriptor '/home/auro/Auro/install/tf_relay/share/tf_relay/hook/pythonpath.dsv'
[3.092s] INFO:colcon.colcon_core.shell:Creating environment hook '/home/auro/Auro/install/tf_relay/share/tf_relay/hook/pythonpath.sh'
[3.092s] Level 1:colcon.colcon_core.environment:checking '/home/auro/Auro/install/tf_relay/bin'
[3.092s] Level 1:colcon.colcon_core.environment:create_environment_scripts_only(tf_relay)
[3.093s] INFO:colcon.colcon_core.shell:Creating package script '/home/auro/Auro/install/tf_relay/share/tf_relay/package.ps1'
[3.094s] INFO:colcon.colcon_core.shell:Creating package descriptor '/home/auro/Auro/install/tf_relay/share/tf_relay/package.dsv'
[3.094s] INFO:colcon.colcon_core.shell:Creating package script '/home/auro/Auro/install/tf_relay/share/tf_relay/package.sh'
[3.095s] INFO:colcon.colcon_core.shell:Creating package script '/home/auro/Auro/install/tf_relay/share/tf_relay/package.bash'
[3.096s] INFO:colcon.colcon_core.shell:Creating package script '/home/auro/Auro/install/tf_relay/share/tf_relay/package.zsh'
[3.096s] Level 1:colcon.colcon_core.environment:create_file_with_runtime_dependencies(/home/auro/Auro/install/tf_relay/share/colcon-core/packages/tf_relay)
[3.096s] Level 1:colcon.colcon_core.shell:create_environment_hook('solution', 'pythonpath_develop')
[3.097s] INFO:colcon.colcon_core.shell:Creating environment hook '/home/auro/Auro/build/solution/share/solution/hook/pythonpath_develop.ps1'
[3.098s] DEBUG:colcon.colcon_core.event_handler.log_command:Invoked command in '/home/auro/Auro/build/solution' returned '0': PYTHONPATH=/home/auro/Auro/build/solution/prefix_override:/usr/lib/python3/dist-packages/colcon_core/task/python/colcon_distutils_commands:/home/auro/Auro/install/solution/lib/python3.10/site-packages:${PYTHONPATH} /usr/bin/python3 -W ignore:setup.py install is deprecated setup.py develop --editable --build-directory /home/auro/Auro/build/solution/build --no-deps symlink_data
[3.101s] INFO:colcon.colcon_core.shell:Creating environment descriptor '/home/auro/Auro/build/solution/share/solution/hook/pythonpath_develop.dsv'
[3.102s] INFO:colcon.colcon_core.shell:Creating environment hook '/home/auro/Auro/build/solution/share/solution/hook/pythonpath_develop.sh'
[3.103s] Level 1:colcon.colcon_core.environment:checking '/home/auro/Auro/install/solution' for CMake module files
[3.104s] Level 1:colcon.colcon_core.environment:checking '/home/auro/Auro/install/solution' for CMake config files
[3.105s] Level 1:colcon.colcon_core.environment:checking '/home/auro/Auro/install/solution/lib'
[3.105s] Level 1:colcon.colcon_core.environment:checking '/home/auro/Auro/install/solution/bin'
[3.105s] Level 1:colcon.colcon_core.environment:checking '/home/auro/Auro/install/solution/lib/pkgconfig/solution.pc'
[3.105s] Level 1:colcon.colcon_core.environment:checking '/home/auro/Auro/install/solution/lib/python3.10/site-packages'
[3.105s] Level 1:colcon.colcon_core.shell:create_environment_hook('solution', 'pythonpath')
[3.105s] INFO:colcon.colcon_core.shell:Creating environment hook '/home/auro/Auro/install/solution/share/solution/hook/pythonpath.ps1'
[3.106s] INFO:colcon.colcon_core.shell:Creating environment descriptor '/home/auro/Auro/install/solution/share/solution/hook/pythonpath.dsv'
[3.107s] INFO:colcon.colcon_core.shell:Creating environment hook '/home/auro/Auro/install/solution/share/solution/hook/pythonpath.sh'
[3.107s] Level 1:colcon.colcon_core.environment:checking '/home/auro/Auro/install/solution/bin'
[3.108s] Level 1:colcon.colcon_core.environment:create_environment_scripts_only(solution)
[3.108s] INFO:colcon.colcon_core.shell:Creating package script '/home/auro/Auro/install/solution/share/solution/package.ps1'
[3.109s] INFO:colcon.colcon_core.shell:Creating package descriptor '/home/auro/Auro/install/solution/share/solution/package.dsv'
[3.110s] INFO:colcon.colcon_core.shell:Creating package script '/home/auro/Auro/install/solution/share/solution/package.sh'
[3.111s] INFO:colcon.colcon_core.shell:Creating package script '/home/auro/Auro/install/solution/share/solution/package.bash'
[3.111s] INFO:colcon.colcon_core.shell:Creating package script '/home/auro/Auro/install/solution/share/solution/package.zsh'
[3.112s] Level 1:colcon.colcon_core.environment:create_file_with_runtime_dependencies(/home/auro/Auro/install/solution/share/colcon-core/packages/solution)
[3.600s] DEBUG:colcon.colcon_core.event_handler.log_command:Invoking command in '/home/auro/Auro/build/assessment': LD_LIBRARY_PATH=/home/auro/Auro/install/auro_interfaces/lib:/home/auro/Auro/install/assessment_interfaces/lib:/home/auro/turtlebot3_ws/install/turtlebot3_msgs/lib:/home/auro/turtlebot3_ws/install/dynamixel_sdk_custom_interfaces/lib:/home/auro/turtlebot3_ws/install/dynamixel_sdk/lib:/usr/lib/x86_64-linux-gnu/gazebo-11/plugins:/opt/ros/humble/opt/rviz_ogre_vendor/lib:/opt/ros/humble/lib/x86_64-linux-gnu:/opt/ros/humble/lib:/usr/lib/x86_64-linux-gnu/gazebo-11/plugins PYTHONPATH=/home/auro/Auro/build/assessment/prefix_override:/usr/lib/python3/dist-packages/colcon_core/task/python/colcon_distutils_commands:/home/auro/Auro/install/assessment/lib/python3.10/site-packages:${PYTHONPATH} /usr/bin/python3 -W ignore:setup.py install is deprecated setup.py develop --editable --build-directory /home/auro/Auro/build/assessment/build --no-deps symlink_data
[4.212s] Level 1:colcon.colcon_core.shell:create_environment_hook('assessment', 'pythonpath_develop')
[4.213s] DEBUG:colcon.colcon_core.event_handler.log_command:Invoked command in '/home/auro/Auro/build/assessment' returned '0': LD_LIBRARY_PATH=/home/auro/Auro/install/auro_interfaces/lib:/home/auro/Auro/install/assessment_interfaces/lib:/home/auro/turtlebot3_ws/install/turtlebot3_msgs/lib:/home/auro/turtlebot3_ws/install/dynamixel_sdk_custom_interfaces/lib:/home/auro/turtlebot3_ws/install/dynamixel_sdk/lib:/usr/lib/x86_64-linux-gnu/gazebo-11/plugins:/opt/ros/humble/opt/rviz_ogre_vendor/lib:/opt/ros/humble/lib/x86_64-linux-gnu:/opt/ros/humble/lib:/usr/lib/x86_64-linux-gnu/gazebo-11/plugins PYTHONPATH=/home/auro/Auro/build/assessment/prefix_override:/usr/lib/python3/dist-packages/colcon_core/task/python/colcon_distutils_commands:/home/auro/Auro/install/assessment/lib/python3.10/site-packages:${PYTHONPATH} /usr/bin/python3 -W ignore:setup.py install is deprecated setup.py develop --editable --build-directory /home/auro/Auro/build/assessment/build --no-deps symlink_data
[4.214s] INFO:colcon.colcon_core.shell:Creating environment hook '/home/auro/Auro/build/assessment/share/assessment/hook/pythonpath_develop.ps1'
[4.214s] INFO:colcon.colcon_core.shell:Creating environment descriptor '/home/auro/Auro/build/assessment/share/assessment/hook/pythonpath_develop.dsv'
[4.215s] INFO:colcon.colcon_core.shell:Creating environment hook '/home/auro/Auro/build/assessment/share/assessment/hook/pythonpath_develop.sh'
[4.216s] Level 1:colcon.colcon_core.environment:checking '/home/auro/Auro/install/assessment' for CMake module files
[4.216s] Level 1:colcon.colcon_core.environment:checking '/home/auro/Auro/install/assessment' for CMake config files
[4.217s] Level 1:colcon.colcon_core.environment:checking '/home/auro/Auro/install/assessment/lib'
[4.217s] Level 1:colcon.colcon_core.environment:checking '/home/auro/Auro/install/assessment/bin'
[4.217s] Level 1:colcon.colcon_core.environment:checking '/home/auro/Auro/install/assessment/lib/pkgconfig/assessment.pc'
[4.218s] Level 1:colcon.colcon_core.environment:checking '/home/auro/Auro/install/assessment/lib/python3.10/site-packages'
[4.218s] Level 1:colcon.colcon_core.shell:create_environment_hook('assessment', 'pythonpath')
[4.218s] INFO:colcon.colcon_core.shell:Creating environment hook '/home/auro/Auro/install/assessment/share/assessment/hook/pythonpath.ps1'
[4.218s] INFO:colcon.colcon_core.shell:Creating environment descriptor '/home/auro/Auro/install/assessment/share/assessment/hook/pythonpath.dsv'
[4.219s] INFO:colcon.colcon_core.shell:Creating environment hook '/home/auro/Auro/install/assessment/share/assessment/hook/pythonpath.sh'
[4.220s] Level 1:colcon.colcon_core.environment:checking '/home/auro/Auro/install/assessment/bin'
[4.220s] Level 1:colcon.colcon_core.environment:create_environment_scripts_only(assessment)
[4.220s] INFO:colcon.colcon_core.shell:Creating package script '/home/auro/Auro/install/assessment/share/assessment/package.ps1'
[4.221s] INFO:colcon.colcon_core.shell:Creating package descriptor '/home/auro/Auro/install/assessment/share/assessment/package.dsv'
[4.221s] INFO:colcon.colcon_core.shell:Creating package script '/home/auro/Auro/install/assessment/share/assessment/package.sh'
[4.222s] INFO:colcon.colcon_core.shell:Creating package script '/home/auro/Auro/install/assessment/share/assessment/package.bash'
[4.222s] INFO:colcon.colcon_core.shell:Creating package script '/home/auro/Auro/install/assessment/share/assessment/package.zsh'
[4.223s] Level 1:colcon.colcon_core.environment:create_file_with_runtime_dependencies(/home/auro/Auro/install/assessment/share/colcon-core/packages/assessment)
[4.224s] DEBUG:colcon.colcon_parallel_executor.executor.parallel:closing loop
[4.225s] DEBUG:colcon.colcon_parallel_executor.executor.parallel:loop closed
[4.225s] DEBUG:colcon.colcon_parallel_executor.executor.parallel:run_until_complete finished with '0'
[4.225s] DEBUG:colcon.colcon_core.event_reactor:joining thread
[4.233s] INFO:colcon.colcon_core.plugin_system:Skipping extension 'colcon_notification.desktop_notification.terminal_notifier': Not used on non-Darwin systems
[4.233s] INFO:colcon.colcon_core.plugin_system:Skipping extension 'colcon_notification.desktop_notification.win32': Not used on non-Windows systems
[4.233s] INFO:colcon.colcon_notification.desktop_notification:Sending desktop notification using 'notify2'
[4.249s] DEBUG:colcon.colcon_core.event_reactor:joined thread
[4.250s] INFO:colcon.colcon_core.shell:Creating prefix script '/home/auro/Auro/install/local_setup.ps1'
[4.251s] INFO:colcon.colcon_core.shell:Creating prefix util module '/home/auro/Auro/install/_local_setup_util_ps1.py'
[4.253s] INFO:colcon.colcon_core.shell:Creating prefix chain script '/home/auro/Auro/install/setup.ps1'
[4.255s] INFO:colcon.colcon_core.shell:Creating prefix script '/home/auro/Auro/install/local_setup.sh'
[4.256s] INFO:colcon.colcon_core.shell:Creating prefix util module '/home/auro/Auro/install/_local_setup_util_sh.py'
[4.257s] INFO:colcon.colcon_core.shell:Creating prefix chain script '/home/auro/Auro/install/setup.sh'
[4.259s] INFO:colcon.colcon_core.shell:Creating prefix script '/home/auro/Auro/install/local_setup.bash'
[4.260s] INFO:colcon.colcon_core.shell:Creating prefix chain script '/home/auro/Auro/install/setup.bash'
[4.264s] INFO:colcon.colcon_core.shell:Creating prefix script '/home/auro/Auro/install/local_setup.zsh'
[4.265s] INFO:colcon.colcon_core.shell:Creating prefix chain script '/home/auro/Auro/install/setup.zsh'
