[2.232s] Invoking command in '/home/auro/Auro/build/solution': PYTHONPATH=/home/auro/Auro/build/solution/prefix_override:/usr/lib/python3/dist-packages/colcon_core/task/python/colcon_distutils_commands:/home/auro/Auro/install/solution/lib/python3.10/site-packages:${PYTHONPATH} /usr/bin/python3 -W ignore:setup.py install is deprecated setup.py develop --editable --build-directory /home/auro/Auro/build/solution/build --no-deps symlink_data
[2.702s] running develop
[2.992s] running egg_info
[2.993s] writing solution.egg-info/PKG-INFO
[2.994s] writing dependency_links to solution.egg-info/dependency_links.txt
[2.994s] writing entry points to solution.egg-info/entry_points.txt
[2.994s] writing requirements to solution.egg-info/requires.txt
[2.995s] writing top-level names to solution.egg-info/top_level.txt
[2.999s] reading manifest file 'solution.egg-info/SOURCES.txt'
[3.001s] writing manifest file 'solution.egg-info/SOURCES.txt'
[3.004s] running build_ext
[3.004s] Creating /home/auro/Auro/install/solution/lib/python3.10/site-packages/solution.egg-link (link to .)
[3.006s] Installing collision_avoidance script to /home/auro/Auro/install/solution/lib/solution
[3.007s] Installing data_logger script to /home/auro/Auro/install/solution/lib/solution
[3.007s] Installing robot_controller script to /home/auro/Auro/install/solution/lib/solution
[3.008s] Installing robot_manager script to /home/auro/Auro/install/solution/lib/solution
[3.008s] Installing robot_vision script to /home/auro/Auro/install/solution/lib/solution
[3.009s] 
[3.009s] Installed /home/auro/Auro/build/solution
[3.009s] running symlink_data
[3.407s] Invoked command in '/home/auro/Auro/build/solution' returned '0': PYTHONPATH=/home/auro/Auro/build/solution/prefix_override:/usr/lib/python3/dist-packages/colcon_core/task/python/colcon_distutils_commands:/home/auro/Auro/install/solution/lib/python3.10/site-packages:${PYTHONPATH} /usr/bin/python3 -W ignore:setup.py install is deprecated setup.py develop --editable --build-directory /home/auro/Auro/build/solution/build --no-deps symlink_data
